日志级别:[info]
日志位置:Git.Framework.Resource.ResourceManager
日志时间:2018/12/7 17:38:23
日志内容:FilePath:C:\01WebSite\GitA021MVC5仓库管理系统\Configs\Data\DbCommandFiles.config

日志级别:[info]
日志位置:Git.Framework.Resource.ResourceManager
日志时间:2018/12/7 17:38:23
日志内容:反序列化:C:\01WebSite\GitA021MVC5仓库管理系统\Configs\Data\DbCommandFiles.config

日志级别:[info]
日志位置:Git.Framework.Resource.ResourceManager
日志时间:2018/12/7 17:38:23
日志内容:config files length:2

日志级别:[info]
日志位置:Git.Framework.Resource.ResourceManager
日志时间:2018/12/7 17:38:23
日志内容:fileName:C:\01WebSite\GitA021MVC5仓库管理系统\Configs\Data\DbCommonCommand.config

日志级别:[info]
日志位置:Git.Framework.Resource.ResourceManager
日志时间:2018/12/7 17:38:23
日志内容:反序列化:C:\01WebSite\GitA021MVC5仓库管理系统\Configs\Data\DbCommonCommand.config

日志级别:[info]
日志位置:Git.Framework.Resource.ResourceManager
日志时间:2018/12/7 17:38:23
日志内容:fileName:C:\01WebSite\GitA021MVC5仓库管理系统\Configs\Data\DbReportCommand.config

日志级别:[info]
日志位置:Git.Framework.Resource.ResourceManager
日志时间:2018/12/7 17:38:23
日志内容:反序列化:C:\01WebSite\GitA021MVC5仓库管理系统\Configs\Data\DbReportCommand.config

日志级别:[info]
日志位置:Git.Framework.Resource.ResourceManager
日志时间:2018/12/7 17:38:23
日志内容:databaseFolder:C:\01WebSite\GitA021MVC5仓库管理系统\Configs\Data

日志级别:[info]
日志位置:Git.Framework.Resource.ResourceManager
日志时间:2018/12/7 17:38:23
日志内容:databaseFile:Database.config

日志级别:[info]
日志位置:Git.Framework.Resource.ResourceManager
日志时间:2018/12/7 17:38:23
日志内容:反序列化:C:\01WebSite\GitA021MVC5仓库管理系统\Configs\Data\Database.config

日志级别:[info]
日志位置:Git.Framework.Resource.ResourceManager
日志时间:2018/12/7 17:38:23
日志内容:instance.ConnectionString:Server=.;database=JooWMS;user id=sa;Password=lvcc

日志级别:[info]
日志位置:Git.Framework.Resource.ResourceManager
日志时间:2018/12/7 17:38:23
日志内容: SQL: SELECT COUNT(*) FROM [dbo].[Sequence] AS t0   WHERE t0.[TabName]=@0_t0_TabName

日志级别:[info]
日志位置:Git.Framework.Resource.ResourceManager
日志时间:2018/12/7 17:38:23
日志内容: SQL: SELECT COUNT(*) FROM [dbo].[Sequence] AS t0   WHERE t0.[TabName]=@0_t0_TabName

日志级别:[info]
日志位置:Git.Framework.Resource.ResourceManager
日志时间:2018/12/7 17:38:23
日志内容: SQL: SELECT COUNT(*) FROM [dbo].[Sequence] AS t0   WHERE t0.[TabName]=@0_t0_TabName

日志级别:[info]
日志位置:Git.Framework.Resource.ResourceManager
日志时间:2018/12/7 17:38:23
日志内容: SQL: SELECT COUNT(*) FROM [dbo].[Sequence] AS t0   WHERE t0.[TabName]=@0_t0_TabName

日志级别:[info]
日志位置:Git.Framework.Resource.ResourceManager
日志时间:2018/12/7 17:38:23
日志内容: SQL: SELECT COUNT(*) FROM [dbo].[Sequence] AS t0   WHERE t0.[TabName]=@0_t0_TabName

日志级别:[info]
日志位置:Git.Framework.Resource.ResourceManager
日志时间:2018/12/7 17:38:23
日志内容: SQL: SELECT COUNT(*) FROM [dbo].[Sequence] AS t0   WHERE t0.[TabName]=@0_t0_TabName

日志级别:[info]
日志位置:Git.Framework.Resource.ResourceManager
日志时间:2018/12/7 17:38:23
日志内容: SQL: SELECT COUNT(*) FROM [dbo].[Sequence] AS t0   WHERE t0.[TabName]=@0_t0_TabName

日志级别:[info]
日志位置:Git.Framework.Resource.ResourceManager
日志时间:2018/12/7 17:38:23
日志内容: SQL: SELECT COUNT(*) FROM [dbo].[Sequence] AS t0   WHERE t0.[TabName]=@0_t0_TabName

日志级别:[info]
日志位置:Git.Framework.Resource.ResourceManager
日志时间:2018/12/7 17:38:23
日志内容: SQL: SELECT COUNT(*) FROM [dbo].[Sequence] AS t0   WHERE t0.[TabName]=@0_t0_TabName

日志级别:[info]
日志位置:Git.Framework.Resource.ResourceManager
日志时间:2018/12/7 17:38:23
日志内容: SQL: SELECT COUNT(*) FROM [dbo].[Sequence] AS t0   WHERE t0.[TabName]=@0_t0_TabName

日志级别:[info]
日志位置:Git.Framework.Resource.ResourceManager
日志时间:2018/12/7 17:38:23
日志内容: SQL: SELECT COUNT(*) FROM [dbo].[Sequence] AS t0   WHERE t0.[TabName]=@0_t0_TabName

日志级别:[info]
日志位置:Git.Framework.Resource.ResourceManager
日志时间:2018/12/7 17:38:23
日志内容: SQL: SELECT COUNT(*) FROM [dbo].[Sequence] AS t0   WHERE t0.[TabName]=@0_t0_TabName

日志级别:[info]
日志位置:Git.Framework.Resource.ResourceManager
日志时间:2018/12/7 17:38:23
日志内容: SQL: SELECT COUNT(*) FROM [dbo].[Sequence] AS t0   WHERE t0.[TabName]=@0_t0_TabName

日志级别:[info]
日志位置:Git.Framework.Resource.ResourceManager
日志时间:2018/12/7 17:38:23
日志内容: SQL: SELECT COUNT(*) FROM [dbo].[Sequence] AS t0   WHERE t0.[TabName]=@0_t0_TabName

日志级别:[info]
日志位置:Git.Framework.Resource.ResourceManager
日志时间:2018/12/7 17:38:23
日志内容: SQL: SELECT COUNT(*) FROM [dbo].[Sequence] AS t0   WHERE t0.[TabName]=@0_t0_TabName

日志级别:[info]
日志位置:Git.Framework.Resource.ResourceManager
日志时间:2018/12/7 17:38:23
日志内容: SQL: SELECT COUNT(*) FROM [dbo].[Sequence] AS t0   WHERE t0.[TabName]=@0_t0_TabName

日志级别:[info]
日志位置:Git.Framework.Resource.ResourceManager
日志时间:2018/12/7 17:38:23
日志内容: SQL: SELECT COUNT(*) FROM [dbo].[Sequence] AS t0   WHERE t0.[TabName]=@0_t0_TabName

日志级别:[info]
日志位置:Git.Framework.Resource.ResourceManager
日志时间:2018/12/7 17:38:23
日志内容: SQL: SELECT COUNT(*) FROM [dbo].[Sequence] AS t0   WHERE t0.[TabName]=@0_t0_TabName

日志级别:[info]
日志位置:Git.Framework.Resource.ResourceManager
日志时间:2018/12/7 17:38:23
日志内容: SQL: SELECT COUNT(*) FROM [dbo].[Sequence] AS t0   WHERE t0.[TabName]=@0_t0_TabName

日志级别:[info]
日志位置:Git.Framework.Resource.ResourceManager
日志时间:2018/12/7 17:38:23
日志内容: SQL: SELECT COUNT(*) FROM [dbo].[Sequence] AS t0   WHERE t0.[TabName]=@0_t0_TabName

日志级别:[info]
日志位置:Git.Framework.Resource.ResourceManager
日志时间:2018/12/7 17:38:23
日志内容: SQL: SELECT COUNT(*) FROM [dbo].[Sequence] AS t0   WHERE t0.[TabName]=@0_t0_TabName

日志级别:[info]
日志位置:Git.Framework.Resource.ResourceManager
日志时间:2018/12/7 17:38:23
日志内容: SQL: SELECT COUNT(*) FROM [dbo].[Sequence] AS t0   WHERE t0.[TabName]=@0_t0_TabName

日志级别:[info]
日志位置:Git.Framework.Resource.ResourceManager
日志时间:2018/12/7 17:38:23
日志内容: SQL: SELECT COUNT(*) FROM [dbo].[Sequence] AS t0   WHERE t0.[TabName]=@0_t0_TabName

日志级别:[info]
日志位置:Git.Framework.Resource.ResourceManager
日志时间:2018/12/7 17:38:23
日志内容: SQL: SELECT COUNT(*) FROM [dbo].[Sequence] AS t0   WHERE t0.[TabName]=@0_t0_TabName

日志级别:[info]
日志位置:Git.Framework.Resource.ResourceManager
日志时间:2018/12/7 17:38:23
日志内容: SQL: SELECT COUNT(*) FROM [dbo].[Sequence] AS t0   WHERE t0.[TabName]=@0_t0_TabName

日志级别:[info]
日志位置:Git.Framework.Resource.ResourceManager
日志时间:2018/12/7 17:38:23
日志内容: SQL: SELECT COUNT(*) FROM [dbo].[Sequence] AS t0   WHERE t0.[TabName]=@0_t0_TabName

日志级别:[info]
日志位置:Git.Framework.Resource.ResourceManager
日志时间:2018/12/7 17:38:23
日志内容: SQL: SELECT COUNT(*) FROM [dbo].[Sequence] AS t0   WHERE t0.[TabName]=@0_t0_TabName

日志级别:[info]
日志位置:Git.Framework.Resource.ResourceManager
日志时间:2018/12/7 17:38:23
日志内容: SQL: SELECT COUNT(*) FROM [dbo].[Sequence] AS t0   WHERE t0.[TabName]=@0_t0_TabName

日志级别:[info]
日志位置:Git.Framework.Resource.ResourceManager
日志时间:2018/12/7 17:38:23
日志内容: SQL: SELECT COUNT(*) FROM [dbo].[Sequence] AS t0   WHERE t0.[TabName]=@0_t0_TabName

日志级别:[info]
日志位置:Git.Framework.Resource.ResourceManager
日志时间:2018/12/7 17:38:23
日志内容: SQL: SELECT COUNT(*) FROM [dbo].[Sequence] AS t0   WHERE t0.[TabName]=@0_t0_TabName

日志级别:[info]
日志位置:Git.Framework.Resource.ResourceManager
日志时间:2018/12/7 17:38:23
日志内容: SQL: SELECT COUNT(*) FROM [dbo].[Sequence] AS t0   WHERE t0.[TabName]=@0_t0_TabName

日志级别:[info]
日志位置:Git.Framework.Resource.ResourceManager
日志时间:2018/12/7 17:38:23
日志内容: SQL: SELECT COUNT(*) FROM [dbo].[Sequence] AS t0   WHERE t0.[TabName]=@0_t0_TabName

日志级别:[info]
日志位置:Git.Framework.Resource.ResourceManager
日志时间:2018/12/7 17:38:23
日志内容: SQL: SELECT COUNT(*) FROM [dbo].[Sequence] AS t0   WHERE t0.[TabName]=@0_t0_TabName

日志级别:[info]
日志位置:Git.Framework.Resource.ResourceManager
日志时间:2018/12/7 17:38:23
日志内容: SQL: SELECT COUNT(*) FROM [dbo].[Sequence] AS t0   WHERE t0.[TabName]=@0_t0_TabName

日志级别:[info]
日志位置:Git.Framework.Resource.ResourceManager
日志时间:2018/12/7 17:38:23
日志内容: SQL: SELECT COUNT(*) FROM [dbo].[Sequence] AS t0   WHERE t0.[TabName]=@0_t0_TabName

日志级别:[info]
日志位置:Git.Framework.Resource.ResourceManager
日志时间:2018/12/7 17:38:23
日志内容: SQL: SELECT COUNT(*) FROM [dbo].[Sequence] AS t0   WHERE t0.[TabName]=@0_t0_TabName

日志级别:[info]
日志位置:Git.Framework.Resource.ResourceManager
日志时间:2018/12/7 17:38:24
日志内容: SQL: SELECT * FROM [dbo].[Storage]

日志级别:[info]
日志位置:Git.Framework.Resource.ResourceManager
日志时间:2018/12/7 17:38:40
日志内容: SQL: SELECT t0.[ID],t0.[UserName],t0.[PassWord],t0.[UserCode],t0.[RealName],t0.[Email],t0.[Mobile],t0.[Phone],t0.[CreateTime],t0.[CreateIp],t0.[CreateUser],t0.[LoginCount],t0.[Picture],t0.[UpdateTime],t0.[IsDelete],t0.[Status],t0.[DepartNum],t0.[ParentCode],t0.[RoleNum],t0.[Remark],t1.[RoleName] AS RoleName FROM [dbo].[Admin] AS t0  LEFT JOIN [dbo].[SysRole] AS t1 ON  t0.[RoleNum]=t1.[RoleNum]  WHERE t0.[UserName]=@0_t0_UserName AND t0.[PassWord]=@1_t0_PassWord 

日志级别:[info]
日志位置:Git.Framework.Resource.ResourceManager
日志时间:2018/12/7 17:38:47
日志内容: SQL: SELECT t0.[ID],t0.[UserName],t0.[PassWord],t0.[UserCode],t0.[RealName],t0.[Email],t0.[Mobile],t0.[Phone],t0.[CreateTime],t0.[CreateIp],t0.[CreateUser],t0.[LoginCount],t0.[Picture],t0.[UpdateTime],t0.[IsDelete],t0.[Status],t0.[DepartNum],t0.[ParentCode],t0.[RoleNum],t0.[Remark],t1.[RoleName] AS RoleName FROM [dbo].[Admin] AS t0  LEFT JOIN [dbo].[SysRole] AS t1 ON  t0.[RoleNum]=t1.[RoleNum]  WHERE t0.[UserName]=@0_t0_UserName AND t0.[PassWord]=@1_t0_PassWord 

日志级别:[info]
日志位置:Git.Framework.Resource.ResourceManager
日志时间:2018/12/7 17:38:47
日志内容: SQL :UPDATE [dbo].[Admin] SET [LoginCount]=@LoginCount  WHERE Admin.[UserCode]=@0_Admin_UserCode

日志级别:[info]
日志位置:Git.Framework.Resource.ResourceManager
日志时间:2018/12/7 17:38:47
日志内容: SQL :UPDATE [dbo].[Admin] SET [LoginCount]=@LoginCount  WHERE Admin.[UserName]=@0_Admin_UserName AND Admin.[PassWord]=@1_Admin_PassWord

日志级别:[info]
日志位置:Git.Framework.Resource.ResourceManager
日志时间:2018/12/7 17:38:47
日志内容: SQL: SELECT t0.[ID],t0.[ResNum],t0.[ResName],t0.[ParentNum],t0.[Depth],t0.[ParentPath],t0.[ChildCount],t0.[Sort],t0.[IsHide],t0.[IsDelete],t0.[Url],t0.[CssName],t0.[CreateTime],t0.[Depart],t0.[ResType],t0.[UpdateTime],t0.[CreateUser],t0.[UpdateUser],t0.[CreateIp],t0.[UpdateIp],t0.[Remark] FROM [dbo].[SysResource] AS t0   WHERE t0.[IsDelete]=@0_t0_IsDelete 

日志级别:[info]
日志位置:Git.Framework.Resource.ResourceManager
日志时间:2018/12/7 17:38:48
日志内容: SQL: SELECT t0.[ID],t0.[RoleNum],t0.[ResNum],t0.[ResType] FROM [dbo].[SysRelation] AS t0   

日志级别:[info]
日志位置:Git.Framework.Resource.ResourceManager
日志时间:2018/12/7 17:38:48
日志内容: SQL: SELECT * FROM [dbo].[Storage]

日志级别:[info]
日志位置:Git.Framework.Resource.ResourceManager
日志时间:2018/12/7 17:38:55
日志内容: SQL: SELECT * FROM [dbo].[Storage]

日志级别:[info]
日志位置:Git.Framework.Resource.ResourceManager
日志时间:2018/12/7 17:38:55
日志内容: SQL: SELECT * FROM [dbo].[Storage]

日志级别:[info]
日志位置:Git.Framework.Resource.ResourceManager
日志时间:2018/12/7 17:38:56
日志内容: SQL: DECLARE @StartIndex INT SET @StartIndex = 1 SELECT @RecordCount=COUNT(*) FROM [dbo].[Location] AS t0  LEFT JOIN [dbo].[Storage] AS t1 ON  t0.[StorageNum]=t1.[StorageNum]  WHERE t0.[StorageNum]=@0_t0_StorageNum AND t0.[IsDelete]=@1_t0_IsDelete IF (@PageIndex<=1) BEGIN SET @PageIndex=1 END SET @StartIndex = ( @PageIndex - 1 ) * @PageSize + 1 ; WITH TempTable AS( SELECT ROW_NUMBER() OVER (ORDER BY t0.[ID] DESC) RowNumber,t0.[ID],t0.[LocalNum],t0.[LocalBarCode],t0.[LocalName],t0.[StorageNum],t0.[StorageType],t0.[LocalType],t0.[Rack],t0.[Length],t0.[Width],t0.[Height],t0.[X],t0.[Y],t0.[Z],t0.[UnitNum],t0.[UnitName],t0.[Remark],t0.[IsForbid],t0.[IsDefault],t0.[IsDelete],t0.[CreateTime],t1.[StorageName] AS StorageName FROM [dbo].[Location] AS t0  LEFT JOIN [dbo].[Storage] AS t1 ON  t0.[StorageNum]=t1.[StorageNum]  WHERE t0.[StorageNum]=@0_t0_StorageNum AND t0.[IsDelete]=@1_t0_IsDelete ) SELECT * FROM TempTable WHERE RowNumber BETWEEN (@StartIndex) AND (@PageIndex * @PageSize) 

日志级别:[info]
日志位置:Git.Framework.Resource.ResourceManager
日志时间:2018/12/7 17:38:56
日志内容:分页查询SQL语句组装时间:3

日志级别:[info]
日志位置:Git.Framework.Resource.ResourceManager
日志时间:2018/12/7 17:38:56
日志内容:分页查询SQL语句查询时间:12

日志级别:[info]
日志位置:Git.Framework.Resource.ResourceManager
日志时间:2018/12/7 17:38:56
日志内容: SQL: SELECT * FROM [dbo].[Storage]

日志级别:[info]
日志位置:Git.Framework.Resource.ResourceManager
日志时间:2018/12/7 17:39:02
日志内容: SQL: SELECT * FROM [dbo].[Storage]

日志级别:[info]
日志位置:Git.Framework.Resource.ResourceManager
日志时间:2018/12/7 17:39:03
日志内容: SQL: SELECT t0.[ID],t0.[SN],t0.[MeasureNum],t0.[MeasureName] FROM [dbo].[Measure] AS t0   

日志级别:[info]
日志位置:Git.Framework.Resource.ResourceManager
日志时间:2018/12/7 17:39:04
日志内容: SQL: SELECT * FROM [dbo].[Storage]

日志级别:[info]
日志位置:Git.Framework.Resource.ResourceManager
日志时间:2018/12/7 17:39:04
日志内容: SQL: DECLARE @StartIndex INT SET @StartIndex = 1 SELECT @RecordCount=COUNT(*) FROM [dbo].[Customer] AS t0   WHERE t0.[IsDelete]=@0_t0_IsDelete IF (@PageIndex<=1) BEGIN SET @PageIndex=1 END SET @StartIndex = ( @PageIndex - 1 ) * @PageSize + 1 ; WITH TempTable AS( SELECT ROW_NUMBER() OVER (ORDER BY t0.[ID] DESC) RowNumber,t0.[ID],t0.[CusNum],t0.[CusName],t0.[Phone],t0.[Email],t0.[Fax],t0.[Address],t0.[CusType],t0.[IsDelete],t0.[CreateTime],t0.[CreateUser],t0.[Remark] FROM [dbo].[Customer] AS t0   WHERE t0.[IsDelete]=@0_t0_IsDelete ) SELECT * FROM TempTable WHERE RowNumber BETWEEN (@StartIndex) AND (@PageIndex * @PageSize) 

日志级别:[info]
日志位置:Git.Framework.Resource.ResourceManager
日志时间:2018/12/7 17:39:04
日志内容:分页查询SQL语句组装时间:0

日志级别:[info]
日志位置:Git.Framework.Resource.ResourceManager
日志时间:2018/12/7 17:39:04
日志内容:分页查询SQL语句查询时间:9

日志级别:[info]
日志位置:Git.Framework.Resource.ResourceManager
日志时间:2018/12/7 17:39:07
日志内容: SQL: SELECT * FROM [dbo].[Storage]

日志级别:[info]
日志位置:Git.Framework.Resource.ResourceManager
日志时间:2018/12/7 17:39:07
日志内容: SQL: SELECT t0.[ID],t0.[SupNum],t0.[SupName],t0.[SupType],t0.[Phone],t0.[Fax],t0.[Email],t0.[ContactName],t0.[Address],t0.[CreateUser],t0.[Description],t0.[ContractNum],t0.[IsDelete],t0.[CreateTime] FROM [dbo].[Supplier] AS t0   WHERE t0.[IsDelete]=@0_t0_IsDelete ORDER BY t0.[ID] DESC

日志级别:[info]
日志位置:Git.Framework.Resource.ResourceManager
日志时间:2018/12/7 17:39:09
日志内容: SQL: SELECT * FROM [dbo].[Storage]

日志级别:[info]
日志位置:Git.Framework.Resource.ResourceManager
日志时间:2018/12/7 17:39:10
日志内容: SQL: DECLARE @StartIndex INT SET @StartIndex = 1 SELECT @RecordCount=COUNT(*) FROM [dbo].[InStorage] AS t0  LEFT JOIN [dbo].[Admin] AS t1 ON  t0.[CreateUser]=t1.[UserCode]  WHERE t0.[StorageNum]=@0_t0_StorageNum AND t0.[IsDelete]=@1_t0_IsDelete IF (@PageIndex<=1) BEGIN SET @PageIndex=1 END SET @StartIndex = ( @PageIndex - 1 ) * @PageSize + 1 ; WITH TempTable AS( SELECT ROW_NUMBER() OVER (ORDER BY t0.[ID] DESC) RowNumber,t0.[ID],t0.[OrderNum],t0.[InType],t0.[ProductType],t0.[StorageNum],t0.[SupNum],t0.[SupName],t0.[ContactName],t0.[Phone],t0.[Address],t0.[ContractOrder],t0.[ContractType],t0.[Status],t0.[IsDelete],t0.[Num],t0.[Amount],t0.[NetWeight],t0.[GrossWeight],t0.[OrderTime],t0.[CreateTime],t0.[CreateUser],t0.[AuditUser],t0.[AuditeTime],t0.[PrintUser],t0.[PrintTime],t0.[StoreKeeper],t0.[Reason],t0.[OperateType],t0.[EquipmentNum],t0.[EquipmentCode],t0.[Remark],t1.[UserName] AS CreateUserName FROM [dbo].[InStorage] AS t0  LEFT JOIN [dbo].[Admin] AS t1 ON  t0.[CreateUser]=t1.[UserCode]  WHERE t0.[StorageNum]=@0_t0_StorageNum AND t0.[IsDelete]=@1_t0_IsDelete ) SELECT * FROM TempTable WHERE RowNumber BETWEEN (@StartIndex) AND (@PageIndex * @PageSize) 

日志级别:[info]
日志位置:Git.Framework.Resource.ResourceManager
日志时间:2018/12/7 17:39:10
日志内容:分页查询SQL语句组装时间:0

日志级别:[info]
日志位置:Git.Framework.Resource.ResourceManager
日志时间:2018/12/7 17:39:10
日志内容:分页查询SQL语句查询时间:29

日志级别:[info]
日志位置:Git.Framework.Resource.ResourceManager
日志时间:2018/12/7 17:39:11
日志内容: SQL: SELECT * FROM [dbo].[Storage]

日志级别:[info]
日志位置:Git.Framework.Resource.ResourceManager
日志时间:2018/12/7 17:39:12
日志内容: SQL: DECLARE @StartIndex INT SET @StartIndex = 1 SELECT @RecordCount=COUNT(*) FROM [dbo].[OutStorage] AS t0  LEFT JOIN [dbo].[Admin] AS t1 ON  t0.[CreateUser]=t1.[UserCode]  WHERE t0.[StorageNum]=@0_t0_StorageNum AND t0.[IsDelete]=@1_t0_IsDelete IF (@PageIndex<=1) BEGIN SET @PageIndex=1 END SET @StartIndex = ( @PageIndex - 1 ) * @PageSize + 1 ; WITH TempTable AS( SELECT ROW_NUMBER() OVER (ORDER BY t0.[ID] DESC) RowNumber,t0.[ID],t0.[OrderNum],t0.[OutType],t0.[ProductType],t0.[StorageNum],t0.[CusNum],t0.[CusName],t0.[Contact],t0.[Phone],t0.[Address],t0.[ContractOrder],t0.[Num],t0.[Amount],t0.[Weight],t0.[SendDate],t0.[Status],t0.[IsDelete],t0.[CreateTime],t0.[CreateUser],t0.[AuditUser],t0.[AuditeTime],t0.[PrintUser],t0.[PrintTime],t0.[Reason],t0.[OperateType],t0.[EquipmentNum],t0.[EquipmentCode],t0.[Remark],t1.[UserName] AS CreateUserName FROM [dbo].[OutStorage] AS t0  LEFT JOIN [dbo].[Admin] AS t1 ON  t0.[CreateUser]=t1.[UserCode]  WHERE t0.[StorageNum]=@0_t0_StorageNum AND t0.[IsDelete]=@1_t0_IsDelete ) SELECT * FROM TempTable WHERE RowNumber BETWEEN (@StartIndex) AND (@PageIndex * @PageSize) 

日志级别:[info]
日志位置:Git.Framework.Resource.ResourceManager
日志时间:2018/12/7 17:39:12
日志内容:分页查询SQL语句组装时间:0

日志级别:[info]
日志位置:Git.Framework.Resource.ResourceManager
日志时间:2018/12/7 17:39:12
日志内容:分页查询SQL语句查询时间:11

日志级别:[info]
日志位置:Git.Framework.Resource.ResourceManager
日志时间:2018/12/7 17:39:12
日志内容: SQL: SELECT t0.[ID],t0.[SnNum],t0.[OrderNum],t0.[ProductName],t0.[BarCode],t0.[ProductNum],t0.[BatchNum],t0.[LocalNum],t0.[StorageNum],t0.[Num],t0.[IsPick],t0.[RealNum],t0.[OutPrice],t0.[Amount],t0.[ContractOrder],t0.[ContractSn],t0.[CreateTime] FROM [dbo].[OutStoDetail] AS t0   WHERE t0.[OrderNum]=@0_t0_OrderNum 

日志级别:[info]
日志位置:Git.Framework.Resource.ResourceManager
日志时间:2018/12/7 17:39:12
日志内容: SQL: SELECT t0.[ID],t0.[SnNum],t0.[OrderNum],t0.[ProductName],t0.[BarCode],t0.[ProductNum],t0.[BatchNum],t0.[LocalNum],t0.[StorageNum],t0.[Num],t0.[IsPick],t0.[RealNum],t0.[OutPrice],t0.[Amount],t0.[ContractOrder],t0.[ContractSn],t0.[CreateTime] FROM [dbo].[OutStoDetail] AS t0   WHERE t0.[OrderNum]=@0_t0_OrderNum 

日志级别:[info]
日志位置:Git.Framework.Resource.ResourceManager
日志时间:2018/12/7 17:39:16
日志内容: SQL: DECLARE @StartIndex INT SET @StartIndex = 1 SELECT @RecordCount=COUNT(*) FROM [dbo].[OutStorage] AS t0  LEFT JOIN [dbo].[Admin] AS t1 ON  t0.[CreateUser]=t1.[UserCode]  WHERE t0.[StorageNum]=@0_t0_StorageNum AND t0.[IsDelete]=@1_t0_IsDelete IF (@PageIndex<=1) BEGIN SET @PageIndex=1 END SET @StartIndex = ( @PageIndex - 1 ) * @PageSize + 1 ; WITH TempTable AS( SELECT ROW_NUMBER() OVER (ORDER BY t0.[ID] DESC) RowNumber,t0.[ID],t0.[OrderNum],t0.[OutType],t0.[ProductType],t0.[StorageNum],t0.[CusNum],t0.[CusName],t0.[Contact],t0.[Phone],t0.[Address],t0.[ContractOrder],t0.[Num],t0.[Amount],t0.[Weight],t0.[SendDate],t0.[Status],t0.[IsDelete],t0.[CreateTime],t0.[CreateUser],t0.[AuditUser],t0.[AuditeTime],t0.[PrintUser],t0.[PrintTime],t0.[Reason],t0.[OperateType],t0.[EquipmentNum],t0.[EquipmentCode],t0.[Remark],t1.[UserName] AS CreateUserName FROM [dbo].[OutStorage] AS t0  LEFT JOIN [dbo].[Admin] AS t1 ON  t0.[CreateUser]=t1.[UserCode]  WHERE t0.[StorageNum]=@0_t0_StorageNum AND t0.[IsDelete]=@1_t0_IsDelete ) SELECT * FROM TempTable WHERE RowNumber BETWEEN (@StartIndex) AND (@PageIndex * @PageSize) 

日志级别:[info]
日志位置:Git.Framework.Resource.ResourceManager
日志时间:2018/12/7 17:39:16
日志内容:分页查询SQL语句组装时间:0

日志级别:[info]
日志位置:Git.Framework.Resource.ResourceManager
日志时间:2018/12/7 17:39:16
日志内容:分页查询SQL语句查询时间:1

日志级别:[info]
日志位置:Git.Framework.Resource.ResourceManager
日志时间:2018/12/7 17:39:16
日志内容: SQL: SELECT t0.[ID],t0.[SnNum],t0.[OrderNum],t0.[ProductName],t0.[BarCode],t0.[ProductNum],t0.[BatchNum],t0.[LocalNum],t0.[StorageNum],t0.[Num],t0.[IsPick],t0.[RealNum],t0.[OutPrice],t0.[Amount],t0.[ContractOrder],t0.[ContractSn],t0.[CreateTime] FROM [dbo].[OutStoDetail] AS t0   WHERE t0.[OrderNum]=@0_t0_OrderNum 

日志级别:[info]
日志位置:Git.Framework.Resource.ResourceManager
日志时间:2018/12/7 17:39:16
日志内容: SQL: SELECT t0.[ID],t0.[SnNum],t0.[OrderNum],t0.[ProductName],t0.[BarCode],t0.[ProductNum],t0.[BatchNum],t0.[LocalNum],t0.[StorageNum],t0.[Num],t0.[IsPick],t0.[RealNum],t0.[OutPrice],t0.[Amount],t0.[ContractOrder],t0.[ContractSn],t0.[CreateTime] FROM [dbo].[OutStoDetail] AS t0   WHERE t0.[OrderNum]=@0_t0_OrderNum 

日志级别:[info]
日志位置:Git.Framework.Resource.ResourceManager
日志时间:2018/12/7 17:39:18
日志内容: SQL: SELECT * FROM [dbo].[Storage]

日志级别:[info]
日志位置:Git.Framework.Resource.ResourceManager
日志时间:2018/12/7 17:39:23
日志内容: SQL: SELECT * FROM [dbo].[Storage]

日志级别:[info]
日志位置:Git.Framework.Resource.ResourceManager
日志时间:2018/12/7 17:39:23
日志内容: SQL: SELECT t0.[ID],t0.[LocalNum],t0.[LocalBarCode],t0.[LocalName],t0.[StorageNum],t0.[StorageType],t0.[LocalType],t0.[Rack],t0.[Length],t0.[Width],t0.[Height],t0.[X],t0.[Y],t0.[Z],t0.[UnitNum],t0.[UnitName],t0.[Remark],t0.[IsForbid],t0.[IsDefault],t0.[IsDelete],t0.[CreateTime] FROM [dbo].[Location] AS t0   WHERE t0.[IsDelete]=@0_t0_IsDelete 

日志级别:[info]
日志位置:Git.Framework.Resource.ResourceManager
日志时间:2018/12/7 17:39:23
日志内容: SQL: SELECT * FROM [dbo].[Storage]

日志级别:[info]
日志位置:Git.Framework.Resource.ResourceManager
日志时间:2018/12/7 17:39:30
日志内容: SQL: SELECT * FROM [dbo].[Storage]

日志级别:[info]
日志位置:Git.Framework.Resource.ResourceManager
日志时间:2018/12/7 17:39:30
日志内容: SQL: DECLARE @StartIndex INT SET @StartIndex = 1 SELECT @RecordCount=COUNT(*) FROM [dbo].[LocalProduct] AS t0  LEFT JOIN [dbo].[Product] AS t1 ON  t0.[ProductNum]=t1.[SnNum]  WHERE t0.[StorageNum]=@0_t0_StorageNum IF (@PageIndex<=1) BEGIN SET @PageIndex=1 END SET @StartIndex = ( @PageIndex - 1 ) * @PageSize + 1 ; WITH TempTable AS( SELECT ROW_NUMBER() OVER (ORDER BY t0.[ID] DESC) RowNumber,t0.[ID],t0.[Sn],t0.[StorageNum],t0.[StorageName],t0.[LocalNum],t0.[LocalName],t0.[LocalType],t0.[ProductNum],t0.[BarCode],t0.[ProductName],t0.[BatchNum],t0.[Num],t0.[CreateTime],t0.[CreateUser],t0.[CreateName],t0.[Remark],t1.[Size] AS Size,t1.[AvgPrice] AS AvgPrice,t1.[CateNum] AS CateNum,t1.[CateName] AS CateName,t1.[MinNum] AS MinNum,t1.[MaxNum] AS MaxNum FROM [dbo].[LocalProduct] AS t0  LEFT JOIN [dbo].[Product] AS t1 ON  t0.[ProductNum]=t1.[SnNum]  WHERE t0.[StorageNum]=@0_t0_StorageNum ) SELECT * FROM TempTable WHERE RowNumber BETWEEN (@StartIndex) AND (@PageIndex * @PageSize) 

日志级别:[info]
日志位置:Git.Framework.Resource.ResourceManager
日志时间:2018/12/7 17:39:30
日志内容:分页查询SQL语句组装时间:1

日志级别:[info]
日志位置:Git.Framework.Resource.ResourceManager
日志时间:2018/12/7 17:39:31
日志内容:分页查询SQL语句查询时间:18

日志级别:[info]
日志位置:Git.Framework.Resource.ResourceManager
日志时间:2018/12/7 17:39:31
日志内容: SQL: SELECT t0.[ID],t0.[CateNum],t0.[CateName],t0.[IsDelete],t0.[CreateTime],t0.[CreateUser],t0.[Remark] FROM [dbo].[ProductCategory] AS t0   WHERE t0.[IsDelete]=@0_t0_IsDelete ORDER BY t0.[ID] DESC

日志级别:[error]
日志位置:Git.Framework.Resource.ResourceManager
日志时间:2018/12/7 17:39:31
日志内容:20  	DataCommand Execution error, command text:
SELECT ISNULL(SUM(t0.[Num]),0) FROM [dbo].[LocalProduct] AS t0   WHERE t0.[StorageNum]=@0_t0_StorageNum
command parameters inforamtion:
parameters name:@0_t0_StorageNum, parameters value:DSP_0000, parameters type:String

	Exception: System.InvalidCastException: 指定的转换无效。
   在 Git.Framework.MsSql.DataAccess.DataCommand.ExecuteScalar[T](Boolean isOpenTrans)

日志级别:[error]
日志位置:Git.Framework.Resource.ResourceManager
日志时间:2018/12/7 17:39:31
日志内容:指定的转换无效。

日志级别:[info]
日志位置:Git.Framework.Resource.ResourceManager
日志时间:2018/12/7 17:39:31
日志内容:指定的转换无效。

日志级别:[info]
日志位置:Git.Framework.Resource.ResourceManager
日志时间:2018/12/7 17:39:31
日志内容: SQL: SELECT t0.[Num],t1.[AvgPrice] AS AvgPrice FROM [dbo].[LocalProduct] AS t0  LEFT JOIN [dbo].[Product] AS t1 ON  t0.[ProductNum]=t1.[SnNum]  WHERE t0.[StorageNum]=@0_t0_StorageNum ORDER BY t0.[ID] DESC

日志级别:[info]
日志位置:Git.Framework.Resource.ResourceManager
日志时间:2018/12/7 17:39:32
日志内容: SQL: SELECT * FROM [dbo].[Storage]

日志级别:[info]
日志位置:Git.Framework.Resource.ResourceManager
日志时间:2018/12/7 17:39:33
日志内容: SQL: DECLARE @StartIndex INT SET @StartIndex = 1 SELECT @RecordCount=COUNT(*) FROM [dbo].[OutStorage] AS t0  LEFT JOIN [dbo].[Admin] AS t1 ON  t0.[CreateUser]=t1.[UserCode]  WHERE t0.[CreateTime] BETWEEN @0_t0_Begin_CreateTime AND @0_t0_End_CreateTime AND t0.[StorageNum]=@1_t0_StorageNum AND t0.[IsDelete]=@2_t0_IsDelete IF (@PageIndex<=1) BEGIN SET @PageIndex=1 END SET @StartIndex = ( @PageIndex - 1 ) * @PageSize + 1 ; WITH TempTable AS( SELECT ROW_NUMBER() OVER (ORDER BY t0.[ID] DESC) RowNumber,t0.[ID],t0.[OrderNum],t0.[OutType],t0.[ProductType],t0.[StorageNum],t0.[CusNum],t0.[CusName],t0.[Contact],t0.[Phone],t0.[Address],t0.[ContractOrder],t0.[Num],t0.[Amount],t0.[Weight],t0.[SendDate],t0.[Status],t0.[IsDelete],t0.[CreateTime],t0.[CreateUser],t0.[AuditUser],t0.[AuditeTime],t0.[PrintUser],t0.[PrintTime],t0.[Reason],t0.[OperateType],t0.[EquipmentNum],t0.[EquipmentCode],t0.[Remark],t1.[UserName] AS CreateUserName FROM [dbo].[OutStorage] AS t0  LEFT JOIN [dbo].[Admin] AS t1 ON  t0.[CreateUser]=t1.[UserCode]  WHERE t0.[CreateTime] BETWEEN @0_t0_Begin_CreateTime AND @0_t0_End_CreateTime AND t0.[StorageNum]=@1_t0_StorageNum AND t0.[IsDelete]=@2_t0_IsDelete ) SELECT * FROM TempTable WHERE RowNumber BETWEEN (@StartIndex) AND (@PageIndex * @PageSize) 

日志级别:[info]
日志位置:Git.Framework.Resource.ResourceManager
日志时间:2018/12/7 17:39:33
日志内容:分页查询SQL语句组装时间:0

日志级别:[info]
日志位置:Git.Framework.Resource.ResourceManager
日志时间:2018/12/7 17:39:33
日志内容:分页查询SQL语句查询时间:12

日志级别:[info]
日志位置:Git.Framework.Resource.ResourceManager
日志时间:2018/12/7 17:39:33
日志内容: SQL: SELECT t0.[ID],t0.[SnNum],t0.[OrderNum],t0.[ProductName],t0.[BarCode],t0.[ProductNum],t0.[BatchNum],t0.[LocalNum],t0.[StorageNum],t0.[Num],t0.[IsPick],t0.[RealNum],t0.[OutPrice],t0.[Amount],t0.[ContractOrder],t0.[ContractSn],t0.[CreateTime] FROM [dbo].[OutStoDetail] AS t0   WHERE t0.[OrderNum]=@0_t0_OrderNum 

日志级别:[info]
日志位置:Git.Framework.Resource.ResourceManager
日志时间:2018/12/7 17:39:33
日志内容: SQL: SELECT t0.[ID],t0.[SnNum],t0.[OrderNum],t0.[ProductName],t0.[BarCode],t0.[ProductNum],t0.[BatchNum],t0.[LocalNum],t0.[StorageNum],t0.[Num],t0.[IsPick],t0.[RealNum],t0.[OutPrice],t0.[Amount],t0.[ContractOrder],t0.[ContractSn],t0.[CreateTime] FROM [dbo].[OutStoDetail] AS t0   WHERE t0.[OrderNum]=@0_t0_OrderNum 

日志级别:[info]
日志位置:Git.Framework.Resource.ResourceManager
日志时间:2018/12/7 17:39:37
日志内容: SQL: SELECT * FROM [dbo].[Storage]

日志级别:[info]
日志位置:Git.Framework.Resource.ResourceManager
日志时间:2018/12/7 17:39:38
日志内容: SQL: DECLARE @StartIndex INT SET @StartIndex = 1 SELECT @RecordCount=COUNT(*) FROM [dbo].[BadReport] AS t0  LEFT JOIN [dbo].[BadReportDetail] AS t1 ON  t0.[OrderNum]=t1.[OrderNum]  WHERE t0.[CreateTime] BETWEEN @0_t0_Begin_CreateTime AND @0_t0_End_CreateTime AND t0.[StorageNum]=@1_t0_StorageNum AND t0.[StorageNum]=@2_t0_StorageNum AND t0.[IsDelete]=@3_t0_IsDelete AND t0.[Status]=@4_t0_Status AND t1.[StorageNum]=@0_t1_StorageNum IF (@PageIndex<=1) BEGIN SET @PageIndex=1 END SET @StartIndex = ( @PageIndex - 1 ) * @PageSize + 1 ; WITH TempTable AS( SELECT ROW_NUMBER() OVER (ORDER BY t0.[ID] DESC) RowNumber,t0.[ID],t0.[OrderNum],t0.[BadType],t0.[ProductType],t0.[StorageNum],t0.[ContractOrder],t0.[Status],t0.[Num],t0.[Amount],t0.[Weight],t0.[IsDelete],t0.[CreateTime],t0.[CreateUser],t0.[AuditUser],t0.[AuditeTime],t0.[PrintUser],t0.[PrintTime],t0.[Reason],t0.[OperateType],t0.[EquipmentNum],t0.[EquipmentCode],t0.[Remark],t1.[ProductName] AS ProductName,t1.[BarCode] AS BarCode,t1.[ProductNum] AS ProductNum FROM [dbo].[BadReport] AS t0  LEFT JOIN [dbo].[BadReportDetail] AS t1 ON  t0.[OrderNum]=t1.[OrderNum]  WHERE t0.[CreateTime] BETWEEN @0_t0_Begin_CreateTime AND @0_t0_End_CreateTime AND t0.[StorageNum]=@1_t0_StorageNum AND t0.[StorageNum]=@2_t0_StorageNum AND t0.[IsDelete]=@3_t0_IsDelete AND t0.[Status]=@4_t0_Status AND t1.[StorageNum]=@0_t1_StorageNum ) SELECT * FROM TempTable WHERE RowNumber BETWEEN (@StartIndex) AND (@PageIndex * @PageSize) 

日志级别:[info]
日志位置:Git.Framework.Resource.ResourceManager
日志时间:2018/12/7 17:39:38
日志内容:分页查询SQL语句组装时间:0

日志级别:[info]
日志位置:Git.Framework.Resource.ResourceManager
日志时间:2018/12/7 17:39:38
日志内容:分页查询SQL语句查询时间:13

日志级别:[error]
日志位置:Git.Framework.Resource.ResourceManager
日志时间:2018/12/7 17:39:38
日志内容:20  	DataCommand Execution error, command text:
SELECT ISNULL(SUM(t0.[Num]),0) FROM [dbo].[BadReport] AS t0   WHERE t0.[Status]=@0_t0_Status AND t0.[IsDelete]=@1_t0_IsDelete
command parameters inforamtion:
parameters name:@0_t0_Status, parameters value:2, parameters type:Int32
parameters name:@1_t0_IsDelete, parameters value:0, parameters type:Int32

	Exception: System.InvalidCastException: 指定的转换无效。
   在 Git.Framework.MsSql.DataAccess.DataCommand.ExecuteScalar[T](Boolean isOpenTrans)

日志级别:[error]
日志位置:Git.Framework.Resource.ResourceManager
日志时间:2018/12/7 17:39:38
日志内容:指定的转换无效。

日志级别:[info]
日志位置:Git.Framework.Resource.ResourceManager
日志时间:2018/12/7 17:39:38
日志内容:指定的转换无效。

日志级别:[info]
日志位置:Git.Framework.Resource.ResourceManager
日志时间:2018/12/7 17:39:40
日志内容: SQL: SELECT * FROM [dbo].[Storage]

日志级别:[info]
日志位置:Git.Framework.Resource.ResourceManager
日志时间:2018/12/7 17:39:56
日志内容: SQL: SELECT * FROM [dbo].[Storage]

日志级别:[info]
日志位置:Git.Framework.Resource.ResourceManager
日志时间:2018/12/7 17:39:57
日志内容: SQL: DECLARE @StartIndex INT SET @StartIndex = 1 SELECT @RecordCount=COUNT(*) FROM [dbo].[InventoryBook] AS t0  LEFT JOIN [dbo].[Admin] AS t1 ON  t0.[CreateUser]=t1.[UserCode]  WHERE t0.[StoreNum]=@0_t0_StoreNum IF (@PageIndex<=1) BEGIN SET @PageIndex=1 END SET @StartIndex = ( @PageIndex - 1 ) * @PageSize + 1 ; WITH TempTable AS( SELECT ROW_NUMBER() OVER (ORDER BY t0.[ProductNum] ASC) RowNumber,t0.[ID],t0.[ProductNum],t0.[BarCode],t0.[ProductName],t0.[Num],t0.[Type],t0.[ContactOrder],t0.[FromLocalNum],t0.[ToLocalNum],t0.[StoreNum],t0.[CreateTime],t0.[CreateUser],t1.[UserName] AS UserName FROM [dbo].[InventoryBook] AS t0  LEFT JOIN [dbo].[Admin] AS t1 ON  t0.[CreateUser]=t1.[UserCode]  WHERE t0.[StoreNum]=@0_t0_StoreNum ) SELECT * FROM TempTable WHERE RowNumber BETWEEN (@StartIndex) AND (@PageIndex * @PageSize) 

日志级别:[info]
日志位置:Git.Framework.Resource.ResourceManager
日志时间:2018/12/7 17:39:57
日志内容:分页查询SQL语句组装时间:0

日志级别:[info]
日志位置:Git.Framework.Resource.ResourceManager
日志时间:2018/12/7 17:39:57
日志内容:分页查询SQL语句查询时间:19

日志级别:[info]
日志位置:Git.Framework.Resource.ResourceManager
日志时间:2018/12/7 17:39:57
日志内容: SQL: SELECT t0.[ID],t0.[LocalNum],t0.[LocalBarCode],t0.[LocalName],t0.[StorageNum],t0.[StorageType],t0.[LocalType],t0.[Rack],t0.[Length],t0.[Width],t0.[Height],t0.[X],t0.[Y],t0.[Z],t0.[UnitNum],t0.[UnitName],t0.[Remark],t0.[IsForbid],t0.[IsDefault],t0.[IsDelete],t0.[CreateTime] FROM [dbo].[Location] AS t0   WHERE t0.[LocalNum]=@0_t0_LocalNum 

日志级别:[info]
日志位置:Git.Framework.Resource.ResourceManager
日志时间:2018/12/7 17:39:57
日志内容: SQL: SELECT t0.[ID],t0.[LocalNum],t0.[LocalBarCode],t0.[LocalName],t0.[StorageNum],t0.[StorageType],t0.[LocalType],t0.[Rack],t0.[Length],t0.[Width],t0.[Height],t0.[X],t0.[Y],t0.[Z],t0.[UnitNum],t0.[UnitName],t0.[Remark],t0.[IsForbid],t0.[IsDefault],t0.[IsDelete],t0.[CreateTime] FROM [dbo].[Location] AS t0   WHERE t0.[LocalNum]=@0_t0_LocalNum 

日志级别:[info]
日志位置:Git.Framework.Resource.ResourceManager
日志时间:2018/12/7 17:39:57
日志内容: SQL: SELECT t0.[ID],t0.[LocalNum],t0.[LocalBarCode],t0.[LocalName],t0.[StorageNum],t0.[StorageType],t0.[LocalType],t0.[Rack],t0.[Length],t0.[Width],t0.[Height],t0.[X],t0.[Y],t0.[Z],t0.[UnitNum],t0.[UnitName],t0.[Remark],t0.[IsForbid],t0.[IsDefault],t0.[IsDelete],t0.[CreateTime] FROM [dbo].[Location] AS t0   WHERE t0.[LocalNum]=@0_t0_LocalNum 

日志级别:[info]
日志位置:Git.Framework.Resource.ResourceManager
日志时间:2018/12/7 17:39:57
日志内容: SQL: SELECT t0.[ID],t0.[LocalNum],t0.[LocalBarCode],t0.[LocalName],t0.[StorageNum],t0.[StorageType],t0.[LocalType],t0.[Rack],t0.[Length],t0.[Width],t0.[Height],t0.[X],t0.[Y],t0.[Z],t0.[UnitNum],t0.[UnitName],t0.[Remark],t0.[IsForbid],t0.[IsDefault],t0.[IsDelete],t0.[CreateTime] FROM [dbo].[Location] AS t0   WHERE t0.[LocalNum]=@0_t0_LocalNum 

日志级别:[info]
日志位置:Git.Framework.Resource.ResourceManager
日志时间:2018/12/7 17:39:57
日志内容: SQL: SELECT t0.[ID],t0.[LocalNum],t0.[LocalBarCode],t0.[LocalName],t0.[StorageNum],t0.[StorageType],t0.[LocalType],t0.[Rack],t0.[Length],t0.[Width],t0.[Height],t0.[X],t0.[Y],t0.[Z],t0.[UnitNum],t0.[UnitName],t0.[Remark],t0.[IsForbid],t0.[IsDefault],t0.[IsDelete],t0.[CreateTime] FROM [dbo].[Location] AS t0   WHERE t0.[LocalNum]=@0_t0_LocalNum 

日志级别:[info]
日志位置:Git.Framework.Resource.ResourceManager
日志时间:2018/12/7 17:39:57
日志内容: SQL: SELECT t0.[ID],t0.[LocalNum],t0.[LocalBarCode],t0.[LocalName],t0.[StorageNum],t0.[StorageType],t0.[LocalType],t0.[Rack],t0.[Length],t0.[Width],t0.[Height],t0.[X],t0.[Y],t0.[Z],t0.[UnitNum],t0.[UnitName],t0.[Remark],t0.[IsForbid],t0.[IsDefault],t0.[IsDelete],t0.[CreateTime] FROM [dbo].[Location] AS t0   WHERE t0.[LocalNum]=@0_t0_LocalNum 

日志级别:[info]
日志位置:Git.Framework.Resource.ResourceManager
日志时间:2018/12/7 17:39:57
日志内容: SQL: SELECT t0.[ID],t0.[LocalNum],t0.[LocalBarCode],t0.[LocalName],t0.[StorageNum],t0.[StorageType],t0.[LocalType],t0.[Rack],t0.[Length],t0.[Width],t0.[Height],t0.[X],t0.[Y],t0.[Z],t0.[UnitNum],t0.[UnitName],t0.[Remark],t0.[IsForbid],t0.[IsDefault],t0.[IsDelete],t0.[CreateTime] FROM [dbo].[Location] AS t0   WHERE t0.[LocalNum]=@0_t0_LocalNum 

日志级别:[info]
日志位置:Git.Framework.Resource.ResourceManager
日志时间:2018/12/7 17:39:57
日志内容: SQL: SELECT t0.[ID],t0.[LocalNum],t0.[LocalBarCode],t0.[LocalName],t0.[StorageNum],t0.[StorageType],t0.[LocalType],t0.[Rack],t0.[Length],t0.[Width],t0.[Height],t0.[X],t0.[Y],t0.[Z],t0.[UnitNum],t0.[UnitName],t0.[Remark],t0.[IsForbid],t0.[IsDefault],t0.[IsDelete],t0.[CreateTime] FROM [dbo].[Location] AS t0   WHERE t0.[LocalNum]=@0_t0_LocalNum 

日志级别:[info]
日志位置:Git.Framework.Resource.ResourceManager
日志时间:2018/12/7 17:39:57
日志内容: SQL: SELECT t0.[ID],t0.[LocalNum],t0.[LocalBarCode],t0.[LocalName],t0.[StorageNum],t0.[StorageType],t0.[LocalType],t0.[Rack],t0.[Length],t0.[Width],t0.[Height],t0.[X],t0.[Y],t0.[Z],t0.[UnitNum],t0.[UnitName],t0.[Remark],t0.[IsForbid],t0.[IsDefault],t0.[IsDelete],t0.[CreateTime] FROM [dbo].[Location] AS t0   WHERE t0.[LocalNum]=@0_t0_LocalNum 

日志级别:[info]
日志位置:Git.Framework.Resource.ResourceManager
日志时间:2018/12/7 17:39:57
日志内容: SQL: SELECT t0.[ID],t0.[LocalNum],t0.[LocalBarCode],t0.[LocalName],t0.[StorageNum],t0.[StorageType],t0.[LocalType],t0.[Rack],t0.[Length],t0.[Width],t0.[Height],t0.[X],t0.[Y],t0.[Z],t0.[UnitNum],t0.[UnitName],t0.[Remark],t0.[IsForbid],t0.[IsDefault],t0.[IsDelete],t0.[CreateTime] FROM [dbo].[Location] AS t0   WHERE t0.[LocalNum]=@0_t0_LocalNum 

日志级别:[info]
日志位置:Git.Framework.Resource.ResourceManager
日志时间:2018/12/7 17:39:57
日志内容: SQL: SELECT t0.[ID],t0.[LocalNum],t0.[LocalBarCode],t0.[LocalName],t0.[StorageNum],t0.[StorageType],t0.[LocalType],t0.[Rack],t0.[Length],t0.[Width],t0.[Height],t0.[X],t0.[Y],t0.[Z],t0.[UnitNum],t0.[UnitName],t0.[Remark],t0.[IsForbid],t0.[IsDefault],t0.[IsDelete],t0.[CreateTime] FROM [dbo].[Location] AS t0   WHERE t0.[LocalNum]=@0_t0_LocalNum 

日志级别:[info]
日志位置:Git.Framework.Resource.ResourceManager
日志时间:2018/12/7 17:39:57
日志内容: SQL: SELECT t0.[ID],t0.[LocalNum],t0.[LocalBarCode],t0.[LocalName],t0.[StorageNum],t0.[StorageType],t0.[LocalType],t0.[Rack],t0.[Length],t0.[Width],t0.[Height],t0.[X],t0.[Y],t0.[Z],t0.[UnitNum],t0.[UnitName],t0.[Remark],t0.[IsForbid],t0.[IsDefault],t0.[IsDelete],t0.[CreateTime] FROM [dbo].[Location] AS t0   WHERE t0.[LocalNum]=@0_t0_LocalNum 

日志级别:[info]
日志位置:Git.Framework.Resource.ResourceManager
日志时间:2018/12/7 17:39:57
日志内容: SQL: SELECT t0.[ID],t0.[LocalNum],t0.[LocalBarCode],t0.[LocalName],t0.[StorageNum],t0.[StorageType],t0.[LocalType],t0.[Rack],t0.[Length],t0.[Width],t0.[Height],t0.[X],t0.[Y],t0.[Z],t0.[UnitNum],t0.[UnitName],t0.[Remark],t0.[IsForbid],t0.[IsDefault],t0.[IsDelete],t0.[CreateTime] FROM [dbo].[Location] AS t0   WHERE t0.[LocalNum]=@0_t0_LocalNum 

日志级别:[info]
日志位置:Git.Framework.Resource.ResourceManager
日志时间:2018/12/7 17:39:57
日志内容: SQL: SELECT t0.[ID],t0.[LocalNum],t0.[LocalBarCode],t0.[LocalName],t0.[StorageNum],t0.[StorageType],t0.[LocalType],t0.[Rack],t0.[Length],t0.[Width],t0.[Height],t0.[X],t0.[Y],t0.[Z],t0.[UnitNum],t0.[UnitName],t0.[Remark],t0.[IsForbid],t0.[IsDefault],t0.[IsDelete],t0.[CreateTime] FROM [dbo].[Location] AS t0   WHERE t0.[LocalNum]=@0_t0_LocalNum 

日志级别:[info]
日志位置:Git.Framework.Resource.ResourceManager
日志时间:2018/12/7 17:39:57
日志内容: SQL: SELECT t0.[ID],t0.[LocalNum],t0.[LocalBarCode],t0.[LocalName],t0.[StorageNum],t0.[StorageType],t0.[LocalType],t0.[Rack],t0.[Length],t0.[Width],t0.[Height],t0.[X],t0.[Y],t0.[Z],t0.[UnitNum],t0.[UnitName],t0.[Remark],t0.[IsForbid],t0.[IsDefault],t0.[IsDelete],t0.[CreateTime] FROM [dbo].[Location] AS t0   WHERE t0.[LocalNum]=@0_t0_LocalNum 

日志级别:[info]
日志位置:Git.Framework.Resource.ResourceManager
日志时间:2018/12/7 17:39:57
日志内容: SQL: SELECT t0.[ID],t0.[LocalNum],t0.[LocalBarCode],t0.[LocalName],t0.[StorageNum],t0.[StorageType],t0.[LocalType],t0.[Rack],t0.[Length],t0.[Width],t0.[Height],t0.[X],t0.[Y],t0.[Z],t0.[UnitNum],t0.[UnitName],t0.[Remark],t0.[IsForbid],t0.[IsDefault],t0.[IsDelete],t0.[CreateTime] FROM [dbo].[Location] AS t0   WHERE t0.[LocalNum]=@0_t0_LocalNum 

日志级别:[info]
日志位置:Git.Framework.Resource.ResourceManager
日志时间:2018/12/7 17:39:57
日志内容: SQL: SELECT t0.[ID],t0.[LocalNum],t0.[LocalBarCode],t0.[LocalName],t0.[StorageNum],t0.[StorageType],t0.[LocalType],t0.[Rack],t0.[Length],t0.[Width],t0.[Height],t0.[X],t0.[Y],t0.[Z],t0.[UnitNum],t0.[UnitName],t0.[Remark],t0.[IsForbid],t0.[IsDefault],t0.[IsDelete],t0.[CreateTime] FROM [dbo].[Location] AS t0   WHERE t0.[LocalNum]=@0_t0_LocalNum 

日志级别:[info]
日志位置:Git.Framework.Resource.ResourceManager
日志时间:2018/12/7 17:39:57
日志内容: SQL: SELECT t0.[ID],t0.[LocalNum],t0.[LocalBarCode],t0.[LocalName],t0.[StorageNum],t0.[StorageType],t0.[LocalType],t0.[Rack],t0.[Length],t0.[Width],t0.[Height],t0.[X],t0.[Y],t0.[Z],t0.[UnitNum],t0.[UnitName],t0.[Remark],t0.[IsForbid],t0.[IsDefault],t0.[IsDelete],t0.[CreateTime] FROM [dbo].[Location] AS t0   WHERE t0.[LocalNum]=@0_t0_LocalNum 

日志级别:[info]
日志位置:Git.Framework.Resource.ResourceManager
日志时间:2018/12/7 17:39:57
日志内容: SQL: SELECT t0.[ID],t0.[LocalNum],t0.[LocalBarCode],t0.[LocalName],t0.[StorageNum],t0.[StorageType],t0.[LocalType],t0.[Rack],t0.[Length],t0.[Width],t0.[Height],t0.[X],t0.[Y],t0.[Z],t0.[UnitNum],t0.[UnitName],t0.[Remark],t0.[IsForbid],t0.[IsDefault],t0.[IsDelete],t0.[CreateTime] FROM [dbo].[Location] AS t0   WHERE t0.[LocalNum]=@0_t0_LocalNum 

日志级别:[info]
日志位置:Git.Framework.Resource.ResourceManager
日志时间:2018/12/7 17:39:57
日志内容: SQL: SELECT t0.[ID],t0.[LocalNum],t0.[LocalBarCode],t0.[LocalName],t0.[StorageNum],t0.[StorageType],t0.[LocalType],t0.[Rack],t0.[Length],t0.[Width],t0.[Height],t0.[X],t0.[Y],t0.[Z],t0.[UnitNum],t0.[UnitName],t0.[Remark],t0.[IsForbid],t0.[IsDefault],t0.[IsDelete],t0.[CreateTime] FROM [dbo].[Location] AS t0   WHERE t0.[LocalNum]=@0_t0_LocalNum 

