日志级别:[info]
日志位置:Git.Framework.Resource.ResourceManager
日志时间:2018/12/3 星期一 10:39:08
日志内容:FilePath:D:\03价值项目\GitA021MVC5仓库管理系统\Git.Storage.Web\Configs\Data\DbCommandFiles.config

日志级别:[info]
日志位置:Git.Framework.Resource.ResourceManager
日志时间:2018/12/3 星期一 10:39:08
日志内容:反序列化:D:\03价值项目\GitA021MVC5仓库管理系统\Git.Storage.Web\Configs\Data\DbCommandFiles.config

日志级别:[info]
日志位置:Git.Framework.Resource.ResourceManager
日志时间:2018/12/3 星期一 10:39:08
日志内容:config files length:2

日志级别:[info]
日志位置:Git.Framework.Resource.ResourceManager
日志时间:2018/12/3 星期一 10:39:08
日志内容:fileName:D:\03价值项目\GitA021MVC5仓库管理系统\Git.Storage.Web\Configs\Data\DbCommonCommand.config

日志级别:[info]
日志位置:Git.Framework.Resource.ResourceManager
日志时间:2018/12/3 星期一 10:39:08
日志内容:反序列化:D:\03价值项目\GitA021MVC5仓库管理系统\Git.Storage.Web\Configs\Data\DbCommonCommand.config

日志级别:[info]
日志位置:Git.Framework.Resource.ResourceManager
日志时间:2018/12/3 星期一 10:39:08
日志内容:fileName:D:\03价值项目\GitA021MVC5仓库管理系统\Git.Storage.Web\Configs\Data\DbReportCommand.config

日志级别:[info]
日志位置:Git.Framework.Resource.ResourceManager
日志时间:2018/12/3 星期一 10:39:08
日志内容:反序列化:D:\03价值项目\GitA021MVC5仓库管理系统\Git.Storage.Web\Configs\Data\DbReportCommand.config

日志级别:[info]
日志位置:Git.Framework.Resource.ResourceManager
日志时间:2018/12/3 星期一 10:39:08
日志内容:databaseFolder:D:\03价值项目\GitA021MVC5仓库管理系统\Git.Storage.Web\Configs\Data

日志级别:[info]
日志位置:Git.Framework.Resource.ResourceManager
日志时间:2018/12/3 星期一 10:39:08
日志内容:databaseFile:Database.config

日志级别:[info]
日志位置:Git.Framework.Resource.ResourceManager
日志时间:2018/12/3 星期一 10:39:08
日志内容:反序列化:D:\03价值项目\GitA021MVC5仓库管理系统\Git.Storage.Web\Configs\Data\Database.config

日志级别:[info]
日志位置:Git.Framework.Resource.ResourceManager
日志时间:2018/12/3 星期一 10:39:08
日志内容:instance.ConnectionString:Server=.;database=JooWMS;user id=sa;Password=lvcc

日志级别:[info]
日志位置:Git.Framework.Resource.ResourceManager
日志时间:2018/12/3 星期一 10:39:09
日志内容: SQL: SELECT COUNT(*) FROM [dbo].[Sequence] AS t0   WHERE t0.[TabName]=@0_t0_TabName

日志级别:[info]
日志位置:Git.Framework.Resource.ResourceManager
日志时间:2018/12/3 星期一 10:39:09
日志内容: SQL: SELECT COUNT(*) FROM [dbo].[Sequence] AS t0   WHERE t0.[TabName]=@0_t0_TabName

日志级别:[info]
日志位置:Git.Framework.Resource.ResourceManager
日志时间:2018/12/3 星期一 10:39:09
日志内容: SQL: SELECT COUNT(*) FROM [dbo].[Sequence] AS t0   WHERE t0.[TabName]=@0_t0_TabName

日志级别:[info]
日志位置:Git.Framework.Resource.ResourceManager
日志时间:2018/12/3 星期一 10:39:09
日志内容: SQL: SELECT COUNT(*) FROM [dbo].[Sequence] AS t0   WHERE t0.[TabName]=@0_t0_TabName

日志级别:[info]
日志位置:Git.Framework.Resource.ResourceManager
日志时间:2018/12/3 星期一 10:39:09
日志内容: SQL: SELECT COUNT(*) FROM [dbo].[Sequence] AS t0   WHERE t0.[TabName]=@0_t0_TabName

日志级别:[info]
日志位置:Git.Framework.Resource.ResourceManager
日志时间:2018/12/3 星期一 10:39:09
日志内容: SQL: SELECT COUNT(*) FROM [dbo].[Sequence] AS t0   WHERE t0.[TabName]=@0_t0_TabName

日志级别:[info]
日志位置:Git.Framework.Resource.ResourceManager
日志时间:2018/12/3 星期一 10:39:09
日志内容: SQL: SELECT COUNT(*) FROM [dbo].[Sequence] AS t0   WHERE t0.[TabName]=@0_t0_TabName

日志级别:[info]
日志位置:Git.Framework.Resource.ResourceManager
日志时间:2018/12/3 星期一 10:39:09
日志内容: SQL: SELECT COUNT(*) FROM [dbo].[Sequence] AS t0   WHERE t0.[TabName]=@0_t0_TabName

日志级别:[info]
日志位置:Git.Framework.Resource.ResourceManager
日志时间:2018/12/3 星期一 10:39:09
日志内容: SQL: SELECT COUNT(*) FROM [dbo].[Sequence] AS t0   WHERE t0.[TabName]=@0_t0_TabName

日志级别:[info]
日志位置:Git.Framework.Resource.ResourceManager
日志时间:2018/12/3 星期一 10:39:09
日志内容: SQL: SELECT COUNT(*) FROM [dbo].[Sequence] AS t0   WHERE t0.[TabName]=@0_t0_TabName

日志级别:[info]
日志位置:Git.Framework.Resource.ResourceManager
日志时间:2018/12/3 星期一 10:39:09
日志内容: SQL: SELECT COUNT(*) FROM [dbo].[Sequence] AS t0   WHERE t0.[TabName]=@0_t0_TabName

日志级别:[info]
日志位置:Git.Framework.Resource.ResourceManager
日志时间:2018/12/3 星期一 10:39:09
日志内容: SQL: SELECT COUNT(*) FROM [dbo].[Sequence] AS t0   WHERE t0.[TabName]=@0_t0_TabName

日志级别:[info]
日志位置:Git.Framework.Resource.ResourceManager
日志时间:2018/12/3 星期一 10:39:09
日志内容: SQL: SELECT COUNT(*) FROM [dbo].[Sequence] AS t0   WHERE t0.[TabName]=@0_t0_TabName

日志级别:[info]
日志位置:Git.Framework.Resource.ResourceManager
日志时间:2018/12/3 星期一 10:39:09
日志内容: SQL: SELECT COUNT(*) FROM [dbo].[Sequence] AS t0   WHERE t0.[TabName]=@0_t0_TabName

日志级别:[info]
日志位置:Git.Framework.Resource.ResourceManager
日志时间:2018/12/3 星期一 10:39:09
日志内容: SQL: SELECT COUNT(*) FROM [dbo].[Sequence] AS t0   WHERE t0.[TabName]=@0_t0_TabName

日志级别:[info]
日志位置:Git.Framework.Resource.ResourceManager
日志时间:2018/12/3 星期一 10:39:09
日志内容: SQL: SELECT COUNT(*) FROM [dbo].[Sequence] AS t0   WHERE t0.[TabName]=@0_t0_TabName

日志级别:[info]
日志位置:Git.Framework.Resource.ResourceManager
日志时间:2018/12/3 星期一 10:39:09
日志内容: SQL: SELECT COUNT(*) FROM [dbo].[Sequence] AS t0   WHERE t0.[TabName]=@0_t0_TabName

日志级别:[info]
日志位置:Git.Framework.Resource.ResourceManager
日志时间:2018/12/3 星期一 10:39:09
日志内容: SQL: SELECT COUNT(*) FROM [dbo].[Sequence] AS t0   WHERE t0.[TabName]=@0_t0_TabName

日志级别:[info]
日志位置:Git.Framework.Resource.ResourceManager
日志时间:2018/12/3 星期一 10:39:09
日志内容: SQL: SELECT COUNT(*) FROM [dbo].[Sequence] AS t0   WHERE t0.[TabName]=@0_t0_TabName

日志级别:[info]
日志位置:Git.Framework.Resource.ResourceManager
日志时间:2018/12/3 星期一 10:39:09
日志内容: SQL: SELECT COUNT(*) FROM [dbo].[Sequence] AS t0   WHERE t0.[TabName]=@0_t0_TabName

日志级别:[info]
日志位置:Git.Framework.Resource.ResourceManager
日志时间:2018/12/3 星期一 10:39:09
日志内容: SQL: SELECT COUNT(*) FROM [dbo].[Sequence] AS t0   WHERE t0.[TabName]=@0_t0_TabName

日志级别:[info]
日志位置:Git.Framework.Resource.ResourceManager
日志时间:2018/12/3 星期一 10:39:09
日志内容: SQL: SELECT COUNT(*) FROM [dbo].[Sequence] AS t0   WHERE t0.[TabName]=@0_t0_TabName

日志级别:[info]
日志位置:Git.Framework.Resource.ResourceManager
日志时间:2018/12/3 星期一 10:39:09
日志内容: SQL: SELECT COUNT(*) FROM [dbo].[Sequence] AS t0   WHERE t0.[TabName]=@0_t0_TabName

日志级别:[info]
日志位置:Git.Framework.Resource.ResourceManager
日志时间:2018/12/3 星期一 10:39:09
日志内容: SQL: SELECT COUNT(*) FROM [dbo].[Sequence] AS t0   WHERE t0.[TabName]=@0_t0_TabName

日志级别:[info]
日志位置:Git.Framework.Resource.ResourceManager
日志时间:2018/12/3 星期一 10:39:09
日志内容: SQL: SELECT COUNT(*) FROM [dbo].[Sequence] AS t0   WHERE t0.[TabName]=@0_t0_TabName

日志级别:[info]
日志位置:Git.Framework.Resource.ResourceManager
日志时间:2018/12/3 星期一 10:39:09
日志内容: SQL: SELECT COUNT(*) FROM [dbo].[Sequence] AS t0   WHERE t0.[TabName]=@0_t0_TabName

日志级别:[info]
日志位置:Git.Framework.Resource.ResourceManager
日志时间:2018/12/3 星期一 10:39:09
日志内容: SQL: SELECT COUNT(*) FROM [dbo].[Sequence] AS t0   WHERE t0.[TabName]=@0_t0_TabName

日志级别:[info]
日志位置:Git.Framework.Resource.ResourceManager
日志时间:2018/12/3 星期一 10:39:09
日志内容: SQL: SELECT COUNT(*) FROM [dbo].[Sequence] AS t0   WHERE t0.[TabName]=@0_t0_TabName

日志级别:[info]
日志位置:Git.Framework.Resource.ResourceManager
日志时间:2018/12/3 星期一 10:39:09
日志内容: SQL: SELECT COUNT(*) FROM [dbo].[Sequence] AS t0   WHERE t0.[TabName]=@0_t0_TabName

日志级别:[info]
日志位置:Git.Framework.Resource.ResourceManager
日志时间:2018/12/3 星期一 10:39:09
日志内容: SQL: SELECT COUNT(*) FROM [dbo].[Sequence] AS t0   WHERE t0.[TabName]=@0_t0_TabName

日志级别:[info]
日志位置:Git.Framework.Resource.ResourceManager
日志时间:2018/12/3 星期一 10:39:09
日志内容: SQL: SELECT COUNT(*) FROM [dbo].[Sequence] AS t0   WHERE t0.[TabName]=@0_t0_TabName

日志级别:[info]
日志位置:Git.Framework.Resource.ResourceManager
日志时间:2018/12/3 星期一 10:39:09
日志内容: SQL: SELECT COUNT(*) FROM [dbo].[Sequence] AS t0   WHERE t0.[TabName]=@0_t0_TabName

日志级别:[info]
日志位置:Git.Framework.Resource.ResourceManager
日志时间:2018/12/3 星期一 10:39:09
日志内容: SQL: SELECT COUNT(*) FROM [dbo].[Sequence] AS t0   WHERE t0.[TabName]=@0_t0_TabName

日志级别:[info]
日志位置:Git.Framework.Resource.ResourceManager
日志时间:2018/12/3 星期一 10:39:09
日志内容: SQL: SELECT COUNT(*) FROM [dbo].[Sequence] AS t0   WHERE t0.[TabName]=@0_t0_TabName

日志级别:[info]
日志位置:Git.Framework.Resource.ResourceManager
日志时间:2018/12/3 星期一 10:39:09
日志内容: SQL: SELECT COUNT(*) FROM [dbo].[Sequence] AS t0   WHERE t0.[TabName]=@0_t0_TabName

日志级别:[info]
日志位置:Git.Framework.Resource.ResourceManager
日志时间:2018/12/3 星期一 10:39:09
日志内容: SQL: SELECT COUNT(*) FROM [dbo].[Sequence] AS t0   WHERE t0.[TabName]=@0_t0_TabName

日志级别:[info]
日志位置:Git.Framework.Resource.ResourceManager
日志时间:2018/12/3 星期一 10:39:09
日志内容: SQL: SELECT * FROM [dbo].[Storage]

日志级别:[info]
日志位置:Git.Framework.Resource.ResourceManager
日志时间:2018/12/3 星期一 10:40:22
日志内容: SQL: SELECT t0.[ID],t0.[UserName],t0.[PassWord],t0.[UserCode],t0.[RealName],t0.[Email],t0.[Mobile],t0.[Phone],t0.[CreateTime],t0.[CreateIp],t0.[CreateUser],t0.[LoginCount],t0.[Picture],t0.[UpdateTime],t0.[IsDelete],t0.[Status],t0.[DepartNum],t0.[ParentCode],t0.[RoleNum],t0.[Remark],t1.[RoleName] AS RoleName FROM [dbo].[Admin] AS t0  LEFT JOIN [dbo].[SysRole] AS t1 ON  t0.[RoleNum]=t1.[RoleNum]  WHERE t0.[UserName]=@0_t0_UserName AND t0.[PassWord]=@1_t0_PassWord 

日志级别:[info]
日志位置:Git.Framework.Resource.ResourceManager
日志时间:2018/12/3 星期一 10:51:27
日志内容: SQL: SELECT t0.[ID],t0.[UserName],t0.[PassWord],t0.[UserCode],t0.[RealName],t0.[Email],t0.[Mobile],t0.[Phone],t0.[CreateTime],t0.[CreateIp],t0.[CreateUser],t0.[LoginCount],t0.[Picture],t0.[UpdateTime],t0.[IsDelete],t0.[Status],t0.[DepartNum],t0.[ParentCode],t0.[RoleNum],t0.[Remark],t1.[RoleName] AS RoleName FROM [dbo].[Admin] AS t0  LEFT JOIN [dbo].[SysRole] AS t1 ON  t0.[RoleNum]=t1.[RoleNum]  WHERE t0.[UserName]=@0_t0_UserName AND t0.[PassWord]=@1_t0_PassWord 

日志级别:[info]
日志位置:Git.Framework.Resource.ResourceManager
日志时间:2018/12/3 星期一 10:51:27
日志内容: SQL: SELECT t0.[ID],t0.[UserName],t0.[PassWord],t0.[UserCode],t0.[RealName],t0.[Email],t0.[Mobile],t0.[Phone],t0.[CreateTime],t0.[CreateIp],t0.[CreateUser],t0.[LoginCount],t0.[Picture],t0.[UpdateTime],t0.[IsDelete],t0.[Status],t0.[DepartNum],t0.[ParentCode],t0.[RoleNum],t0.[Remark],t1.[RoleName] AS RoleName FROM [dbo].[Admin] AS t0  LEFT JOIN [dbo].[SysRole] AS t1 ON  t0.[RoleNum]=t1.[RoleNum]  WHERE t0.[UserName]=@0_t0_UserName AND t0.[PassWord]=@1_t0_PassWord 

日志级别:[info]
日志位置:Git.Framework.Resource.ResourceManager
日志时间:2018/12/3 星期一 10:51:34
日志内容: SQL: SELECT t0.[ID],t0.[UserName],t0.[PassWord],t0.[UserCode],t0.[RealName],t0.[Email],t0.[Mobile],t0.[Phone],t0.[CreateTime],t0.[CreateIp],t0.[CreateUser],t0.[LoginCount],t0.[Picture],t0.[UpdateTime],t0.[IsDelete],t0.[Status],t0.[DepartNum],t0.[ParentCode],t0.[RoleNum],t0.[Remark],t1.[RoleName] AS RoleName FROM [dbo].[Admin] AS t0  LEFT JOIN [dbo].[SysRole] AS t1 ON  t0.[RoleNum]=t1.[RoleNum]  WHERE t0.[UserName]=@0_t0_UserName AND t0.[PassWord]=@1_t0_PassWord 

日志级别:[info]
日志位置:Git.Framework.Resource.ResourceManager
日志时间:2018/12/3 星期一 10:51:35
日志内容: SQL :UPDATE [dbo].[Admin] SET [LoginCount]=@LoginCount  WHERE Admin.[UserCode]=@0_Admin_UserCode

日志级别:[info]
日志位置:Git.Framework.Resource.ResourceManager
日志时间:2018/12/3 星期一 10:51:35
日志内容: SQL :UPDATE [dbo].[Admin] SET [LoginCount]=@LoginCount  WHERE Admin.[UserName]=@0_Admin_UserName AND Admin.[PassWord]=@1_Admin_PassWord

日志级别:[info]
日志位置:Git.Framework.Resource.ResourceManager
日志时间:2018/12/3 星期一 10:51:35
日志内容: SQL: SELECT t0.[ID],t0.[ResNum],t0.[ResName],t0.[ParentNum],t0.[Depth],t0.[ParentPath],t0.[ChildCount],t0.[Sort],t0.[IsHide],t0.[IsDelete],t0.[Url],t0.[CssName],t0.[CreateTime],t0.[Depart],t0.[ResType],t0.[UpdateTime],t0.[CreateUser],t0.[UpdateUser],t0.[CreateIp],t0.[UpdateIp],t0.[Remark] FROM [dbo].[SysResource] AS t0   WHERE t0.[IsDelete]=@0_t0_IsDelete 

日志级别:[info]
日志位置:Git.Framework.Resource.ResourceManager
日志时间:2018/12/3 星期一 10:51:35
日志内容: SQL: SELECT t0.[ID],t0.[RoleNum],t0.[ResNum],t0.[ResType] FROM [dbo].[SysRelation] AS t0   

日志级别:[info]
日志位置:Git.Framework.Resource.ResourceManager
日志时间:2018/12/3 星期一 10:51:35
日志内容: SQL: SELECT * FROM [dbo].[Storage]

日志级别:[info]
日志位置:Git.Framework.Resource.ResourceManager
日志时间:2018/12/3 星期一 10:51:48
日志内容: SQL: SELECT * FROM [dbo].[Storage]

日志级别:[info]
日志位置:Git.Framework.Resource.ResourceManager
日志时间:2018/12/3 星期一 10:51:48
日志内容: SQL: SELECT t0.[ID],t0.[RoleNum],t0.[RoleName],t0.[IsDelete],t0.[CreateTime],t0.[Remark] FROM [dbo].[SysRole] AS t0   WHERE t0.[IsDelete]=@0_t0_IsDelete 

日志级别:[info]
日志位置:Git.Framework.Resource.ResourceManager
日志时间:2018/12/3 星期一 10:51:48
日志内容: SQL: SELECT t0.[ID],t0.[ChildCount],t0.[CreateTime],t0.[DepartName],t0.[DepartNum],t0.[Depth],t0.[ParentNum] FROM [dbo].[SysDepart] AS t0   WHERE t0.[IsDelete]=@0_t0_IsDelete 

日志级别:[info]
日志位置:Git.Framework.Resource.ResourceManager
日志时间:2018/12/3 星期一 10:51:49
日志内容: SQL: DECLARE @StartIndex INT SET @StartIndex = 1 SELECT @RecordCount=COUNT(*) FROM [dbo].[Admin] AS t0  LEFT JOIN [dbo].[SysRole] AS t1 ON  t0.[RoleNum]=t1.[RoleNum] LEFT JOIN [dbo].[SysDepart] AS t2 ON  t0.[DepartNum]=t2.[DepartNum]  WHERE t0.[IsDelete]=@0_t0_IsDelete IF (@PageIndex<=1) BEGIN SET @PageIndex=1 END SET @StartIndex = ( @PageIndex - 1 ) * @PageSize + 1 ; WITH TempTable AS( SELECT ROW_NUMBER() OVER (ORDER BY t0.[ID] DESC) RowNumber,t0.[ID],t0.[UserName],t0.[PassWord],t0.[UserCode],t0.[RealName],t0.[Email],t0.[Mobile],t0.[Phone],t0.[CreateTime],t0.[CreateIp],t0.[CreateUser],t0.[LoginCount],t0.[Picture],t0.[UpdateTime],t0.[IsDelete],t0.[Status],t0.[DepartNum],t0.[ParentCode],t0.[RoleNum],t0.[Remark],t1.[RoleName] AS RoleName,t2.[DepartName] AS DepartName FROM [dbo].[Admin] AS t0  LEFT JOIN [dbo].[SysRole] AS t1 ON  t0.[RoleNum]=t1.[RoleNum] LEFT JOIN [dbo].[SysDepart] AS t2 ON  t0.[DepartNum]=t2.[DepartNum]  WHERE t0.[IsDelete]=@0_t0_IsDelete ) SELECT * FROM TempTable WHERE RowNumber BETWEEN (@StartIndex) AND (@PageIndex * @PageSize) 

日志级别:[info]
日志位置:Git.Framework.Resource.ResourceManager
日志时间:2018/12/3 星期一 10:51:49
日志内容:分页查询SQL语句组装时间:2

日志级别:[info]
日志位置:Git.Framework.Resource.ResourceManager
日志时间:2018/12/3 星期一 10:51:49
日志内容:分页查询SQL语句查询时间:103

日志级别:[info]
日志位置:Git.Framework.Resource.ResourceManager
日志时间:2018/12/3 星期一 10:52:26
日志内容: SQL: SELECT * FROM [dbo].[Storage]

日志级别:[info]
日志位置:Git.Framework.Resource.ResourceManager
日志时间:2018/12/3 星期一 10:52:33
日志内容: SQL: SELECT * FROM [dbo].[Storage]

日志级别:[info]
日志位置:Git.Framework.Resource.ResourceManager
日志时间:2018/12/3 星期一 10:52:33
日志内容: SQL: SELECT * FROM [dbo].[Storage]

日志级别:[info]
日志位置:Git.Framework.Resource.ResourceManager
日志时间:2018/12/3 星期一 10:52:34
日志内容: SQL: DECLARE @StartIndex INT SET @StartIndex = 1 SELECT @RecordCount=COUNT(*) FROM [dbo].[Location] AS t0  LEFT JOIN [dbo].[Storage] AS t1 ON  t0.[StorageNum]=t1.[StorageNum]  WHERE t0.[StorageNum]=@0_t0_StorageNum AND t0.[IsDelete]=@1_t0_IsDelete IF (@PageIndex<=1) BEGIN SET @PageIndex=1 END SET @StartIndex = ( @PageIndex - 1 ) * @PageSize + 1 ; WITH TempTable AS( SELECT ROW_NUMBER() OVER (ORDER BY t0.[ID] DESC) RowNumber,t0.[ID],t0.[LocalNum],t0.[LocalBarCode],t0.[LocalName],t0.[StorageNum],t0.[StorageType],t0.[LocalType],t0.[Rack],t0.[Length],t0.[Width],t0.[Height],t0.[X],t0.[Y],t0.[Z],t0.[UnitNum],t0.[UnitName],t0.[Remark],t0.[IsForbid],t0.[IsDefault],t0.[IsDelete],t0.[CreateTime],t1.[StorageName] AS StorageName FROM [dbo].[Location] AS t0  LEFT JOIN [dbo].[Storage] AS t1 ON  t0.[StorageNum]=t1.[StorageNum]  WHERE t0.[StorageNum]=@0_t0_StorageNum AND t0.[IsDelete]=@1_t0_IsDelete ) SELECT * FROM TempTable WHERE RowNumber BETWEEN (@StartIndex) AND (@PageIndex * @PageSize) 

日志级别:[info]
日志位置:Git.Framework.Resource.ResourceManager
日志时间:2018/12/3 星期一 10:52:34
日志内容:分页查询SQL语句组装时间:0

日志级别:[info]
日志位置:Git.Framework.Resource.ResourceManager
日志时间:2018/12/3 星期一 10:52:34
日志内容:分页查询SQL语句查询时间:55

日志级别:[info]
日志位置:Git.Framework.Resource.ResourceManager
日志时间:2018/12/3 星期一 10:52:34
日志内容: SQL: SELECT * FROM [dbo].[Storage]

日志级别:[info]
日志位置:Git.Framework.Resource.ResourceManager
日志时间:2018/12/3 星期一 10:52:37
日志内容: SQL: SELECT * FROM [dbo].[Storage]

日志级别:[info]
日志位置:Git.Framework.Resource.ResourceManager
日志时间:2018/12/3 星期一 10:52:39
日志内容: SQL: SELECT t0.[ID],t0.[SupNum],t0.[SupName],t0.[SupType],t0.[Phone],t0.[Fax],t0.[Email],t0.[ContactName],t0.[Address],t0.[CreateUser],t0.[Description],t0.[ContractNum],t0.[IsDelete],t0.[CreateTime] FROM [dbo].[Supplier] AS t0   WHERE t0.[IsDelete]=@0_t0_IsDelete ORDER BY t0.[ID] DESC

日志级别:[info]
日志位置:Git.Framework.Resource.ResourceManager
日志时间:2018/12/3 星期一 10:52:42
日志内容: SQL: SELECT * FROM [dbo].[Storage]

日志级别:[info]
日志位置:Git.Framework.Resource.ResourceManager
日志时间:2018/12/3 星期一 10:52:44
日志内容: SQL: DECLARE @StartIndex INT SET @StartIndex = 1 SELECT @RecordCount=COUNT(*) FROM [dbo].[BadReport] AS t0  LEFT JOIN [dbo].[Admin] AS t1 ON  t0.[CreateUser]=t1.[UserCode]  WHERE t0.[StorageNum]=@0_t0_StorageNum AND t0.[IsDelete]=@1_t0_IsDelete IF (@PageIndex<=1) BEGIN SET @PageIndex=1 END SET @StartIndex = ( @PageIndex - 1 ) * @PageSize + 1 ; WITH TempTable AS( SELECT ROW_NUMBER() OVER (ORDER BY t0.[ID] DESC) RowNumber,t0.[ID],t0.[OrderNum],t0.[BadType],t0.[ProductType],t0.[StorageNum],t0.[ContractOrder],t0.[Status],t0.[Num],t0.[Amount],t0.[Weight],t0.[IsDelete],t0.[CreateTime],t0.[CreateUser],t0.[AuditUser],t0.[AuditeTime],t0.[PrintUser],t0.[PrintTime],t0.[Reason],t0.[OperateType],t0.[EquipmentNum],t0.[EquipmentCode],t0.[Remark],t1.[UserName] AS CreateUserName FROM [dbo].[BadReport] AS t0  LEFT JOIN [dbo].[Admin] AS t1 ON  t0.[CreateUser]=t1.[UserCode]  WHERE t0.[StorageNum]=@0_t0_StorageNum AND t0.[IsDelete]=@1_t0_IsDelete ) SELECT * FROM TempTable WHERE RowNumber BETWEEN (@StartIndex) AND (@PageIndex * @PageSize) 

日志级别:[info]
日志位置:Git.Framework.Resource.ResourceManager
日志时间:2018/12/3 星期一 10:52:44
日志内容:分页查询SQL语句组装时间:0

日志级别:[info]
日志位置:Git.Framework.Resource.ResourceManager
日志时间:2018/12/3 星期一 10:52:44
日志内容:分页查询SQL语句查询时间:101

日志级别:[info]
日志位置:Git.Framework.Resource.ResourceManager
日志时间:2018/12/3 星期一 10:53:41
日志内容: SQL: SELECT * FROM [dbo].[Storage]

日志级别:[info]
日志位置:Git.Framework.Resource.ResourceManager
日志时间:2018/12/3 星期一 10:54:00
日志内容: SQL: SELECT * FROM [dbo].[Storage]

日志级别:[info]
日志位置:Git.Framework.Resource.ResourceManager
日志时间:2018/12/3 星期一 10:54:14
日志内容: SQL: SELECT t0.[ID],t0.[UserName],t0.[PassWord],t0.[UserCode],t0.[RealName],t0.[Email],t0.[Mobile],t0.[Phone],t0.[CreateTime],t0.[CreateIp],t0.[CreateUser],t0.[LoginCount],t0.[Picture],t0.[UpdateTime],t0.[IsDelete],t0.[Status],t0.[DepartNum],t0.[ParentCode],t0.[RoleNum],t0.[Remark],t1.[RoleName] AS RoleName FROM [dbo].[Admin] AS t0  LEFT JOIN [dbo].[SysRole] AS t1 ON  t0.[RoleNum]=t1.[RoleNum]  WHERE t0.[UserName]=@0_t0_UserName AND t0.[PassWord]=@1_t0_PassWord 

日志级别:[info]
日志位置:Git.Framework.Resource.ResourceManager
日志时间:2018/12/3 星期一 10:54:18
日志内容: SQL: SELECT t0.[ID],t0.[UserName],t0.[PassWord],t0.[UserCode],t0.[RealName],t0.[Email],t0.[Mobile],t0.[Phone],t0.[CreateTime],t0.[CreateIp],t0.[CreateUser],t0.[LoginCount],t0.[Picture],t0.[UpdateTime],t0.[IsDelete],t0.[Status],t0.[DepartNum],t0.[ParentCode],t0.[RoleNum],t0.[Remark],t1.[RoleName] AS RoleName FROM [dbo].[Admin] AS t0  LEFT JOIN [dbo].[SysRole] AS t1 ON  t0.[RoleNum]=t1.[RoleNum]  WHERE t0.[UserName]=@0_t0_UserName AND t0.[PassWord]=@1_t0_PassWord 

日志级别:[info]
日志位置:Git.Framework.Resource.ResourceManager
日志时间:2018/12/3 星期一 10:54:26
日志内容: SQL: SELECT t0.[ID],t0.[UserName],t0.[PassWord],t0.[UserCode],t0.[RealName],t0.[Email],t0.[Mobile],t0.[Phone],t0.[CreateTime],t0.[CreateIp],t0.[CreateUser],t0.[LoginCount],t0.[Picture],t0.[UpdateTime],t0.[IsDelete],t0.[Status],t0.[DepartNum],t0.[ParentCode],t0.[RoleNum],t0.[Remark],t1.[RoleName] AS RoleName FROM [dbo].[Admin] AS t0  LEFT JOIN [dbo].[SysRole] AS t1 ON  t0.[RoleNum]=t1.[RoleNum]  WHERE t0.[UserName]=@0_t0_UserName AND t0.[PassWord]=@1_t0_PassWord 

日志级别:[info]
日志位置:Git.Framework.Resource.ResourceManager
日志时间:2018/12/3 星期一 10:54:26
日志内容: SQL :UPDATE [dbo].[Admin] SET [LoginCount]=@LoginCount  WHERE Admin.[UserCode]=@0_Admin_UserCode

日志级别:[info]
日志位置:Git.Framework.Resource.ResourceManager
日志时间:2018/12/3 星期一 10:54:26
日志内容: SQL :UPDATE [dbo].[Admin] SET [LoginCount]=@LoginCount  WHERE Admin.[UserName]=@0_Admin_UserName AND Admin.[PassWord]=@1_Admin_PassWord

日志级别:[info]
日志位置:Git.Framework.Resource.ResourceManager
日志时间:2018/12/3 星期一 10:54:27
日志内容: SQL: SELECT * FROM [dbo].[Storage]

日志级别:[info]
日志位置:Git.Framework.Resource.ResourceManager
日志时间:2018/12/3 星期一 10:54:35
日志内容: SQL: SELECT * FROM [dbo].[Storage]

日志级别:[info]
日志位置:Git.Framework.Resource.ResourceManager
日志时间:2018/12/3 星期一 10:54:37
日志内容: SQL: DECLARE @StartIndex INT SET @StartIndex = 1 SELECT @RecordCount=COUNT(*) FROM [dbo].[InStorage] AS t0  LEFT JOIN [dbo].[Admin] AS t1 ON  t0.[CreateUser]=t1.[UserCode]  WHERE t0.[StorageNum]=@0_t0_StorageNum AND t0.[IsDelete]=@1_t0_IsDelete IF (@PageIndex<=1) BEGIN SET @PageIndex=1 END SET @StartIndex = ( @PageIndex - 1 ) * @PageSize + 1 ; WITH TempTable AS( SELECT ROW_NUMBER() OVER (ORDER BY t0.[ID] DESC) RowNumber,t0.[ID],t0.[OrderNum],t0.[InType],t0.[ProductType],t0.[StorageNum],t0.[SupNum],t0.[SupName],t0.[ContactName],t0.[Phone],t0.[Address],t0.[ContractOrder],t0.[ContractType],t0.[Status],t0.[IsDelete],t0.[Num],t0.[Amount],t0.[NetWeight],t0.[GrossWeight],t0.[OrderTime],t0.[CreateTime],t0.[CreateUser],t0.[AuditUser],t0.[AuditeTime],t0.[PrintUser],t0.[PrintTime],t0.[StoreKeeper],t0.[Reason],t0.[OperateType],t0.[EquipmentNum],t0.[EquipmentCode],t0.[Remark],t1.[UserName] AS CreateUserName FROM [dbo].[InStorage] AS t0  LEFT JOIN [dbo].[Admin] AS t1 ON  t0.[CreateUser]=t1.[UserCode]  WHERE t0.[StorageNum]=@0_t0_StorageNum AND t0.[IsDelete]=@1_t0_IsDelete ) SELECT * FROM TempTable WHERE RowNumber BETWEEN (@StartIndex) AND (@PageIndex * @PageSize) 

日志级别:[info]
日志位置:Git.Framework.Resource.ResourceManager
日志时间:2018/12/3 星期一 10:54:37
日志内容:分页查询SQL语句组装时间:0

日志级别:[info]
日志位置:Git.Framework.Resource.ResourceManager
日志时间:2018/12/3 星期一 10:54:37
日志内容:分页查询SQL语句查询时间:17

日志级别:[info]
日志位置:Git.Framework.Resource.ResourceManager
日志时间:2018/12/3 星期一 10:54:51
日志内容: SQL: SELECT * FROM [dbo].[Storage]

日志级别:[info]
日志位置:Git.Framework.Resource.ResourceManager
日志时间:2018/12/3 星期一 10:54:51
日志内容: SQL: SELECT * FROM [dbo].[Storage]

日志级别:[info]
日志位置:Git.Framework.Resource.ResourceManager
日志时间:2018/12/3 星期一 10:54:52
日志内容: SQL: SELECT t0.[ID],t0.[UserName],t0.[PassWord],t0.[UserCode],t0.[RealName],t0.[Email],t0.[Mobile],t0.[Phone],t0.[CreateTime],t0.[CreateIp],t0.[CreateUser],t0.[LoginCount],t0.[Picture],t0.[UpdateTime],t0.[IsDelete],t0.[Status],t0.[DepartNum],t0.[ParentCode],t0.[RoleNum],t0.[Remark],t1.[RoleName] AS RoleName FROM [dbo].[Admin] AS t0  LEFT JOIN [dbo].[SysRole] AS t1 ON  t0.[RoleNum]=t1.[RoleNum]  WHERE t0.[UserName]=@0_t0_UserName AND t0.[PassWord]=@1_t0_PassWord 

