日志级别:[info]
日志位置:Git.Framework.Resource.ResourceManager
日志时间:2018/8/12 星期日 9:24:45
日志内容:FilePath:D:\03测试项目\A021 MVC5仓库管理系统\A021 MVC5仓库管理系统\Git.Storage.Web\Configs\Data\DbCommandFiles.config

日志级别:[info]
日志位置:Git.Framework.Resource.ResourceManager
日志时间:2018/8/12 星期日 9:24:45
日志内容:反序列化:D:\03测试项目\A021 MVC5仓库管理系统\A021 MVC5仓库管理系统\Git.Storage.Web\Configs\Data\DbCommandFiles.config

日志级别:[info]
日志位置:Git.Framework.Resource.ResourceManager
日志时间:2018/8/12 星期日 9:24:45
日志内容:config files length:2

日志级别:[info]
日志位置:Git.Framework.Resource.ResourceManager
日志时间:2018/8/12 星期日 9:24:45
日志内容:fileName:D:\03测试项目\A021 MVC5仓库管理系统\A021 MVC5仓库管理系统\Git.Storage.Web\Configs\Data\DbCommonCommand.config

日志级别:[info]
日志位置:Git.Framework.Resource.ResourceManager
日志时间:2018/8/12 星期日 9:24:45
日志内容:反序列化:D:\03测试项目\A021 MVC5仓库管理系统\A021 MVC5仓库管理系统\Git.Storage.Web\Configs\Data\DbCommonCommand.config

日志级别:[info]
日志位置:Git.Framework.Resource.ResourceManager
日志时间:2018/8/12 星期日 9:24:45
日志内容:fileName:D:\03测试项目\A021 MVC5仓库管理系统\A021 MVC5仓库管理系统\Git.Storage.Web\Configs\Data\DbReportCommand.config

日志级别:[info]
日志位置:Git.Framework.Resource.ResourceManager
日志时间:2018/8/12 星期日 9:24:45
日志内容:反序列化:D:\03测试项目\A021 MVC5仓库管理系统\A021 MVC5仓库管理系统\Git.Storage.Web\Configs\Data\DbReportCommand.config

日志级别:[info]
日志位置:Git.Framework.Resource.ResourceManager
日志时间:2018/8/12 星期日 9:24:45
日志内容:databaseFolder:D:\03测试项目\A021 MVC5仓库管理系统\A021 MVC5仓库管理系统\Git.Storage.Web\Configs\Data

日志级别:[info]
日志位置:Git.Framework.Resource.ResourceManager
日志时间:2018/8/12 星期日 9:24:45
日志内容:databaseFile:Database.config

日志级别:[info]
日志位置:Git.Framework.Resource.ResourceManager
日志时间:2018/8/12 星期日 9:24:45
日志内容:反序列化:D:\03测试项目\A021 MVC5仓库管理系统\A021 MVC5仓库管理系统\Git.Storage.Web\Configs\Data\Database.config

日志级别:[info]
日志位置:Git.Framework.Resource.ResourceManager
日志时间:2018/8/12 星期日 9:24:45
日志内容:instance.ConnectionString:Server=DESKTOP-UUDHJ5C\YANG;database=JooWMS;user id=sa;Password=sasasa

日志级别:[error]
日志位置:Git.Framework.Resource.ResourceManager
日志时间:2018/8/12 星期日 9:25:01
日志内容:20  	DataCommand Execution error, command text:
select * from sysobjects where xtype='U'
command parameters inforamtion:

	Exception: System.Data.SqlClient.SqlException (0x80131904): 在与 SQL Server 建立连接时出现与网络相关的或特定于实例的错误。未找到或无法访问服务器。请验证实例名称是否正确并且 SQL Server 已配置为允许远程连接。 (provider: SQL Network Interfaces, error: 26 - 定位指定的服务器/实例时出错)
   在 System.Data.SqlClient.SqlInternalConnectionTds..ctor(DbConnectionPoolIdentity identity, SqlConnectionString connectionOptions, SqlCredential credential, Object providerInfo, String newPassword, SecureString newSecurePassword, Boolean redirectedUserInstance, SqlConnectionString userConnectionOptions, SessionData reconnectSessionData, DbConnectionPool pool, String accessToken, Boolean applyTransientFaultHandling)
   在 System.Data.SqlClient.SqlConnectionFactory.CreateConnection(DbConnectionOptions options, DbConnectionPoolKey poolKey, Object poolGroupProviderInfo, DbConnectionPool pool, DbConnection owningConnection, DbConnectionOptions userOptions)
   在 System.Data.ProviderBase.DbConnectionFactory.CreatePooledConnection(DbConnectionPool pool, DbConnection owningObject, DbConnectionOptions options, DbConnectionPoolKey poolKey, DbConnectionOptions userOptions)
   在 System.Data.ProviderBase.DbConnectionPool.CreateObject(DbConnection owningObject, DbConnectionOptions userOptions, DbConnectionInternal oldConnection)
   在 System.Data.ProviderBase.DbConnectionPool.UserCreateRequest(DbConnection owningObject, DbConnectionOptions userOptions, DbConnectionInternal oldConnection)
   在 System.Data.ProviderBase.DbConnectionPool.TryGetConnection(DbConnection owningObject, UInt32 waitForMultipleObjectsTimeout, Boolean allowCreate, Boolean onlyOneCheckConnection, DbConnectionOptions userOptions, DbConnectionInternal& connection)
   在 System.Data.ProviderBase.DbConnectionPool.TryGetConnection(DbConnection owningObject, TaskCompletionSource`1 retry, DbConnectionOptions userOptions, DbConnectionInternal& connection)
   在 System.Data.ProviderBase.DbConnectionFactory.TryGetConnection(DbConnection owningConnection, TaskCompletionSource`1 retry, DbConnectionOptions userOptions, DbConnectionInternal oldConnection, DbConnectionInternal& connection)
   在 System.Data.ProviderBase.DbConnectionInternal.TryOpenConnectionInternal(DbConnection outerConnection, DbConnectionFactory connectionFactory, TaskCompletionSource`1 retry, DbConnectionOptions userOptions)
   在 System.Data.ProviderBase.DbConnectionClosed.TryOpenConnection(DbConnection outerConnection, DbConnectionFactory connectionFactory, TaskCompletionSource`1 retry, DbConnectionOptions userOptions)
   在 System.Data.SqlClient.SqlConnection.TryOpenInner(TaskCompletionSource`1 retry)
   在 System.Data.SqlClient.SqlConnection.TryOpen(TaskCompletionSource`1 retry)
   在 System.Data.SqlClient.SqlConnection.Open()
   在 Microsoft.Practices.EnterpriseLibrary.Data.Database.GetNewOpenConnection()
   在 Microsoft.Practices.EnterpriseLibrary.Data.Database.GetWrappedConnection()
   在 Microsoft.Practices.EnterpriseLibrary.Data.Database.GetOpenConnection()
   在 Microsoft.Practices.EnterpriseLibrary.Data.Database.LoadDataSet(DbCommand command, DataSet dataSet, String[] tableNames)
   在 Microsoft.Practices.EnterpriseLibrary.Data.Database.LoadDataSet(DbCommand command, DataSet dataSet, String tableName)
   在 Microsoft.Practices.EnterpriseLibrary.Data.Database.ExecuteDataSet(DbCommand command)
   在 Git.Framework.MsSql.DataAccess.DataCommand.ExecuteDataSet(Boolean isOpenTrans)
ClientConnectionId:00000000-0000-0000-0000-000000000000
Error Number:-1,State:0,Class:20

日志级别:[error]
日志位置:Git.Framework.Resource.ResourceManager
日志时间:2018/8/12 星期日 9:25:01
日志内容:在与 SQL Server 建立连接时出现与网络相关的或特定于实例的错误。未找到或无法访问服务器。请验证实例名称是否正确并且 SQL Server 已配置为允许远程连接。 (provider: SQL Network Interfaces, error: 26 - 定位指定的服务器/实例时出错)

日志级别:[info]
日志位置:Git.Framework.Resource.ResourceManager
日志时间:2018/8/12 星期日 9:27:08
日志内容:反序列化:D:\03测试项目\A021 MVC5仓库管理系统\A021 MVC5仓库管理系统\Git.Storage.Web\Configs\Data\Database.config

日志级别:[info]
日志位置:Git.Framework.Resource.ResourceManager
日志时间:2018/8/12 星期日 9:27:08
日志内容:instance.ConnectionString:Server=.;database=JooWMS;user id=sa;Password=lvcc

日志级别:[info]
日志位置:Git.Framework.Resource.ResourceManager
日志时间:2018/8/12 星期日 9:27:11
日志内容: SQL: SELECT * FROM [dbo].[Storage]

日志级别:[info]
日志位置:Git.Framework.Resource.ResourceManager
日志时间:2018/8/12 星期日 9:31:21
日志内容: SQL: SELECT * FROM [dbo].[Storage]

日志级别:[info]
日志位置:Git.Framework.Resource.ResourceManager
日志时间:2018/8/12 星期日 9:31:32
日志内容: SQL: SELECT * FROM [dbo].[Storage]

日志级别:[info]
日志位置:Git.Framework.Resource.ResourceManager
日志时间:2018/8/12 星期日 9:39:50
日志内容:FilePath:D:\03测试项目\A021 MVC5仓库管理系统\A021 MVC5仓库管理系统\Git.Storage.Web\Configs\Data\DbCommandFiles.config

日志级别:[info]
日志位置:Git.Framework.Resource.ResourceManager
日志时间:2018/8/12 星期日 9:39:50
日志内容:反序列化:D:\03测试项目\A021 MVC5仓库管理系统\A021 MVC5仓库管理系统\Git.Storage.Web\Configs\Data\DbCommandFiles.config

日志级别:[info]
日志位置:Git.Framework.Resource.ResourceManager
日志时间:2018/8/12 星期日 9:39:50
日志内容:config files length:2

日志级别:[info]
日志位置:Git.Framework.Resource.ResourceManager
日志时间:2018/8/12 星期日 9:39:50
日志内容:fileName:D:\03测试项目\A021 MVC5仓库管理系统\A021 MVC5仓库管理系统\Git.Storage.Web\Configs\Data\DbCommonCommand.config

日志级别:[info]
日志位置:Git.Framework.Resource.ResourceManager
日志时间:2018/8/12 星期日 9:39:50
日志内容:反序列化:D:\03测试项目\A021 MVC5仓库管理系统\A021 MVC5仓库管理系统\Git.Storage.Web\Configs\Data\DbCommonCommand.config

日志级别:[info]
日志位置:Git.Framework.Resource.ResourceManager
日志时间:2018/8/12 星期日 9:39:50
日志内容:fileName:D:\03测试项目\A021 MVC5仓库管理系统\A021 MVC5仓库管理系统\Git.Storage.Web\Configs\Data\DbReportCommand.config

日志级别:[info]
日志位置:Git.Framework.Resource.ResourceManager
日志时间:2018/8/12 星期日 9:39:50
日志内容:反序列化:D:\03测试项目\A021 MVC5仓库管理系统\A021 MVC5仓库管理系统\Git.Storage.Web\Configs\Data\DbReportCommand.config

日志级别:[info]
日志位置:Git.Framework.Resource.ResourceManager
日志时间:2018/8/12 星期日 9:39:50
日志内容:databaseFolder:D:\03测试项目\A021 MVC5仓库管理系统\A021 MVC5仓库管理系统\Git.Storage.Web\Configs\Data

日志级别:[info]
日志位置:Git.Framework.Resource.ResourceManager
日志时间:2018/8/12 星期日 9:39:50
日志内容:databaseFile:Database.config

日志级别:[info]
日志位置:Git.Framework.Resource.ResourceManager
日志时间:2018/8/12 星期日 9:39:50
日志内容:反序列化:D:\03测试项目\A021 MVC5仓库管理系统\A021 MVC5仓库管理系统\Git.Storage.Web\Configs\Data\Database.config

日志级别:[info]
日志位置:Git.Framework.Resource.ResourceManager
日志时间:2018/8/12 星期日 9:39:50
日志内容:instance.ConnectionString:Server=.;database=JooWMS;user id=sa;Password=lvcc

日志级别:[info]
日志位置:Git.Framework.Resource.ResourceManager
日志时间:2018/8/12 星期日 9:39:51
日志内容: SQL: SELECT COUNT(*) FROM [dbo].[Sequence] AS t0   WHERE t0.[TabName]=@0_t0_TabName

日志级别:[info]
日志位置:Git.Framework.Resource.ResourceManager
日志时间:2018/8/12 星期日 9:39:51
日志内容: SQL: SELECT COUNT(*) FROM [dbo].[Sequence] AS t0   WHERE t0.[TabName]=@0_t0_TabName

日志级别:[info]
日志位置:Git.Framework.Resource.ResourceManager
日志时间:2018/8/12 星期日 9:39:51
日志内容: SQL: SELECT COUNT(*) FROM [dbo].[Sequence] AS t0   WHERE t0.[TabName]=@0_t0_TabName

日志级别:[info]
日志位置:Git.Framework.Resource.ResourceManager
日志时间:2018/8/12 星期日 9:39:51
日志内容: SQL: SELECT COUNT(*) FROM [dbo].[Sequence] AS t0   WHERE t0.[TabName]=@0_t0_TabName

日志级别:[info]
日志位置:Git.Framework.Resource.ResourceManager
日志时间:2018/8/12 星期日 9:39:51
日志内容: SQL: SELECT COUNT(*) FROM [dbo].[Sequence] AS t0   WHERE t0.[TabName]=@0_t0_TabName

日志级别:[info]
日志位置:Git.Framework.Resource.ResourceManager
日志时间:2018/8/12 星期日 9:39:51
日志内容: SQL: SELECT COUNT(*) FROM [dbo].[Sequence] AS t0   WHERE t0.[TabName]=@0_t0_TabName

日志级别:[info]
日志位置:Git.Framework.Resource.ResourceManager
日志时间:2018/8/12 星期日 9:39:51
日志内容: SQL: SELECT COUNT(*) FROM [dbo].[Sequence] AS t0   WHERE t0.[TabName]=@0_t0_TabName

日志级别:[info]
日志位置:Git.Framework.Resource.ResourceManager
日志时间:2018/8/12 星期日 9:39:51
日志内容: SQL: SELECT COUNT(*) FROM [dbo].[Sequence] AS t0   WHERE t0.[TabName]=@0_t0_TabName

日志级别:[info]
日志位置:Git.Framework.Resource.ResourceManager
日志时间:2018/8/12 星期日 9:39:51
日志内容: SQL: SELECT COUNT(*) FROM [dbo].[Sequence] AS t0   WHERE t0.[TabName]=@0_t0_TabName

日志级别:[info]
日志位置:Git.Framework.Resource.ResourceManager
日志时间:2018/8/12 星期日 9:39:51
日志内容: SQL: SELECT COUNT(*) FROM [dbo].[Sequence] AS t0   WHERE t0.[TabName]=@0_t0_TabName

日志级别:[info]
日志位置:Git.Framework.Resource.ResourceManager
日志时间:2018/8/12 星期日 9:39:51
日志内容: SQL: SELECT COUNT(*) FROM [dbo].[Sequence] AS t0   WHERE t0.[TabName]=@0_t0_TabName

日志级别:[info]
日志位置:Git.Framework.Resource.ResourceManager
日志时间:2018/8/12 星期日 9:39:51
日志内容: SQL: SELECT COUNT(*) FROM [dbo].[Sequence] AS t0   WHERE t0.[TabName]=@0_t0_TabName

日志级别:[info]
日志位置:Git.Framework.Resource.ResourceManager
日志时间:2018/8/12 星期日 9:39:51
日志内容: SQL: SELECT COUNT(*) FROM [dbo].[Sequence] AS t0   WHERE t0.[TabName]=@0_t0_TabName

日志级别:[info]
日志位置:Git.Framework.Resource.ResourceManager
日志时间:2018/8/12 星期日 9:39:51
日志内容: SQL: SELECT COUNT(*) FROM [dbo].[Sequence] AS t0   WHERE t0.[TabName]=@0_t0_TabName

日志级别:[info]
日志位置:Git.Framework.Resource.ResourceManager
日志时间:2018/8/12 星期日 9:39:51
日志内容: SQL: SELECT COUNT(*) FROM [dbo].[Sequence] AS t0   WHERE t0.[TabName]=@0_t0_TabName

日志级别:[info]
日志位置:Git.Framework.Resource.ResourceManager
日志时间:2018/8/12 星期日 9:39:51
日志内容: SQL: SELECT COUNT(*) FROM [dbo].[Sequence] AS t0   WHERE t0.[TabName]=@0_t0_TabName

日志级别:[info]
日志位置:Git.Framework.Resource.ResourceManager
日志时间:2018/8/12 星期日 9:39:51
日志内容: SQL: SELECT COUNT(*) FROM [dbo].[Sequence] AS t0   WHERE t0.[TabName]=@0_t0_TabName

日志级别:[info]
日志位置:Git.Framework.Resource.ResourceManager
日志时间:2018/8/12 星期日 9:39:51
日志内容: SQL: SELECT COUNT(*) FROM [dbo].[Sequence] AS t0   WHERE t0.[TabName]=@0_t0_TabName

日志级别:[info]
日志位置:Git.Framework.Resource.ResourceManager
日志时间:2018/8/12 星期日 9:39:51
日志内容: SQL: SELECT COUNT(*) FROM [dbo].[Sequence] AS t0   WHERE t0.[TabName]=@0_t0_TabName

日志级别:[info]
日志位置:Git.Framework.Resource.ResourceManager
日志时间:2018/8/12 星期日 9:39:51
日志内容: SQL: SELECT COUNT(*) FROM [dbo].[Sequence] AS t0   WHERE t0.[TabName]=@0_t0_TabName

日志级别:[info]
日志位置:Git.Framework.Resource.ResourceManager
日志时间:2018/8/12 星期日 9:39:51
日志内容: SQL: SELECT COUNT(*) FROM [dbo].[Sequence] AS t0   WHERE t0.[TabName]=@0_t0_TabName

日志级别:[info]
日志位置:Git.Framework.Resource.ResourceManager
日志时间:2018/8/12 星期日 9:39:51
日志内容: SQL: SELECT COUNT(*) FROM [dbo].[Sequence] AS t0   WHERE t0.[TabName]=@0_t0_TabName

日志级别:[info]
日志位置:Git.Framework.Resource.ResourceManager
日志时间:2018/8/12 星期日 9:39:51
日志内容: SQL: SELECT COUNT(*) FROM [dbo].[Sequence] AS t0   WHERE t0.[TabName]=@0_t0_TabName

日志级别:[info]
日志位置:Git.Framework.Resource.ResourceManager
日志时间:2018/8/12 星期日 9:39:51
日志内容: SQL: SELECT COUNT(*) FROM [dbo].[Sequence] AS t0   WHERE t0.[TabName]=@0_t0_TabName

日志级别:[info]
日志位置:Git.Framework.Resource.ResourceManager
日志时间:2018/8/12 星期日 9:39:51
日志内容: SQL: SELECT COUNT(*) FROM [dbo].[Sequence] AS t0   WHERE t0.[TabName]=@0_t0_TabName

日志级别:[info]
日志位置:Git.Framework.Resource.ResourceManager
日志时间:2018/8/12 星期日 9:39:51
日志内容: SQL: SELECT COUNT(*) FROM [dbo].[Sequence] AS t0   WHERE t0.[TabName]=@0_t0_TabName

日志级别:[info]
日志位置:Git.Framework.Resource.ResourceManager
日志时间:2018/8/12 星期日 9:39:51
日志内容: SQL: SELECT COUNT(*) FROM [dbo].[Sequence] AS t0   WHERE t0.[TabName]=@0_t0_TabName

日志级别:[info]
日志位置:Git.Framework.Resource.ResourceManager
日志时间:2018/8/12 星期日 9:39:51
日志内容: SQL: SELECT COUNT(*) FROM [dbo].[Sequence] AS t0   WHERE t0.[TabName]=@0_t0_TabName

日志级别:[info]
日志位置:Git.Framework.Resource.ResourceManager
日志时间:2018/8/12 星期日 9:39:51
日志内容: SQL: SELECT COUNT(*) FROM [dbo].[Sequence] AS t0   WHERE t0.[TabName]=@0_t0_TabName

日志级别:[info]
日志位置:Git.Framework.Resource.ResourceManager
日志时间:2018/8/12 星期日 9:39:51
日志内容: SQL: SELECT COUNT(*) FROM [dbo].[Sequence] AS t0   WHERE t0.[TabName]=@0_t0_TabName

日志级别:[info]
日志位置:Git.Framework.Resource.ResourceManager
日志时间:2018/8/12 星期日 9:39:51
日志内容: SQL: SELECT COUNT(*) FROM [dbo].[Sequence] AS t0   WHERE t0.[TabName]=@0_t0_TabName

日志级别:[info]
日志位置:Git.Framework.Resource.ResourceManager
日志时间:2018/8/12 星期日 9:39:51
日志内容: SQL: SELECT COUNT(*) FROM [dbo].[Sequence] AS t0   WHERE t0.[TabName]=@0_t0_TabName

日志级别:[info]
日志位置:Git.Framework.Resource.ResourceManager
日志时间:2018/8/12 星期日 9:39:51
日志内容: SQL: SELECT COUNT(*) FROM [dbo].[Sequence] AS t0   WHERE t0.[TabName]=@0_t0_TabName

日志级别:[info]
日志位置:Git.Framework.Resource.ResourceManager
日志时间:2018/8/12 星期日 9:39:51
日志内容: SQL: SELECT COUNT(*) FROM [dbo].[Sequence] AS t0   WHERE t0.[TabName]=@0_t0_TabName

日志级别:[info]
日志位置:Git.Framework.Resource.ResourceManager
日志时间:2018/8/12 星期日 9:39:51
日志内容: SQL: SELECT COUNT(*) FROM [dbo].[Sequence] AS t0   WHERE t0.[TabName]=@0_t0_TabName

日志级别:[info]
日志位置:Git.Framework.Resource.ResourceManager
日志时间:2018/8/12 星期日 9:39:51
日志内容: SQL: SELECT COUNT(*) FROM [dbo].[Sequence] AS t0   WHERE t0.[TabName]=@0_t0_TabName

日志级别:[info]
日志位置:Git.Framework.Resource.ResourceManager
日志时间:2018/8/12 星期日 9:39:54
日志内容: SQL: SELECT * FROM [dbo].[Storage]

日志级别:[info]
日志位置:Git.Framework.Resource.ResourceManager
日志时间:2018/8/12 星期日 9:40:00
日志内容: SQL: SELECT t0.[ID],t0.[UserName],t0.[PassWord],t0.[UserCode],t0.[RealName],t0.[Email],t0.[Mobile],t0.[Phone],t0.[CreateTime],t0.[CreateIp],t0.[CreateUser],t0.[LoginCount],t0.[Picture],t0.[UpdateTime],t0.[IsDelete],t0.[Status],t0.[DepartNum],t0.[ParentCode],t0.[RoleNum],t0.[Remark],t1.[RoleName] AS RoleName FROM [dbo].[Admin] AS t0  LEFT JOIN [dbo].[SysRole] AS t1 ON  t0.[RoleNum]=t1.[RoleNum]  WHERE t0.[UserName]=@0_t0_UserName AND t0.[PassWord]=@1_t0_PassWord 

日志级别:[info]
日志位置:Git.Framework.Resource.ResourceManager
日志时间:2018/8/12 星期日 9:40:07
日志内容: SQL: SELECT * FROM [dbo].[Storage]

日志级别:[info]
日志位置:Git.Framework.Resource.ResourceManager
日志时间:2018/8/12 星期日 9:40:36
日志内容: SQL: SELECT t0.[ID],t0.[UserName],t0.[PassWord],t0.[UserCode],t0.[RealName],t0.[Email],t0.[Mobile],t0.[Phone],t0.[CreateTime],t0.[CreateIp],t0.[CreateUser],t0.[LoginCount],t0.[Picture],t0.[UpdateTime],t0.[IsDelete],t0.[Status],t0.[DepartNum],t0.[ParentCode],t0.[RoleNum],t0.[Remark],t1.[RoleName] AS RoleName FROM [dbo].[Admin] AS t0  LEFT JOIN [dbo].[SysRole] AS t1 ON  t0.[RoleNum]=t1.[RoleNum]  WHERE t0.[UserName]=@0_t0_UserName AND t0.[PassWord]=@1_t0_PassWord 

日志级别:[info]
日志位置:Git.Framework.Resource.ResourceManager
日志时间:2018/8/12 星期日 9:40:36
日志内容: SQL :UPDATE [dbo].[Admin] SET [LoginCount]=@LoginCount  WHERE Admin.[UserCode]=@0_Admin_UserCode

日志级别:[info]
日志位置:Git.Framework.Resource.ResourceManager
日志时间:2018/8/12 星期日 9:40:36
日志内容: SQL :UPDATE [dbo].[Admin] SET [LoginCount]=@LoginCount  WHERE Admin.[UserName]=@0_Admin_UserName AND Admin.[PassWord]=@1_Admin_PassWord

日志级别:[info]
日志位置:Git.Framework.Resource.ResourceManager
日志时间:2018/8/12 星期日 9:40:36
日志内容: SQL: SELECT t0.[ID],t0.[ResNum],t0.[ResName],t0.[ParentNum],t0.[Depth],t0.[ParentPath],t0.[ChildCount],t0.[Sort],t0.[IsHide],t0.[IsDelete],t0.[Url],t0.[CssName],t0.[CreateTime],t0.[Depart],t0.[ResType],t0.[UpdateTime],t0.[CreateUser],t0.[UpdateUser],t0.[CreateIp],t0.[UpdateIp],t0.[Remark] FROM [dbo].[SysResource] AS t0   WHERE t0.[IsDelete]=@0_t0_IsDelete 

日志级别:[info]
日志位置:Git.Framework.Resource.ResourceManager
日志时间:2018/8/12 星期日 9:40:37
日志内容: SQL: SELECT t0.[ID],t0.[RoleNum],t0.[ResNum],t0.[ResType] FROM [dbo].[SysRelation] AS t0   

日志级别:[info]
日志位置:Git.Framework.Resource.ResourceManager
日志时间:2018/8/12 星期日 9:40:37
日志内容: SQL: SELECT * FROM [dbo].[Storage]

日志级别:[info]
日志位置:Git.Framework.Resource.ResourceManager
日志时间:2018/8/12 星期日 9:40:41
日志内容: SQL: SELECT * FROM [dbo].[Storage]

日志级别:[info]
日志位置:Git.Framework.Resource.ResourceManager
日志时间:2018/8/12 星期日 9:40:41
日志内容: SQL: SELECT t0.[ID],t0.[RoleNum],t0.[RoleName],t0.[IsDelete],t0.[CreateTime],t0.[Remark] FROM [dbo].[SysRole] AS t0   WHERE t0.[IsDelete]=@0_t0_IsDelete 

日志级别:[info]
日志位置:Git.Framework.Resource.ResourceManager
日志时间:2018/8/12 星期日 9:40:41
日志内容: SQL: SELECT t0.[ID],t0.[ChildCount],t0.[CreateTime],t0.[DepartName],t0.[DepartNum],t0.[Depth],t0.[ParentNum] FROM [dbo].[SysDepart] AS t0   WHERE t0.[IsDelete]=@0_t0_IsDelete 

日志级别:[info]
日志位置:Git.Framework.Resource.ResourceManager
日志时间:2018/8/12 星期日 9:40:41
日志内容: SQL: DECLARE @StartIndex INT SET @StartIndex = 1 SELECT @RecordCount=COUNT(*) FROM [dbo].[Admin] AS t0  LEFT JOIN [dbo].[SysRole] AS t1 ON  t0.[RoleNum]=t1.[RoleNum] LEFT JOIN [dbo].[SysDepart] AS t2 ON  t0.[DepartNum]=t2.[DepartNum]  WHERE t0.[IsDelete]=@0_t0_IsDelete IF (@PageIndex<=1) BEGIN SET @PageIndex=1 END SET @StartIndex = ( @PageIndex - 1 ) * @PageSize + 1 ; WITH TempTable AS( SELECT ROW_NUMBER() OVER (ORDER BY t0.[ID] DESC) RowNumber,t0.[ID],t0.[UserName],t0.[PassWord],t0.[UserCode],t0.[RealName],t0.[Email],t0.[Mobile],t0.[Phone],t0.[CreateTime],t0.[CreateIp],t0.[CreateUser],t0.[LoginCount],t0.[Picture],t0.[UpdateTime],t0.[IsDelete],t0.[Status],t0.[DepartNum],t0.[ParentCode],t0.[RoleNum],t0.[Remark],t1.[RoleName] AS RoleName,t2.[DepartName] AS DepartName FROM [dbo].[Admin] AS t0  LEFT JOIN [dbo].[SysRole] AS t1 ON  t0.[RoleNum]=t1.[RoleNum] LEFT JOIN [dbo].[SysDepart] AS t2 ON  t0.[DepartNum]=t2.[DepartNum]  WHERE t0.[IsDelete]=@0_t0_IsDelete ) SELECT * FROM TempTable WHERE RowNumber BETWEEN (@StartIndex) AND (@PageIndex * @PageSize) 

日志级别:[info]
日志位置:Git.Framework.Resource.ResourceManager
日志时间:2018/8/12 星期日 9:40:41
日志内容:分页查询SQL语句组装时间:5

日志级别:[info]
日志位置:Git.Framework.Resource.ResourceManager
日志时间:2018/8/12 星期日 9:40:41
日志内容:分页查询SQL语句查询时间:56

日志级别:[info]
日志位置:Git.Framework.Resource.ResourceManager
日志时间:2018/8/12 星期日 9:40:42
日志内容: SQL: SELECT * FROM [dbo].[Storage]

日志级别:[info]
日志位置:Git.Framework.Resource.ResourceManager
日志时间:2018/8/12 星期日 9:40:43
日志内容: SQL: SELECT * FROM [dbo].[Storage]

日志级别:[info]
日志位置:Git.Framework.Resource.ResourceManager
日志时间:2018/8/12 星期日 9:40:44
日志内容: SQL: SELECT * FROM [dbo].[Storage]

日志级别:[info]
日志位置:Git.Framework.Resource.ResourceManager
日志时间:2018/8/12 星期日 9:40:45
日志内容: SQL: SELECT * FROM [dbo].[Storage]

日志级别:[info]
日志位置:Git.Framework.Resource.ResourceManager
日志时间:2018/8/12 星期日 9:40:45
日志内容: SQL: DECLARE @StartIndex INT SET @StartIndex = 1 SELECT @RecordCount=COUNT(*) FROM [dbo].[Sequence] AS t0   IF (@PageIndex<=1) BEGIN SET @PageIndex=1 END SET @StartIndex = ( @PageIndex - 1 ) * @PageSize + 1 ; WITH TempTable AS( SELECT ROW_NUMBER() OVER (ORDER BY t0.[ID] ASC) RowNumber,t0.[ID],t0.[SN],t0.[TabName],t0.[FirstType],t0.[FirstRule],t0.[FirstLength],t0.[SecondType],t0.[SecondRule],t0.[SecondLength],t0.[ThirdType],t0.[ThirdRule],t0.[ThirdLength],t0.[FourType],t0.[FourRule],t0.[FourLength],t0.[JoinChar],t0.[Sample],t0.[CurrentValue],t0.[Remark] FROM [dbo].[Sequence] AS t0   ) SELECT * FROM TempTable WHERE RowNumber BETWEEN (@StartIndex) AND (@PageIndex * @PageSize) 

日志级别:[info]
日志位置:Git.Framework.Resource.ResourceManager
日志时间:2018/8/12 星期日 9:40:45
日志内容:分页查询SQL语句组装时间:0

日志级别:[info]
日志位置:Git.Framework.Resource.ResourceManager
日志时间:2018/8/12 星期日 9:40:45
日志内容:分页查询SQL语句查询时间:16

日志级别:[info]
日志位置:Git.Framework.Resource.ResourceManager
日志时间:2018/8/12 星期日 9:40:48
日志内容: SQL: SELECT * FROM [dbo].[Storage]

日志级别:[info]
日志位置:Git.Framework.Resource.ResourceManager
日志时间:2018/8/12 星期日 9:40:48
日志内容: SQL: SELECT * FROM [dbo].[Storage]

日志级别:[info]
日志位置:Git.Framework.Resource.ResourceManager
日志时间:2018/8/12 星期日 9:40:49
日志内容: SQL: DECLARE @StartIndex INT SET @StartIndex = 1 SELECT @RecordCount=COUNT(*) FROM [dbo].[Location] AS t0  LEFT JOIN [dbo].[Storage] AS t1 ON  t0.[StorageNum]=t1.[StorageNum]  WHERE t0.[StorageNum]=@0_t0_StorageNum AND t0.[IsDelete]=@1_t0_IsDelete IF (@PageIndex<=1) BEGIN SET @PageIndex=1 END SET @StartIndex = ( @PageIndex - 1 ) * @PageSize + 1 ; WITH TempTable AS( SELECT ROW_NUMBER() OVER (ORDER BY t0.[ID] DESC) RowNumber,t0.[ID],t0.[LocalNum],t0.[LocalBarCode],t0.[LocalName],t0.[StorageNum],t0.[StorageType],t0.[LocalType],t0.[Rack],t0.[Length],t0.[Width],t0.[Height],t0.[X],t0.[Y],t0.[Z],t0.[UnitNum],t0.[UnitName],t0.[Remark],t0.[IsForbid],t0.[IsDefault],t0.[IsDelete],t0.[CreateTime],t1.[StorageName] AS StorageName FROM [dbo].[Location] AS t0  LEFT JOIN [dbo].[Storage] AS t1 ON  t0.[StorageNum]=t1.[StorageNum]  WHERE t0.[StorageNum]=@0_t0_StorageNum AND t0.[IsDelete]=@1_t0_IsDelete ) SELECT * FROM TempTable WHERE RowNumber BETWEEN (@StartIndex) AND (@PageIndex * @PageSize) 

日志级别:[info]
日志位置:Git.Framework.Resource.ResourceManager
日志时间:2018/8/12 星期日 9:40:49
日志内容:分页查询SQL语句组装时间:0

日志级别:[info]
日志位置:Git.Framework.Resource.ResourceManager
日志时间:2018/8/12 星期日 9:40:49
日志内容:分页查询SQL语句查询时间:34

日志级别:[info]
日志位置:Git.Framework.Resource.ResourceManager
日志时间:2018/8/12 星期日 9:40:49
日志内容: SQL: SELECT * FROM [dbo].[Storage]

日志级别:[info]
日志位置:Git.Framework.Resource.ResourceManager
日志时间:2018/8/12 星期日 9:40:49
日志内容: SQL: SELECT * FROM [dbo].[Storage]

日志级别:[info]
日志位置:Git.Framework.Resource.ResourceManager
日志时间:2018/8/12 星期日 9:40:49
日志内容: SQL: SELECT * FROM [dbo].[Storage]

日志级别:[info]
日志位置:Git.Framework.Resource.ResourceManager
日志时间:2018/8/12 星期日 9:40:49
日志内容: SQL: DECLARE @StartIndex INT SET @StartIndex = 1 SELECT @RecordCount=COUNT(*) FROM [dbo].[Location] AS t0  LEFT JOIN [dbo].[Storage] AS t1 ON  t0.[StorageNum]=t1.[StorageNum]  WHERE t0.[StorageNum]=@0_t0_StorageNum AND t0.[IsDelete]=@1_t0_IsDelete IF (@PageIndex<=1) BEGIN SET @PageIndex=1 END SET @StartIndex = ( @PageIndex - 1 ) * @PageSize + 1 ; WITH TempTable AS( SELECT ROW_NUMBER() OVER (ORDER BY t0.[ID] DESC) RowNumber,t0.[ID],t0.[LocalNum],t0.[LocalBarCode],t0.[LocalName],t0.[StorageNum],t0.[StorageType],t0.[LocalType],t0.[Rack],t0.[Length],t0.[Width],t0.[Height],t0.[X],t0.[Y],t0.[Z],t0.[UnitNum],t0.[UnitName],t0.[Remark],t0.[IsForbid],t0.[IsDefault],t0.[IsDelete],t0.[CreateTime],t1.[StorageName] AS StorageName FROM [dbo].[Location] AS t0  LEFT JOIN [dbo].[Storage] AS t1 ON  t0.[StorageNum]=t1.[StorageNum]  WHERE t0.[StorageNum]=@0_t0_StorageNum AND t0.[IsDelete]=@1_t0_IsDelete ) SELECT * FROM TempTable WHERE RowNumber BETWEEN (@StartIndex) AND (@PageIndex * @PageSize) 

日志级别:[info]
日志位置:Git.Framework.Resource.ResourceManager
日志时间:2018/8/12 星期日 9:40:49
日志内容:分页查询SQL语句组装时间:0

日志级别:[info]
日志位置:Git.Framework.Resource.ResourceManager
日志时间:2018/8/12 星期日 9:40:49
日志内容:分页查询SQL语句查询时间:2

日志级别:[info]
日志位置:Git.Framework.Resource.ResourceManager
日志时间:2018/8/12 星期日 9:40:49
日志内容: SQL: SELECT * FROM [dbo].[Storage]

日志级别:[info]
日志位置:Git.Framework.Resource.ResourceManager
日志时间:2018/8/12 星期日 9:40:50
日志内容: SQL: SELECT * FROM [dbo].[Storage]

日志级别:[info]
日志位置:Git.Framework.Resource.ResourceManager
日志时间:2018/8/12 星期日 9:40:51
日志内容: SQL: DECLARE @StartIndex INT SET @StartIndex = 1 SELECT @RecordCount=COUNT(*) FROM [dbo].[Customer] AS t0   WHERE t0.[IsDelete]=@0_t0_IsDelete IF (@PageIndex<=1) BEGIN SET @PageIndex=1 END SET @StartIndex = ( @PageIndex - 1 ) * @PageSize + 1 ; WITH TempTable AS( SELECT ROW_NUMBER() OVER (ORDER BY t0.[ID] DESC) RowNumber,t0.[ID],t0.[CusNum],t0.[CusName],t0.[Phone],t0.[Email],t0.[Fax],t0.[Address],t0.[CusType],t0.[IsDelete],t0.[CreateTime],t0.[CreateUser],t0.[Remark] FROM [dbo].[Customer] AS t0   WHERE t0.[IsDelete]=@0_t0_IsDelete ) SELECT * FROM TempTable WHERE RowNumber BETWEEN (@StartIndex) AND (@PageIndex * @PageSize) 

日志级别:[info]
日志位置:Git.Framework.Resource.ResourceManager
日志时间:2018/8/12 星期日 9:40:51
日志内容:分页查询SQL语句组装时间:0

日志级别:[info]
日志位置:Git.Framework.Resource.ResourceManager
日志时间:2018/8/12 星期日 9:40:51
日志内容:分页查询SQL语句查询时间:6

日志级别:[info]
日志位置:Git.Framework.Resource.ResourceManager
日志时间:2018/8/12 星期日 9:40:51
日志内容: SQL: SELECT * FROM [dbo].[Storage]

日志级别:[info]
日志位置:Git.Framework.Resource.ResourceManager
日志时间:2018/8/12 星期日 9:40:52
日志内容: SQL: SELECT * FROM [dbo].[Storage]

日志级别:[info]
日志位置:Git.Framework.Resource.ResourceManager
日志时间:2018/8/12 星期日 9:40:53
日志内容: SQL: SELECT * FROM [dbo].[Storage]

日志级别:[info]
日志位置:Git.Framework.Resource.ResourceManager
日志时间:2018/8/12 星期日 9:40:53
日志内容: SQL: SELECT t0.[ID],t0.[CateNum],t0.[CateName],t0.[IsDelete],t0.[CreateTime],t0.[CreateUser],t0.[Remark] FROM [dbo].[ProductCategory] AS t0   WHERE t0.[IsDelete]=@0_t0_IsDelete ORDER BY t0.[ID] DESC

日志级别:[info]
日志位置:Git.Framework.Resource.ResourceManager
日志时间:2018/8/12 星期日 9:40:53
日志内容: SQL: SELECT * FROM [dbo].[Storage]

日志级别:[info]
日志位置:Git.Framework.Resource.ResourceManager
日志时间:2018/8/12 星期日 9:40:53
日志内容: SQL: DECLARE @StartIndex INT SET @StartIndex = 1 SELECT @RecordCount=COUNT(*) FROM [dbo].[Product] AS t0   WHERE t0.[IsDelete]=@0_t0_IsDelete IF (@PageIndex<=1) BEGIN SET @PageIndex=1 END SET @StartIndex = ( @PageIndex - 1 ) * @PageSize + 1 ; WITH TempTable AS( SELECT ROW_NUMBER() OVER (ORDER BY t0.[ID] DESC) RowNumber,t0.[ID],t0.[SnNum],t0.[BarCode],t0.[ProductName],t0.[Num],t0.[MinNum],t0.[MaxNum],t0.[UnitNum],t0.[UnitName],t0.[CateNum],t0.[CateName],t0.[Size],t0.[Color],t0.[InPrice],t0.[OutPrice],t0.[AvgPrice],t0.[NetWeight],t0.[GrossWeight],t0.[Description],t0.[PicUrl],t0.[IsDelete],t0.[CreateTime],t0.[CreateUser],t0.[StorageNum],t0.[DefaultLocal],t0.[CusNum],t0.[CusName],t0.[Display],t0.[Remark] FROM [dbo].[Product] AS t0   WHERE t0.[IsDelete]=@0_t0_IsDelete ) SELECT * FROM TempTable WHERE RowNumber BETWEEN (@StartIndex) AND (@PageIndex * @PageSize) 

日志级别:[info]
日志位置:Git.Framework.Resource.ResourceManager
日志时间:2018/8/12 星期日 9:40:53
日志内容:分页查询SQL语句组装时间:0

日志级别:[info]
日志位置:Git.Framework.Resource.ResourceManager
日志时间:2018/8/12 星期日 9:40:53
日志内容:分页查询SQL语句查询时间:47

日志级别:[info]
日志位置:Git.Framework.Resource.ResourceManager
日志时间:2018/8/12 星期日 9:40:54
日志内容: SQL: SELECT * FROM [dbo].[Storage]

日志级别:[info]
日志位置:Git.Framework.Resource.ResourceManager
日志时间:2018/8/12 星期日 9:40:54
日志内容: SQL: DECLARE @StartIndex INT SET @StartIndex = 1 SELECT @RecordCount=COUNT(*) FROM [dbo].[ProductCategory] AS t0   WHERE t0.[IsDelete]=@0_t0_IsDelete IF (@PageIndex<=1) BEGIN SET @PageIndex=1 END SET @StartIndex = ( @PageIndex - 1 ) * @PageSize + 1 ; WITH TempTable AS( SELECT ROW_NUMBER() OVER (ORDER BY t0.[ID] DESC) RowNumber,t0.[ID],t0.[CateNum],t0.[CateName],t0.[IsDelete],t0.[CreateTime],t0.[CreateUser],t0.[Remark] FROM [dbo].[ProductCategory] AS t0   WHERE t0.[IsDelete]=@0_t0_IsDelete ) SELECT * FROM TempTable WHERE RowNumber BETWEEN (@StartIndex) AND (@PageIndex * @PageSize) 

日志级别:[info]
日志位置:Git.Framework.Resource.ResourceManager
日志时间:2018/8/12 星期日 9:40:54
日志内容:分页查询SQL语句组装时间:0

日志级别:[info]
日志位置:Git.Framework.Resource.ResourceManager
日志时间:2018/8/12 星期日 9:40:54
日志内容:分页查询SQL语句查询时间:16

日志级别:[info]
日志位置:Git.Framework.Resource.ResourceManager
日志时间:2018/8/12 星期日 9:40:54
日志内容: SQL: SELECT t0.[ID] AS ID,t0.[UserCode] AS UserCode,t0.[UserName] AS UserName,t0.[PassWord] AS PassWord,t0.[Email] AS Email,t0.[Phone] AS Phone,t0.[Mobile] AS Mobile,t0.[RealName] AS RealName,t0.[RoleNum] AS RoleNum,t0.[DepartNum] AS DepartNum FROM [dbo].[Admin] AS t0   WHERE t0.[UserCode]=@0_t0_UserCode 

日志级别:[info]
日志位置:Git.Framework.Resource.ResourceManager
日志时间:2018/8/12 星期日 9:40:54
日志内容: SQL: SELECT t0.[ID] AS ID,t0.[UserCode] AS UserCode,t0.[UserName] AS UserName,t0.[PassWord] AS PassWord,t0.[Email] AS Email,t0.[Phone] AS Phone,t0.[Mobile] AS Mobile,t0.[RealName] AS RealName,t0.[RoleNum] AS RoleNum,t0.[DepartNum] AS DepartNum FROM [dbo].[Admin] AS t0   WHERE t0.[UserCode]=@0_t0_UserCode 

日志级别:[info]
日志位置:Git.Framework.Resource.ResourceManager
日志时间:2018/8/12 星期日 9:40:54
日志内容: SQL: SELECT t0.[ID] AS ID,t0.[UserCode] AS UserCode,t0.[UserName] AS UserName,t0.[PassWord] AS PassWord,t0.[Email] AS Email,t0.[Phone] AS Phone,t0.[Mobile] AS Mobile,t0.[RealName] AS RealName,t0.[RoleNum] AS RoleNum,t0.[DepartNum] AS DepartNum FROM [dbo].[Admin] AS t0   WHERE t0.[UserCode]=@0_t0_UserCode 

日志级别:[info]
日志位置:Git.Framework.Resource.ResourceManager
日志时间:2018/8/12 星期日 9:40:54
日志内容: SQL: SELECT t0.[ID] AS ID,t0.[UserCode] AS UserCode,t0.[UserName] AS UserName,t0.[PassWord] AS PassWord,t0.[Email] AS Email,t0.[Phone] AS Phone,t0.[Mobile] AS Mobile,t0.[RealName] AS RealName,t0.[RoleNum] AS RoleNum,t0.[DepartNum] AS DepartNum FROM [dbo].[Admin] AS t0   WHERE t0.[UserCode]=@0_t0_UserCode 

日志级别:[info]
日志位置:Git.Framework.Resource.ResourceManager
日志时间:2018/8/12 星期日 9:40:54
日志内容: SQL: SELECT t0.[ID] AS ID,t0.[UserCode] AS UserCode,t0.[UserName] AS UserName,t0.[PassWord] AS PassWord,t0.[Email] AS Email,t0.[Phone] AS Phone,t0.[Mobile] AS Mobile,t0.[RealName] AS RealName,t0.[RoleNum] AS RoleNum,t0.[DepartNum] AS DepartNum FROM [dbo].[Admin] AS t0   WHERE t0.[UserCode]=@0_t0_UserCode 

日志级别:[info]
日志位置:Git.Framework.Resource.ResourceManager
日志时间:2018/8/12 星期日 9:40:54
日志内容: SQL: SELECT t0.[ID] AS ID,t0.[UserCode] AS UserCode,t0.[UserName] AS UserName,t0.[PassWord] AS PassWord,t0.[Email] AS Email,t0.[Phone] AS Phone,t0.[Mobile] AS Mobile,t0.[RealName] AS RealName,t0.[RoleNum] AS RoleNum,t0.[DepartNum] AS DepartNum FROM [dbo].[Admin] AS t0   WHERE t0.[UserCode]=@0_t0_UserCode 

日志级别:[info]
日志位置:Git.Framework.Resource.ResourceManager
日志时间:2018/8/12 星期日 9:40:54
日志内容: SQL: SELECT t0.[ID] AS ID,t0.[UserCode] AS UserCode,t0.[UserName] AS UserName,t0.[PassWord] AS PassWord,t0.[Email] AS Email,t0.[Phone] AS Phone,t0.[Mobile] AS Mobile,t0.[RealName] AS RealName,t0.[RoleNum] AS RoleNum,t0.[DepartNum] AS DepartNum FROM [dbo].[Admin] AS t0   WHERE t0.[UserCode]=@0_t0_UserCode 

日志级别:[info]
日志位置:Git.Framework.Resource.ResourceManager
日志时间:2018/8/12 星期日 9:40:54
日志内容: SQL: SELECT t0.[ID] AS ID,t0.[UserCode] AS UserCode,t0.[UserName] AS UserName,t0.[PassWord] AS PassWord,t0.[Email] AS Email,t0.[Phone] AS Phone,t0.[Mobile] AS Mobile,t0.[RealName] AS RealName,t0.[RoleNum] AS RoleNum,t0.[DepartNum] AS DepartNum FROM [dbo].[Admin] AS t0   WHERE t0.[UserCode]=@0_t0_UserCode 

日志级别:[info]
日志位置:Git.Framework.Resource.ResourceManager
日志时间:2018/8/12 星期日 9:40:54
日志内容: SQL: SELECT * FROM [dbo].[Storage]

日志级别:[info]
日志位置:Git.Framework.Resource.ResourceManager
日志时间:2018/8/12 星期日 9:40:54
日志内容: SQL: SELECT t0.[ID],t0.[SN],t0.[MeasureNum],t0.[MeasureName] FROM [dbo].[Measure] AS t0   

日志级别:[info]
日志位置:Git.Framework.Resource.ResourceManager
日志时间:2018/8/12 星期日 9:40:55
日志内容: SQL: SELECT * FROM [dbo].[Storage]

日志级别:[info]
日志位置:Git.Framework.Resource.ResourceManager
日志时间:2018/8/12 星期日 9:40:59
日志内容: SQL: SELECT * FROM [dbo].[Storage]

日志级别:[info]
日志位置:Git.Framework.Resource.ResourceManager
日志时间:2018/8/12 星期日 9:41:11
日志内容: SQL: SELECT * FROM [dbo].[Storage]

日志级别:[info]
日志位置:Git.Framework.Resource.ResourceManager
日志时间:2018/8/12 星期日 9:41:12
日志内容: SQL: DECLARE @StartIndex INT SET @StartIndex = 1 SELECT @RecordCount=COUNT(*) FROM [dbo].[InStorage] AS t0  LEFT JOIN [dbo].[Admin] AS t1 ON  t0.[CreateUser]=t1.[UserCode]  WHERE t0.[StorageNum]=@0_t0_StorageNum AND t0.[IsDelete]=@1_t0_IsDelete IF (@PageIndex<=1) BEGIN SET @PageIndex=1 END SET @StartIndex = ( @PageIndex - 1 ) * @PageSize + 1 ; WITH TempTable AS( SELECT ROW_NUMBER() OVER (ORDER BY t0.[ID] DESC) RowNumber,t0.[ID],t0.[OrderNum],t0.[InType],t0.[ProductType],t0.[StorageNum],t0.[SupNum],t0.[SupName],t0.[ContactName],t0.[Phone],t0.[Address],t0.[ContractOrder],t0.[ContractType],t0.[Status],t0.[IsDelete],t0.[Num],t0.[Amount],t0.[NetWeight],t0.[GrossWeight],t0.[OrderTime],t0.[CreateTime],t0.[CreateUser],t0.[AuditUser],t0.[AuditeTime],t0.[PrintUser],t0.[PrintTime],t0.[StoreKeeper],t0.[Reason],t0.[OperateType],t0.[EquipmentNum],t0.[EquipmentCode],t0.[Remark],t1.[UserName] AS CreateUserName FROM [dbo].[InStorage] AS t0  LEFT JOIN [dbo].[Admin] AS t1 ON  t0.[CreateUser]=t1.[UserCode]  WHERE t0.[StorageNum]=@0_t0_StorageNum AND t0.[IsDelete]=@1_t0_IsDelete ) SELECT * FROM TempTable WHERE RowNumber BETWEEN (@StartIndex) AND (@PageIndex * @PageSize) 

日志级别:[info]
日志位置:Git.Framework.Resource.ResourceManager
日志时间:2018/8/12 星期日 9:41:12
日志内容:分页查询SQL语句组装时间:0

日志级别:[info]
日志位置:Git.Framework.Resource.ResourceManager
日志时间:2018/8/12 星期日 9:41:12
日志内容:分页查询SQL语句查询时间:17

日志级别:[info]
日志位置:Git.Framework.Resource.ResourceManager
日志时间:2018/8/12 星期日 9:41:14
日志内容: SQL: SELECT * FROM [dbo].[Storage]

日志级别:[info]
日志位置:Git.Framework.Resource.ResourceManager
日志时间:2018/8/12 星期日 9:41:17
日志内容: SQL: SELECT * FROM [dbo].[Storage]

日志级别:[info]
日志位置:Git.Framework.Resource.ResourceManager
日志时间:2018/8/12 星期日 9:41:17
日志内容: SQL: SELECT t0.[ID],t0.[LocalNum],t0.[LocalBarCode],t0.[LocalName],t0.[StorageNum],t0.[StorageType],t0.[LocalType],t0.[Rack],t0.[Length],t0.[Width],t0.[Height],t0.[X],t0.[Y],t0.[Z],t0.[UnitNum],t0.[UnitName],t0.[Remark],t0.[IsForbid],t0.[IsDefault],t0.[IsDelete],t0.[CreateTime] FROM [dbo].[Location] AS t0   WHERE t0.[IsDelete]=@0_t0_IsDelete 

日志级别:[info]
日志位置:Git.Framework.Resource.ResourceManager
日志时间:2018/8/12 星期日 9:41:17
日志内容: SQL: SELECT * FROM [dbo].[Storage]

日志级别:[info]
日志位置:Git.Framework.Resource.ResourceManager
日志时间:2018/8/12 星期日 9:41:19
日志内容: SQL: SELECT t0.[ID],t0.[SnNum],t0.[BarCode],t0.[ProductName],t0.[Num],t0.[MinNum],t0.[MaxNum],t0.[UnitNum],t0.[UnitName],t0.[CateNum],t0.[CateName],t0.[Size],t0.[Color],t0.[InPrice],t0.[OutPrice],t0.[AvgPrice],t0.[NetWeight],t0.[GrossWeight],t0.[Description],t0.[PicUrl],t0.[IsDelete],t0.[CreateTime],t0.[CreateUser],t0.[StorageNum],t0.[DefaultLocal],t0.[CusNum],t0.[CusName],t0.[Display],t0.[Remark] FROM [dbo].[Product] AS t0   WHERE t0.[IsDelete]=@0_t0_IsDelete 

日志级别:[info]
日志位置:Git.Framework.Resource.ResourceManager
日志时间:2018/8/12 星期日 9:41:21
日志内容: SQL: SELECT * FROM [dbo].[Storage]

日志级别:[info]
日志位置:Git.Framework.Resource.ResourceManager
日志时间:2018/8/12 星期日 9:41:21
日志内容: SQL: DECLARE @StartIndex INT SET @StartIndex = 1 SELECT @RecordCount=COUNT(*) FROM [dbo].[Product] AS t0   WHERE t0.[IsDelete]=@0_t0_IsDelete IF (@PageIndex<=1) BEGIN SET @PageIndex=1 END SET @StartIndex = ( @PageIndex - 1 ) * @PageSize + 1 ; WITH TempTable AS( SELECT ROW_NUMBER() OVER (ORDER BY t0.[ID] DESC) RowNumber,t0.[ID],t0.[SnNum],t0.[BarCode],t0.[ProductName],t0.[Num],t0.[MinNum],t0.[MaxNum],t0.[UnitNum],t0.[UnitName],t0.[CateNum],t0.[CateName],t0.[Size],t0.[Color],t0.[InPrice],t0.[OutPrice],t0.[AvgPrice],t0.[NetWeight],t0.[GrossWeight],t0.[Description],t0.[PicUrl],t0.[IsDelete],t0.[CreateTime],t0.[CreateUser],t0.[StorageNum],t0.[DefaultLocal],t0.[CusNum],t0.[CusName],t0.[Display],t0.[Remark] FROM [dbo].[Product] AS t0   WHERE t0.[IsDelete]=@0_t0_IsDelete ) SELECT * FROM TempTable WHERE RowNumber BETWEEN (@StartIndex) AND (@PageIndex * @PageSize) 

日志级别:[info]
日志位置:Git.Framework.Resource.ResourceManager
日志时间:2018/8/12 星期日 9:41:21
日志内容:分页查询SQL语句组装时间:0

日志级别:[info]
日志位置:Git.Framework.Resource.ResourceManager
日志时间:2018/8/12 星期日 9:41:21
日志内容:分页查询SQL语句查询时间:2

日志级别:[info]
日志位置:Git.Framework.Resource.ResourceManager
日志时间:2018/8/12 星期日 9:41:24
日志内容: SQL: SELECT * FROM [dbo].[Storage]

日志级别:[info]
日志位置:Git.Framework.Resource.ResourceManager
日志时间:2018/8/12 星期日 9:41:24
日志内容: SQL: DECLARE @StartIndex INT SET @StartIndex = 1 SELECT @RecordCount=COUNT(*) FROM [dbo].[Product] AS t0   WHERE t0.[IsDelete]=@0_t0_IsDelete IF (@PageIndex<=1) BEGIN SET @PageIndex=1 END SET @StartIndex = ( @PageIndex - 1 ) * @PageSize + 1 ; WITH TempTable AS( SELECT ROW_NUMBER() OVER (ORDER BY t0.[ID] DESC) RowNumber,t0.[ID],t0.[SnNum],t0.[BarCode],t0.[ProductName],t0.[Num],t0.[MinNum],t0.[MaxNum],t0.[UnitNum],t0.[UnitName],t0.[CateNum],t0.[CateName],t0.[Size],t0.[Color],t0.[InPrice],t0.[OutPrice],t0.[AvgPrice],t0.[NetWeight],t0.[GrossWeight],t0.[Description],t0.[PicUrl],t0.[IsDelete],t0.[CreateTime],t0.[CreateUser],t0.[StorageNum],t0.[DefaultLocal],t0.[CusNum],t0.[CusName],t0.[Display],t0.[Remark] FROM [dbo].[Product] AS t0   WHERE t0.[IsDelete]=@0_t0_IsDelete ) SELECT * FROM TempTable WHERE RowNumber BETWEEN (@StartIndex) AND (@PageIndex * @PageSize) 

日志级别:[info]
日志位置:Git.Framework.Resource.ResourceManager
日志时间:2018/8/12 星期日 9:41:24
日志内容:分页查询SQL语句组装时间:0

日志级别:[info]
日志位置:Git.Framework.Resource.ResourceManager
日志时间:2018/8/12 星期日 9:41:24
日志内容:分页查询SQL语句查询时间:2

日志级别:[info]
日志位置:Git.Framework.Resource.ResourceManager
日志时间:2018/8/12 星期日 9:41:35
日志内容: SQL: SELECT * FROM [dbo].[Storage]

日志级别:[info]
日志位置:Git.Framework.Resource.ResourceManager
日志时间:2018/8/12 星期日 9:41:35
日志内容: SQL: DECLARE @StartIndex INT SET @StartIndex = 1 SELECT @RecordCount=COUNT(*) FROM [dbo].[Location] AS t0  LEFT JOIN [dbo].[Storage] AS t1 ON  t0.[StorageNum]=t1.[StorageNum]  WHERE t0.[StorageNum]=@0_t0_StorageNum AND t0.[IsDelete]=@1_t0_IsDelete IF (@PageIndex<=1) BEGIN SET @PageIndex=1 END SET @StartIndex = ( @PageIndex - 1 ) * @PageSize + 1 ; WITH TempTable AS( SELECT ROW_NUMBER() OVER (ORDER BY t0.[ID] DESC) RowNumber,t0.[ID],t0.[LocalNum],t0.[LocalBarCode],t0.[LocalName],t0.[StorageNum],t0.[StorageType],t0.[LocalType],t0.[Rack],t0.[Length],t0.[Width],t0.[Height],t0.[X],t0.[Y],t0.[Z],t0.[UnitNum],t0.[UnitName],t0.[Remark],t0.[IsForbid],t0.[IsDefault],t0.[IsDelete],t0.[CreateTime],t1.[StorageName] AS StorageName FROM [dbo].[Location] AS t0  LEFT JOIN [dbo].[Storage] AS t1 ON  t0.[StorageNum]=t1.[StorageNum]  WHERE t0.[StorageNum]=@0_t0_StorageNum AND t0.[IsDelete]=@1_t0_IsDelete ) SELECT * FROM TempTable WHERE RowNumber BETWEEN (@StartIndex) AND (@PageIndex * @PageSize) 

日志级别:[info]
日志位置:Git.Framework.Resource.ResourceManager
日志时间:2018/8/12 星期日 9:41:35
日志内容:分页查询SQL语句组装时间:0

日志级别:[info]
日志位置:Git.Framework.Resource.ResourceManager
日志时间:2018/8/12 星期日 9:41:35
日志内容:分页查询SQL语句查询时间:5

日志级别:[info]
日志位置:Git.Framework.Resource.ResourceManager
日志时间:2018/8/12 星期日 9:41:35
日志内容: SQL: SELECT * FROM [dbo].[Storage]

日志级别:[info]
日志位置:Git.Framework.Resource.ResourceManager
日志时间:2018/8/12 星期日 9:41:37
日志内容: SQL: DECLARE @StartIndex INT SET @StartIndex = 1 SELECT @RecordCount=COUNT(*) FROM [dbo].[Location] AS t0  LEFT JOIN [dbo].[Storage] AS t1 ON  t0.[StorageNum]=t1.[StorageNum]  WHERE t0.[StorageNum]=@0_t0_StorageNum AND t0.[IsDelete]=@1_t0_IsDelete IF (@PageIndex<=1) BEGIN SET @PageIndex=1 END SET @StartIndex = ( @PageIndex - 1 ) * @PageSize + 1 ; WITH TempTable AS( SELECT ROW_NUMBER() OVER (ORDER BY t0.[ID] DESC) RowNumber,t0.[ID],t0.[LocalNum],t0.[LocalBarCode],t0.[LocalName],t0.[StorageNum],t0.[StorageType],t0.[LocalType],t0.[Rack],t0.[Length],t0.[Width],t0.[Height],t0.[X],t0.[Y],t0.[Z],t0.[UnitNum],t0.[UnitName],t0.[Remark],t0.[IsForbid],t0.[IsDefault],t0.[IsDelete],t0.[CreateTime],t1.[StorageName] AS StorageName FROM [dbo].[Location] AS t0  LEFT JOIN [dbo].[Storage] AS t1 ON  t0.[StorageNum]=t1.[StorageNum]  WHERE t0.[StorageNum]=@0_t0_StorageNum AND t0.[IsDelete]=@1_t0_IsDelete ) SELECT * FROM TempTable WHERE RowNumber BETWEEN (@StartIndex) AND (@PageIndex * @PageSize) 

日志级别:[info]
日志位置:Git.Framework.Resource.ResourceManager
日志时间:2018/8/12 星期日 9:41:37
日志内容:分页查询SQL语句组装时间:0

日志级别:[info]
日志位置:Git.Framework.Resource.ResourceManager
日志时间:2018/8/12 星期日 9:41:37
日志内容:分页查询SQL语句查询时间:1

日志级别:[info]
日志位置:Git.Framework.Resource.ResourceManager
日志时间:2018/8/12 星期日 9:41:37
日志内容: SQL: SELECT * FROM [dbo].[Storage]

日志级别:[info]
日志位置:Git.Framework.Resource.ResourceManager
日志时间:2018/8/12 星期日 9:41:42
日志内容: SQL: SELECT t0.[ID],t0.[SN],t0.[TabName],t0.[FirstType],t0.[FirstRule],t0.[FirstLength],t0.[SecondType],t0.[SecondRule],t0.[SecondLength],t0.[ThirdType],t0.[ThirdRule],t0.[ThirdLength],t0.[FourType],t0.[FourRule],t0.[FourLength],t0.[JoinChar],t0.[Sample],t0.[CurrentValue],t0.[Remark] FROM [dbo].[Sequence] AS t0   WHERE t0.[TabName]=@0_t0_TabName 

日志级别:[info]
日志位置:Git.Framework.Resource.ResourceManager
日志时间:2018/8/12 星期日 9:41:47
日志内容: SQL: SELECT t0.[OrderNum] AS OrderNum,t0.[Num] AS Num,t0.[InPrice] AS InPrice FROM [dbo].[InStorDetail] AS t0   WHERE t0.[SnNum]=@0_t0_SnNum 

日志级别:[info]
日志位置:Git.Framework.Resource.ResourceManager
日志时间:2018/8/12 星期日 9:42:08
日志内容: SQL: SELECT * FROM [dbo].[Storage]

日志级别:[info]
日志位置:Git.Framework.Resource.ResourceManager
日志时间:2018/8/12 星期日 9:48:12
日志内容:FilePath:D:\03价值项目\GitA021MVC5仓库管理系统\Git.Storage.Web\Configs\Data\DbCommandFiles.config

日志级别:[info]
日志位置:Git.Framework.Resource.ResourceManager
日志时间:2018/8/12 星期日 9:48:12
日志内容:反序列化:D:\03价值项目\GitA021MVC5仓库管理系统\Git.Storage.Web\Configs\Data\DbCommandFiles.config

日志级别:[info]
日志位置:Git.Framework.Resource.ResourceManager
日志时间:2018/8/12 星期日 9:48:12
日志内容:config files length:2

日志级别:[info]
日志位置:Git.Framework.Resource.ResourceManager
日志时间:2018/8/12 星期日 9:48:12
日志内容:fileName:D:\03价值项目\GitA021MVC5仓库管理系统\Git.Storage.Web\Configs\Data\DbCommonCommand.config

日志级别:[info]
日志位置:Git.Framework.Resource.ResourceManager
日志时间:2018/8/12 星期日 9:48:12
日志内容:反序列化:D:\03价值项目\GitA021MVC5仓库管理系统\Git.Storage.Web\Configs\Data\DbCommonCommand.config

日志级别:[info]
日志位置:Git.Framework.Resource.ResourceManager
日志时间:2018/8/12 星期日 9:48:12
日志内容:fileName:D:\03价值项目\GitA021MVC5仓库管理系统\Git.Storage.Web\Configs\Data\DbReportCommand.config

日志级别:[info]
日志位置:Git.Framework.Resource.ResourceManager
日志时间:2018/8/12 星期日 9:48:12
日志内容:反序列化:D:\03价值项目\GitA021MVC5仓库管理系统\Git.Storage.Web\Configs\Data\DbReportCommand.config

日志级别:[info]
日志位置:Git.Framework.Resource.ResourceManager
日志时间:2018/8/12 星期日 9:48:12
日志内容:databaseFolder:D:\03价值项目\GitA021MVC5仓库管理系统\Git.Storage.Web\Configs\Data

日志级别:[info]
日志位置:Git.Framework.Resource.ResourceManager
日志时间:2018/8/12 星期日 9:48:12
日志内容:databaseFile:Database.config

日志级别:[info]
日志位置:Git.Framework.Resource.ResourceManager
日志时间:2018/8/12 星期日 9:48:12
日志内容:反序列化:D:\03价值项目\GitA021MVC5仓库管理系统\Git.Storage.Web\Configs\Data\Database.config

日志级别:[info]
日志位置:Git.Framework.Resource.ResourceManager
日志时间:2018/8/12 星期日 9:48:12
日志内容:instance.ConnectionString:Server=.;database=JooWMS;user id=sa;Password=lvcc

日志级别:[info]
日志位置:Git.Framework.Resource.ResourceManager
日志时间:2018/8/12 星期日 9:48:12
日志内容: SQL: SELECT COUNT(*) FROM [dbo].[Sequence] AS t0   WHERE t0.[TabName]=@0_t0_TabName

日志级别:[info]
日志位置:Git.Framework.Resource.ResourceManager
日志时间:2018/8/12 星期日 9:48:12
日志内容: SQL: SELECT COUNT(*) FROM [dbo].[Sequence] AS t0   WHERE t0.[TabName]=@0_t0_TabName

日志级别:[info]
日志位置:Git.Framework.Resource.ResourceManager
日志时间:2018/8/12 星期日 9:48:12
日志内容: SQL: SELECT COUNT(*) FROM [dbo].[Sequence] AS t0   WHERE t0.[TabName]=@0_t0_TabName

日志级别:[info]
日志位置:Git.Framework.Resource.ResourceManager
日志时间:2018/8/12 星期日 9:48:12
日志内容: SQL: SELECT COUNT(*) FROM [dbo].[Sequence] AS t0   WHERE t0.[TabName]=@0_t0_TabName

日志级别:[info]
日志位置:Git.Framework.Resource.ResourceManager
日志时间:2018/8/12 星期日 9:48:12
日志内容: SQL: SELECT COUNT(*) FROM [dbo].[Sequence] AS t0   WHERE t0.[TabName]=@0_t0_TabName

日志级别:[info]
日志位置:Git.Framework.Resource.ResourceManager
日志时间:2018/8/12 星期日 9:48:12
日志内容: SQL: SELECT COUNT(*) FROM [dbo].[Sequence] AS t0   WHERE t0.[TabName]=@0_t0_TabName

日志级别:[info]
日志位置:Git.Framework.Resource.ResourceManager
日志时间:2018/8/12 星期日 9:48:12
日志内容: SQL: SELECT COUNT(*) FROM [dbo].[Sequence] AS t0   WHERE t0.[TabName]=@0_t0_TabName

日志级别:[info]
日志位置:Git.Framework.Resource.ResourceManager
日志时间:2018/8/12 星期日 9:48:12
日志内容: SQL: SELECT COUNT(*) FROM [dbo].[Sequence] AS t0   WHERE t0.[TabName]=@0_t0_TabName

日志级别:[info]
日志位置:Git.Framework.Resource.ResourceManager
日志时间:2018/8/12 星期日 9:48:12
日志内容: SQL: SELECT COUNT(*) FROM [dbo].[Sequence] AS t0   WHERE t0.[TabName]=@0_t0_TabName

日志级别:[info]
日志位置:Git.Framework.Resource.ResourceManager
日志时间:2018/8/12 星期日 9:48:12
日志内容: SQL: SELECT COUNT(*) FROM [dbo].[Sequence] AS t0   WHERE t0.[TabName]=@0_t0_TabName

日志级别:[info]
日志位置:Git.Framework.Resource.ResourceManager
日志时间:2018/8/12 星期日 9:48:12
日志内容: SQL: SELECT COUNT(*) FROM [dbo].[Sequence] AS t0   WHERE t0.[TabName]=@0_t0_TabName

日志级别:[info]
日志位置:Git.Framework.Resource.ResourceManager
日志时间:2018/8/12 星期日 9:48:12
日志内容: SQL: SELECT COUNT(*) FROM [dbo].[Sequence] AS t0   WHERE t0.[TabName]=@0_t0_TabName

日志级别:[info]
日志位置:Git.Framework.Resource.ResourceManager
日志时间:2018/8/12 星期日 9:48:12
日志内容: SQL: SELECT COUNT(*) FROM [dbo].[Sequence] AS t0   WHERE t0.[TabName]=@0_t0_TabName

日志级别:[info]
日志位置:Git.Framework.Resource.ResourceManager
日志时间:2018/8/12 星期日 9:48:12
日志内容: SQL: SELECT COUNT(*) FROM [dbo].[Sequence] AS t0   WHERE t0.[TabName]=@0_t0_TabName

日志级别:[info]
日志位置:Git.Framework.Resource.ResourceManager
日志时间:2018/8/12 星期日 9:48:12
日志内容: SQL: SELECT COUNT(*) FROM [dbo].[Sequence] AS t0   WHERE t0.[TabName]=@0_t0_TabName

日志级别:[info]
日志位置:Git.Framework.Resource.ResourceManager
日志时间:2018/8/12 星期日 9:48:12
日志内容: SQL: SELECT COUNT(*) FROM [dbo].[Sequence] AS t0   WHERE t0.[TabName]=@0_t0_TabName

日志级别:[info]
日志位置:Git.Framework.Resource.ResourceManager
日志时间:2018/8/12 星期日 9:48:12
日志内容: SQL: SELECT COUNT(*) FROM [dbo].[Sequence] AS t0   WHERE t0.[TabName]=@0_t0_TabName

日志级别:[info]
日志位置:Git.Framework.Resource.ResourceManager
日志时间:2018/8/12 星期日 9:48:12
日志内容: SQL: SELECT COUNT(*) FROM [dbo].[Sequence] AS t0   WHERE t0.[TabName]=@0_t0_TabName

日志级别:[info]
日志位置:Git.Framework.Resource.ResourceManager
日志时间:2018/8/12 星期日 9:48:12
日志内容: SQL: SELECT COUNT(*) FROM [dbo].[Sequence] AS t0   WHERE t0.[TabName]=@0_t0_TabName

日志级别:[info]
日志位置:Git.Framework.Resource.ResourceManager
日志时间:2018/8/12 星期日 9:48:12
日志内容: SQL: SELECT COUNT(*) FROM [dbo].[Sequence] AS t0   WHERE t0.[TabName]=@0_t0_TabName

日志级别:[info]
日志位置:Git.Framework.Resource.ResourceManager
日志时间:2018/8/12 星期日 9:48:12
日志内容: SQL: SELECT COUNT(*) FROM [dbo].[Sequence] AS t0   WHERE t0.[TabName]=@0_t0_TabName

日志级别:[info]
日志位置:Git.Framework.Resource.ResourceManager
日志时间:2018/8/12 星期日 9:48:12
日志内容: SQL: SELECT COUNT(*) FROM [dbo].[Sequence] AS t0   WHERE t0.[TabName]=@0_t0_TabName

日志级别:[info]
日志位置:Git.Framework.Resource.ResourceManager
日志时间:2018/8/12 星期日 9:48:12
日志内容: SQL: SELECT COUNT(*) FROM [dbo].[Sequence] AS t0   WHERE t0.[TabName]=@0_t0_TabName

日志级别:[info]
日志位置:Git.Framework.Resource.ResourceManager
日志时间:2018/8/12 星期日 9:48:12
日志内容: SQL: SELECT COUNT(*) FROM [dbo].[Sequence] AS t0   WHERE t0.[TabName]=@0_t0_TabName

日志级别:[info]
日志位置:Git.Framework.Resource.ResourceManager
日志时间:2018/8/12 星期日 9:48:12
日志内容: SQL: SELECT COUNT(*) FROM [dbo].[Sequence] AS t0   WHERE t0.[TabName]=@0_t0_TabName

日志级别:[info]
日志位置:Git.Framework.Resource.ResourceManager
日志时间:2018/8/12 星期日 9:48:12
日志内容: SQL: SELECT COUNT(*) FROM [dbo].[Sequence] AS t0   WHERE t0.[TabName]=@0_t0_TabName

日志级别:[info]
日志位置:Git.Framework.Resource.ResourceManager
日志时间:2018/8/12 星期日 9:48:12
日志内容: SQL: SELECT COUNT(*) FROM [dbo].[Sequence] AS t0   WHERE t0.[TabName]=@0_t0_TabName

日志级别:[info]
日志位置:Git.Framework.Resource.ResourceManager
日志时间:2018/8/12 星期日 9:48:12
日志内容: SQL: SELECT COUNT(*) FROM [dbo].[Sequence] AS t0   WHERE t0.[TabName]=@0_t0_TabName

日志级别:[info]
日志位置:Git.Framework.Resource.ResourceManager
日志时间:2018/8/12 星期日 9:48:12
日志内容: SQL: SELECT COUNT(*) FROM [dbo].[Sequence] AS t0   WHERE t0.[TabName]=@0_t0_TabName

日志级别:[info]
日志位置:Git.Framework.Resource.ResourceManager
日志时间:2018/8/12 星期日 9:48:12
日志内容: SQL: SELECT COUNT(*) FROM [dbo].[Sequence] AS t0   WHERE t0.[TabName]=@0_t0_TabName

日志级别:[info]
日志位置:Git.Framework.Resource.ResourceManager
日志时间:2018/8/12 星期日 9:48:12
日志内容: SQL: SELECT COUNT(*) FROM [dbo].[Sequence] AS t0   WHERE t0.[TabName]=@0_t0_TabName

日志级别:[info]
日志位置:Git.Framework.Resource.ResourceManager
日志时间:2018/8/12 星期日 9:48:12
日志内容: SQL: SELECT COUNT(*) FROM [dbo].[Sequence] AS t0   WHERE t0.[TabName]=@0_t0_TabName

日志级别:[info]
日志位置:Git.Framework.Resource.ResourceManager
日志时间:2018/8/12 星期日 9:48:12
日志内容: SQL: SELECT COUNT(*) FROM [dbo].[Sequence] AS t0   WHERE t0.[TabName]=@0_t0_TabName

日志级别:[info]
日志位置:Git.Framework.Resource.ResourceManager
日志时间:2018/8/12 星期日 9:48:12
日志内容: SQL: SELECT COUNT(*) FROM [dbo].[Sequence] AS t0   WHERE t0.[TabName]=@0_t0_TabName

日志级别:[info]
日志位置:Git.Framework.Resource.ResourceManager
日志时间:2018/8/12 星期日 9:48:12
日志内容: SQL: SELECT COUNT(*) FROM [dbo].[Sequence] AS t0   WHERE t0.[TabName]=@0_t0_TabName

日志级别:[info]
日志位置:Git.Framework.Resource.ResourceManager
日志时间:2018/8/12 星期日 9:48:12
日志内容: SQL: SELECT COUNT(*) FROM [dbo].[Sequence] AS t0   WHERE t0.[TabName]=@0_t0_TabName

日志级别:[info]
日志位置:Git.Framework.Resource.ResourceManager
日志时间:2018/8/12 星期日 9:48:12
日志内容: SQL: SELECT * FROM [dbo].[Storage]

日志级别:[info]
日志位置:Git.Framework.Resource.ResourceManager
日志时间:2018/8/12 星期日 9:48:21
日志内容: SQL: SELECT t0.[ID],t0.[UserName],t0.[PassWord],t0.[UserCode],t0.[RealName],t0.[Email],t0.[Mobile],t0.[Phone],t0.[CreateTime],t0.[CreateIp],t0.[CreateUser],t0.[LoginCount],t0.[Picture],t0.[UpdateTime],t0.[IsDelete],t0.[Status],t0.[DepartNum],t0.[ParentCode],t0.[RoleNum],t0.[Remark],t1.[RoleName] AS RoleName FROM [dbo].[Admin] AS t0  LEFT JOIN [dbo].[SysRole] AS t1 ON  t0.[RoleNum]=t1.[RoleNum]  WHERE t0.[UserName]=@0_t0_UserName AND t0.[PassWord]=@1_t0_PassWord 

日志级别:[info]
日志位置:Git.Framework.Resource.ResourceManager
日志时间:2018/8/12 星期日 9:48:21
日志内容: SQL :UPDATE [dbo].[Admin] SET [LoginCount]=@LoginCount  WHERE Admin.[UserCode]=@0_Admin_UserCode

日志级别:[info]
日志位置:Git.Framework.Resource.ResourceManager
日志时间:2018/8/12 星期日 9:48:21
日志内容: SQL :UPDATE [dbo].[Admin] SET [LoginCount]=@LoginCount  WHERE Admin.[UserName]=@0_Admin_UserName AND Admin.[PassWord]=@1_Admin_PassWord

日志级别:[info]
日志位置:Git.Framework.Resource.ResourceManager
日志时间:2018/8/12 星期日 9:48:21
日志内容: SQL: SELECT t0.[ID],t0.[ResNum],t0.[ResName],t0.[ParentNum],t0.[Depth],t0.[ParentPath],t0.[ChildCount],t0.[Sort],t0.[IsHide],t0.[IsDelete],t0.[Url],t0.[CssName],t0.[CreateTime],t0.[Depart],t0.[ResType],t0.[UpdateTime],t0.[CreateUser],t0.[UpdateUser],t0.[CreateIp],t0.[UpdateIp],t0.[Remark] FROM [dbo].[SysResource] AS t0   WHERE t0.[IsDelete]=@0_t0_IsDelete 

日志级别:[info]
日志位置:Git.Framework.Resource.ResourceManager
日志时间:2018/8/12 星期日 9:48:21
日志内容: SQL: SELECT t0.[ID],t0.[RoleNum],t0.[ResNum],t0.[ResType] FROM [dbo].[SysRelation] AS t0   

日志级别:[info]
日志位置:Git.Framework.Resource.ResourceManager
日志时间:2018/8/12 星期日 9:48:21
日志内容: SQL: SELECT * FROM [dbo].[Storage]

