日志级别:[info]
日志位置:Git.Framework.Resource.ResourceManager
日志时间:2018/12/12 8:35:56
日志内容:FilePath:C:\01WebSite\GitA021MVC5仓库管理系统\Configs\Data\DbCommandFiles.config

日志级别:[info]
日志位置:Git.Framework.Resource.ResourceManager
日志时间:2018/12/12 8:35:56
日志内容:反序列化:C:\01WebSite\GitA021MVC5仓库管理系统\Configs\Data\DbCommandFiles.config

日志级别:[info]
日志位置:Git.Framework.Resource.ResourceManager
日志时间:2018/12/12 8:35:56
日志内容:config files length:2

日志级别:[info]
日志位置:Git.Framework.Resource.ResourceManager
日志时间:2018/12/12 8:35:56
日志内容:fileName:C:\01WebSite\GitA021MVC5仓库管理系统\Configs\Data\DbCommonCommand.config

日志级别:[info]
日志位置:Git.Framework.Resource.ResourceManager
日志时间:2018/12/12 8:35:56
日志内容:反序列化:C:\01WebSite\GitA021MVC5仓库管理系统\Configs\Data\DbCommonCommand.config

日志级别:[info]
日志位置:Git.Framework.Resource.ResourceManager
日志时间:2018/12/12 8:35:56
日志内容:fileName:C:\01WebSite\GitA021MVC5仓库管理系统\Configs\Data\DbReportCommand.config

日志级别:[info]
日志位置:Git.Framework.Resource.ResourceManager
日志时间:2018/12/12 8:35:56
日志内容:反序列化:C:\01WebSite\GitA021MVC5仓库管理系统\Configs\Data\DbReportCommand.config

日志级别:[info]
日志位置:Git.Framework.Resource.ResourceManager
日志时间:2018/12/12 8:35:56
日志内容:databaseFolder:C:\01WebSite\GitA021MVC5仓库管理系统\Configs\Data

日志级别:[info]
日志位置:Git.Framework.Resource.ResourceManager
日志时间:2018/12/12 8:35:56
日志内容:databaseFile:Database.config

日志级别:[info]
日志位置:Git.Framework.Resource.ResourceManager
日志时间:2018/12/12 8:35:56
日志内容:反序列化:C:\01WebSite\GitA021MVC5仓库管理系统\Configs\Data\Database.config

日志级别:[info]
日志位置:Git.Framework.Resource.ResourceManager
日志时间:2018/12/12 8:35:56
日志内容:instance.ConnectionString:Server=.;database=JooWMS;user id=sa;Password=lvcc

日志级别:[info]
日志位置:Git.Framework.Resource.ResourceManager
日志时间:2018/12/12 8:35:56
日志内容: SQL: SELECT COUNT(*) FROM [dbo].[Sequence] AS t0   WHERE t0.[TabName]=@0_t0_TabName

日志级别:[info]
日志位置:Git.Framework.Resource.ResourceManager
日志时间:2018/12/12 8:35:57
日志内容: SQL: SELECT COUNT(*) FROM [dbo].[Sequence] AS t0   WHERE t0.[TabName]=@0_t0_TabName

日志级别:[info]
日志位置:Git.Framework.Resource.ResourceManager
日志时间:2018/12/12 8:35:57
日志内容: SQL: SELECT COUNT(*) FROM [dbo].[Sequence] AS t0   WHERE t0.[TabName]=@0_t0_TabName

日志级别:[info]
日志位置:Git.Framework.Resource.ResourceManager
日志时间:2018/12/12 8:35:57
日志内容: SQL: SELECT COUNT(*) FROM [dbo].[Sequence] AS t0   WHERE t0.[TabName]=@0_t0_TabName

日志级别:[info]
日志位置:Git.Framework.Resource.ResourceManager
日志时间:2018/12/12 8:35:57
日志内容: SQL: SELECT COUNT(*) FROM [dbo].[Sequence] AS t0   WHERE t0.[TabName]=@0_t0_TabName

日志级别:[info]
日志位置:Git.Framework.Resource.ResourceManager
日志时间:2018/12/12 8:35:57
日志内容: SQL: SELECT COUNT(*) FROM [dbo].[Sequence] AS t0   WHERE t0.[TabName]=@0_t0_TabName

日志级别:[info]
日志位置:Git.Framework.Resource.ResourceManager
日志时间:2018/12/12 8:35:57
日志内容: SQL: SELECT COUNT(*) FROM [dbo].[Sequence] AS t0   WHERE t0.[TabName]=@0_t0_TabName

日志级别:[info]
日志位置:Git.Framework.Resource.ResourceManager
日志时间:2018/12/12 8:35:57
日志内容: SQL: SELECT COUNT(*) FROM [dbo].[Sequence] AS t0   WHERE t0.[TabName]=@0_t0_TabName

日志级别:[info]
日志位置:Git.Framework.Resource.ResourceManager
日志时间:2018/12/12 8:35:57
日志内容: SQL: SELECT COUNT(*) FROM [dbo].[Sequence] AS t0   WHERE t0.[TabName]=@0_t0_TabName

日志级别:[info]
日志位置:Git.Framework.Resource.ResourceManager
日志时间:2018/12/12 8:35:57
日志内容: SQL: SELECT COUNT(*) FROM [dbo].[Sequence] AS t0   WHERE t0.[TabName]=@0_t0_TabName

日志级别:[info]
日志位置:Git.Framework.Resource.ResourceManager
日志时间:2018/12/12 8:35:57
日志内容: SQL: SELECT COUNT(*) FROM [dbo].[Sequence] AS t0   WHERE t0.[TabName]=@0_t0_TabName

日志级别:[info]
日志位置:Git.Framework.Resource.ResourceManager
日志时间:2018/12/12 8:35:57
日志内容: SQL: SELECT COUNT(*) FROM [dbo].[Sequence] AS t0   WHERE t0.[TabName]=@0_t0_TabName

日志级别:[info]
日志位置:Git.Framework.Resource.ResourceManager
日志时间:2018/12/12 8:35:57
日志内容: SQL: SELECT COUNT(*) FROM [dbo].[Sequence] AS t0   WHERE t0.[TabName]=@0_t0_TabName

日志级别:[info]
日志位置:Git.Framework.Resource.ResourceManager
日志时间:2018/12/12 8:35:57
日志内容: SQL: SELECT COUNT(*) FROM [dbo].[Sequence] AS t0   WHERE t0.[TabName]=@0_t0_TabName

日志级别:[info]
日志位置:Git.Framework.Resource.ResourceManager
日志时间:2018/12/12 8:35:57
日志内容: SQL: SELECT COUNT(*) FROM [dbo].[Sequence] AS t0   WHERE t0.[TabName]=@0_t0_TabName

日志级别:[info]
日志位置:Git.Framework.Resource.ResourceManager
日志时间:2018/12/12 8:35:57
日志内容: SQL: SELECT COUNT(*) FROM [dbo].[Sequence] AS t0   WHERE t0.[TabName]=@0_t0_TabName

日志级别:[info]
日志位置:Git.Framework.Resource.ResourceManager
日志时间:2018/12/12 8:35:57
日志内容: SQL: SELECT COUNT(*) FROM [dbo].[Sequence] AS t0   WHERE t0.[TabName]=@0_t0_TabName

日志级别:[info]
日志位置:Git.Framework.Resource.ResourceManager
日志时间:2018/12/12 8:35:57
日志内容: SQL: SELECT COUNT(*) FROM [dbo].[Sequence] AS t0   WHERE t0.[TabName]=@0_t0_TabName

日志级别:[info]
日志位置:Git.Framework.Resource.ResourceManager
日志时间:2018/12/12 8:35:57
日志内容: SQL: SELECT COUNT(*) FROM [dbo].[Sequence] AS t0   WHERE t0.[TabName]=@0_t0_TabName

日志级别:[info]
日志位置:Git.Framework.Resource.ResourceManager
日志时间:2018/12/12 8:35:57
日志内容: SQL: SELECT COUNT(*) FROM [dbo].[Sequence] AS t0   WHERE t0.[TabName]=@0_t0_TabName

日志级别:[info]
日志位置:Git.Framework.Resource.ResourceManager
日志时间:2018/12/12 8:35:57
日志内容: SQL: SELECT COUNT(*) FROM [dbo].[Sequence] AS t0   WHERE t0.[TabName]=@0_t0_TabName

日志级别:[info]
日志位置:Git.Framework.Resource.ResourceManager
日志时间:2018/12/12 8:35:57
日志内容: SQL: SELECT COUNT(*) FROM [dbo].[Sequence] AS t0   WHERE t0.[TabName]=@0_t0_TabName

日志级别:[info]
日志位置:Git.Framework.Resource.ResourceManager
日志时间:2018/12/12 8:35:57
日志内容: SQL: SELECT COUNT(*) FROM [dbo].[Sequence] AS t0   WHERE t0.[TabName]=@0_t0_TabName

日志级别:[info]
日志位置:Git.Framework.Resource.ResourceManager
日志时间:2018/12/12 8:35:57
日志内容: SQL: SELECT COUNT(*) FROM [dbo].[Sequence] AS t0   WHERE t0.[TabName]=@0_t0_TabName

日志级别:[info]
日志位置:Git.Framework.Resource.ResourceManager
日志时间:2018/12/12 8:35:57
日志内容: SQL: SELECT COUNT(*) FROM [dbo].[Sequence] AS t0   WHERE t0.[TabName]=@0_t0_TabName

日志级别:[info]
日志位置:Git.Framework.Resource.ResourceManager
日志时间:2018/12/12 8:35:57
日志内容: SQL: SELECT COUNT(*) FROM [dbo].[Sequence] AS t0   WHERE t0.[TabName]=@0_t0_TabName

日志级别:[info]
日志位置:Git.Framework.Resource.ResourceManager
日志时间:2018/12/12 8:35:57
日志内容: SQL: SELECT COUNT(*) FROM [dbo].[Sequence] AS t0   WHERE t0.[TabName]=@0_t0_TabName

日志级别:[info]
日志位置:Git.Framework.Resource.ResourceManager
日志时间:2018/12/12 8:35:57
日志内容: SQL: SELECT COUNT(*) FROM [dbo].[Sequence] AS t0   WHERE t0.[TabName]=@0_t0_TabName

日志级别:[info]
日志位置:Git.Framework.Resource.ResourceManager
日志时间:2018/12/12 8:35:57
日志内容: SQL: SELECT COUNT(*) FROM [dbo].[Sequence] AS t0   WHERE t0.[TabName]=@0_t0_TabName

日志级别:[info]
日志位置:Git.Framework.Resource.ResourceManager
日志时间:2018/12/12 8:35:57
日志内容: SQL: SELECT COUNT(*) FROM [dbo].[Sequence] AS t0   WHERE t0.[TabName]=@0_t0_TabName

日志级别:[info]
日志位置:Git.Framework.Resource.ResourceManager
日志时间:2018/12/12 8:35:57
日志内容: SQL: SELECT COUNT(*) FROM [dbo].[Sequence] AS t0   WHERE t0.[TabName]=@0_t0_TabName

日志级别:[info]
日志位置:Git.Framework.Resource.ResourceManager
日志时间:2018/12/12 8:35:57
日志内容: SQL: SELECT COUNT(*) FROM [dbo].[Sequence] AS t0   WHERE t0.[TabName]=@0_t0_TabName

日志级别:[info]
日志位置:Git.Framework.Resource.ResourceManager
日志时间:2018/12/12 8:35:57
日志内容: SQL: SELECT COUNT(*) FROM [dbo].[Sequence] AS t0   WHERE t0.[TabName]=@0_t0_TabName

日志级别:[info]
日志位置:Git.Framework.Resource.ResourceManager
日志时间:2018/12/12 8:35:57
日志内容: SQL: SELECT COUNT(*) FROM [dbo].[Sequence] AS t0   WHERE t0.[TabName]=@0_t0_TabName

日志级别:[info]
日志位置:Git.Framework.Resource.ResourceManager
日志时间:2018/12/12 8:35:57
日志内容: SQL: SELECT COUNT(*) FROM [dbo].[Sequence] AS t0   WHERE t0.[TabName]=@0_t0_TabName

日志级别:[info]
日志位置:Git.Framework.Resource.ResourceManager
日志时间:2018/12/12 8:35:57
日志内容: SQL: SELECT COUNT(*) FROM [dbo].[Sequence] AS t0   WHERE t0.[TabName]=@0_t0_TabName

日志级别:[info]
日志位置:Git.Framework.Resource.ResourceManager
日志时间:2018/12/12 8:35:57
日志内容: SQL: DECLARE @StartIndex INT SET @StartIndex = 1 SELECT @RecordCount=COUNT(*) FROM [dbo].[InStorage] AS t0  LEFT JOIN [dbo].[Admin] AS t1 ON  t0.[CreateUser]=t1.[UserCode]  WHERE t0.[IsDelete]=@0_t0_IsDelete IF (@PageIndex<=1) BEGIN SET @PageIndex=1 END SET @StartIndex = ( @PageIndex - 1 ) * @PageSize + 1 ; WITH TempTable AS( SELECT ROW_NUMBER() OVER (ORDER BY t0.[ID] DESC) RowNumber,t0.[ID],t0.[OrderNum],t0.[InType],t0.[ProductType],t0.[StorageNum],t0.[SupNum],t0.[SupName],t0.[ContactName],t0.[Phone],t0.[Address],t0.[ContractOrder],t0.[ContractType],t0.[Status],t0.[IsDelete],t0.[Num],t0.[Amount],t0.[NetWeight],t0.[GrossWeight],t0.[OrderTime],t0.[CreateTime],t0.[CreateUser],t0.[AuditUser],t0.[AuditeTime],t0.[PrintUser],t0.[PrintTime],t0.[StoreKeeper],t0.[Reason],t0.[OperateType],t0.[EquipmentNum],t0.[EquipmentCode],t0.[Remark],t1.[UserName] AS CreateUserName FROM [dbo].[InStorage] AS t0  LEFT JOIN [dbo].[Admin] AS t1 ON  t0.[CreateUser]=t1.[UserCode]  WHERE t0.[IsDelete]=@0_t0_IsDelete ) SELECT * FROM TempTable WHERE RowNumber BETWEEN (@StartIndex) AND (@PageIndex * @PageSize) 

日志级别:[info]
日志位置:Git.Framework.Resource.ResourceManager
日志时间:2018/12/12 8:35:57
日志内容:分页查询SQL语句组装时间:14

日志级别:[info]
日志位置:Git.Framework.Resource.ResourceManager
日志时间:2018/12/12 8:35:57
日志内容:分页查询SQL语句查询时间:50

日志级别:[info]
日志位置:Git.Framework.Resource.ResourceManager
日志时间:2018/12/12 8:36:12
日志内容: SQL: SELECT * FROM [dbo].[Storage]

日志级别:[info]
日志位置:Git.Framework.Resource.ResourceManager
日志时间:2018/12/12 8:36:12
日志内容: SQL: SELECT * FROM [dbo].[Storage]

日志级别:[info]
日志位置:Git.Framework.Resource.ResourceManager
日志时间:2018/12/12 8:36:15
日志内容: SQL: SELECT t0.[ID],t0.[UserName],t0.[PassWord],t0.[UserCode],t0.[RealName],t0.[Email],t0.[Mobile],t0.[Phone],t0.[CreateTime],t0.[CreateIp],t0.[CreateUser],t0.[LoginCount],t0.[Picture],t0.[UpdateTime],t0.[IsDelete],t0.[Status],t0.[DepartNum],t0.[ParentCode],t0.[RoleNum],t0.[Remark],t1.[RoleName] AS RoleName FROM [dbo].[Admin] AS t0  LEFT JOIN [dbo].[SysRole] AS t1 ON  t0.[RoleNum]=t1.[RoleNum]  WHERE t0.[UserName]=@0_t0_UserName AND t0.[PassWord]=@1_t0_PassWord 

日志级别:[info]
日志位置:Git.Framework.Resource.ResourceManager
日志时间:2018/12/12 8:36:15
日志内容: SQL :UPDATE [dbo].[Admin] SET [LoginCount]=@LoginCount  WHERE Admin.[UserCode]=@0_Admin_UserCode

日志级别:[info]
日志位置:Git.Framework.Resource.ResourceManager
日志时间:2018/12/12 8:36:15
日志内容: SQL :UPDATE [dbo].[Admin] SET [LoginCount]=@LoginCount  WHERE Admin.[UserName]=@0_Admin_UserName AND Admin.[PassWord]=@1_Admin_PassWord

日志级别:[info]
日志位置:Git.Framework.Resource.ResourceManager
日志时间:2018/12/12 8:36:15
日志内容: SQL: SELECT t0.[ID],t0.[ResNum],t0.[ResName],t0.[ParentNum],t0.[Depth],t0.[ParentPath],t0.[ChildCount],t0.[Sort],t0.[IsHide],t0.[IsDelete],t0.[Url],t0.[CssName],t0.[CreateTime],t0.[Depart],t0.[ResType],t0.[UpdateTime],t0.[CreateUser],t0.[UpdateUser],t0.[CreateIp],t0.[UpdateIp],t0.[Remark] FROM [dbo].[SysResource] AS t0   WHERE t0.[IsDelete]=@0_t0_IsDelete 

日志级别:[info]
日志位置:Git.Framework.Resource.ResourceManager
日志时间:2018/12/12 8:36:15
日志内容: SQL: SELECT t0.[ID],t0.[RoleNum],t0.[ResNum],t0.[ResType] FROM [dbo].[SysRelation] AS t0   

日志级别:[info]
日志位置:Git.Framework.Resource.ResourceManager
日志时间:2018/12/12 8:36:15
日志内容: SQL: SELECT * FROM [dbo].[Storage]

日志级别:[info]
日志位置:Git.Framework.Resource.ResourceManager
日志时间:2018/12/12 8:36:15
日志内容: SQL: SELECT * FROM [dbo].[Storage]

日志级别:[info]
日志位置:Git.Framework.Resource.ResourceManager
日志时间:2018/12/12 8:36:16
日志内容: SQL: DECLARE @StartIndex INT SET @StartIndex = 1 SELECT @RecordCount=COUNT(*) FROM [dbo].[Location] AS t0  LEFT JOIN [dbo].[Storage] AS t1 ON  t0.[StorageNum]=t1.[StorageNum]  WHERE t0.[StorageNum]=@0_t0_StorageNum AND t0.[IsDelete]=@1_t0_IsDelete IF (@PageIndex<=1) BEGIN SET @PageIndex=1 END SET @StartIndex = ( @PageIndex - 1 ) * @PageSize + 1 ; WITH TempTable AS( SELECT ROW_NUMBER() OVER (ORDER BY t0.[ID] DESC) RowNumber,t0.[ID],t0.[LocalNum],t0.[LocalBarCode],t0.[LocalName],t0.[StorageNum],t0.[StorageType],t0.[LocalType],t0.[Rack],t0.[Length],t0.[Width],t0.[Height],t0.[X],t0.[Y],t0.[Z],t0.[UnitNum],t0.[UnitName],t0.[Remark],t0.[IsForbid],t0.[IsDefault],t0.[IsDelete],t0.[CreateTime],t1.[StorageName] AS StorageName FROM [dbo].[Location] AS t0  LEFT JOIN [dbo].[Storage] AS t1 ON  t0.[StorageNum]=t1.[StorageNum]  WHERE t0.[StorageNum]=@0_t0_StorageNum AND t0.[IsDelete]=@1_t0_IsDelete ) SELECT * FROM TempTable WHERE RowNumber BETWEEN (@StartIndex) AND (@PageIndex * @PageSize) 

日志级别:[info]
日志位置:Git.Framework.Resource.ResourceManager
日志时间:2018/12/12 8:36:16
日志内容:分页查询SQL语句组装时间:0

日志级别:[info]
日志位置:Git.Framework.Resource.ResourceManager
日志时间:2018/12/12 8:36:16
日志内容:分页查询SQL语句查询时间:41

日志级别:[info]
日志位置:Git.Framework.Resource.ResourceManager
日志时间:2018/12/12 8:36:16
日志内容: SQL: SELECT * FROM [dbo].[Storage]

日志级别:[info]
日志位置:Git.Framework.Resource.ResourceManager
日志时间:2018/12/12 14:46:23
日志内容:FilePath:C:\01WebSite\GitA021MVC5仓库管理系统\Configs\Data\DbCommandFiles.config

日志级别:[info]
日志位置:Git.Framework.Resource.ResourceManager
日志时间:2018/12/12 14:46:23
日志内容:反序列化:C:\01WebSite\GitA021MVC5仓库管理系统\Configs\Data\DbCommandFiles.config

日志级别:[info]
日志位置:Git.Framework.Resource.ResourceManager
日志时间:2018/12/12 14:46:24
日志内容:config files length:2

日志级别:[info]
日志位置:Git.Framework.Resource.ResourceManager
日志时间:2018/12/12 14:46:24
日志内容:fileName:C:\01WebSite\GitA021MVC5仓库管理系统\Configs\Data\DbCommonCommand.config

日志级别:[info]
日志位置:Git.Framework.Resource.ResourceManager
日志时间:2018/12/12 14:46:24
日志内容:反序列化:C:\01WebSite\GitA021MVC5仓库管理系统\Configs\Data\DbCommonCommand.config

日志级别:[info]
日志位置:Git.Framework.Resource.ResourceManager
日志时间:2018/12/12 14:46:24
日志内容:fileName:C:\01WebSite\GitA021MVC5仓库管理系统\Configs\Data\DbReportCommand.config

日志级别:[info]
日志位置:Git.Framework.Resource.ResourceManager
日志时间:2018/12/12 14:46:24
日志内容:反序列化:C:\01WebSite\GitA021MVC5仓库管理系统\Configs\Data\DbReportCommand.config

日志级别:[info]
日志位置:Git.Framework.Resource.ResourceManager
日志时间:2018/12/12 14:46:24
日志内容:databaseFolder:C:\01WebSite\GitA021MVC5仓库管理系统\Configs\Data

日志级别:[info]
日志位置:Git.Framework.Resource.ResourceManager
日志时间:2018/12/12 14:46:24
日志内容:databaseFile:Database.config

日志级别:[info]
日志位置:Git.Framework.Resource.ResourceManager
日志时间:2018/12/12 14:46:24
日志内容:反序列化:C:\01WebSite\GitA021MVC5仓库管理系统\Configs\Data\Database.config

日志级别:[info]
日志位置:Git.Framework.Resource.ResourceManager
日志时间:2018/12/12 14:46:24
日志内容:instance.ConnectionString:Server=.;database=JooWMS;user id=sa;Password=lvcc

日志级别:[info]
日志位置:Git.Framework.Resource.ResourceManager
日志时间:2018/12/12 14:46:24
日志内容: SQL: SELECT COUNT(*) FROM [dbo].[Sequence] AS t0   WHERE t0.[TabName]=@0_t0_TabName

日志级别:[info]
日志位置:Git.Framework.Resource.ResourceManager
日志时间:2018/12/12 14:46:24
日志内容: SQL: SELECT COUNT(*) FROM [dbo].[Sequence] AS t0   WHERE t0.[TabName]=@0_t0_TabName

日志级别:[info]
日志位置:Git.Framework.Resource.ResourceManager
日志时间:2018/12/12 14:46:24
日志内容: SQL: SELECT COUNT(*) FROM [dbo].[Sequence] AS t0   WHERE t0.[TabName]=@0_t0_TabName

日志级别:[info]
日志位置:Git.Framework.Resource.ResourceManager
日志时间:2018/12/12 14:46:24
日志内容: SQL: SELECT COUNT(*) FROM [dbo].[Sequence] AS t0   WHERE t0.[TabName]=@0_t0_TabName

日志级别:[info]
日志位置:Git.Framework.Resource.ResourceManager
日志时间:2018/12/12 14:46:24
日志内容: SQL: SELECT COUNT(*) FROM [dbo].[Sequence] AS t0   WHERE t0.[TabName]=@0_t0_TabName

日志级别:[info]
日志位置:Git.Framework.Resource.ResourceManager
日志时间:2018/12/12 14:46:24
日志内容: SQL: SELECT COUNT(*) FROM [dbo].[Sequence] AS t0   WHERE t0.[TabName]=@0_t0_TabName

日志级别:[info]
日志位置:Git.Framework.Resource.ResourceManager
日志时间:2018/12/12 14:46:24
日志内容: SQL: SELECT COUNT(*) FROM [dbo].[Sequence] AS t0   WHERE t0.[TabName]=@0_t0_TabName

日志级别:[info]
日志位置:Git.Framework.Resource.ResourceManager
日志时间:2018/12/12 14:46:24
日志内容: SQL: SELECT COUNT(*) FROM [dbo].[Sequence] AS t0   WHERE t0.[TabName]=@0_t0_TabName

日志级别:[info]
日志位置:Git.Framework.Resource.ResourceManager
日志时间:2018/12/12 14:46:24
日志内容: SQL: SELECT COUNT(*) FROM [dbo].[Sequence] AS t0   WHERE t0.[TabName]=@0_t0_TabName

日志级别:[info]
日志位置:Git.Framework.Resource.ResourceManager
日志时间:2018/12/12 14:46:24
日志内容: SQL: SELECT COUNT(*) FROM [dbo].[Sequence] AS t0   WHERE t0.[TabName]=@0_t0_TabName

日志级别:[info]
日志位置:Git.Framework.Resource.ResourceManager
日志时间:2018/12/12 14:46:24
日志内容: SQL: SELECT COUNT(*) FROM [dbo].[Sequence] AS t0   WHERE t0.[TabName]=@0_t0_TabName

日志级别:[info]
日志位置:Git.Framework.Resource.ResourceManager
日志时间:2018/12/12 14:46:24
日志内容: SQL: SELECT COUNT(*) FROM [dbo].[Sequence] AS t0   WHERE t0.[TabName]=@0_t0_TabName

日志级别:[info]
日志位置:Git.Framework.Resource.ResourceManager
日志时间:2018/12/12 14:46:24
日志内容: SQL: SELECT COUNT(*) FROM [dbo].[Sequence] AS t0   WHERE t0.[TabName]=@0_t0_TabName

日志级别:[info]
日志位置:Git.Framework.Resource.ResourceManager
日志时间:2018/12/12 14:46:24
日志内容: SQL: SELECT COUNT(*) FROM [dbo].[Sequence] AS t0   WHERE t0.[TabName]=@0_t0_TabName

日志级别:[info]
日志位置:Git.Framework.Resource.ResourceManager
日志时间:2018/12/12 14:46:24
日志内容: SQL: SELECT COUNT(*) FROM [dbo].[Sequence] AS t0   WHERE t0.[TabName]=@0_t0_TabName

日志级别:[info]
日志位置:Git.Framework.Resource.ResourceManager
日志时间:2018/12/12 14:46:24
日志内容: SQL: SELECT COUNT(*) FROM [dbo].[Sequence] AS t0   WHERE t0.[TabName]=@0_t0_TabName

日志级别:[info]
日志位置:Git.Framework.Resource.ResourceManager
日志时间:2018/12/12 14:46:24
日志内容: SQL: SELECT COUNT(*) FROM [dbo].[Sequence] AS t0   WHERE t0.[TabName]=@0_t0_TabName

日志级别:[info]
日志位置:Git.Framework.Resource.ResourceManager
日志时间:2018/12/12 14:46:24
日志内容: SQL: SELECT COUNT(*) FROM [dbo].[Sequence] AS t0   WHERE t0.[TabName]=@0_t0_TabName

日志级别:[info]
日志位置:Git.Framework.Resource.ResourceManager
日志时间:2018/12/12 14:46:24
日志内容: SQL: SELECT COUNT(*) FROM [dbo].[Sequence] AS t0   WHERE t0.[TabName]=@0_t0_TabName

日志级别:[info]
日志位置:Git.Framework.Resource.ResourceManager
日志时间:2018/12/12 14:46:24
日志内容: SQL: SELECT COUNT(*) FROM [dbo].[Sequence] AS t0   WHERE t0.[TabName]=@0_t0_TabName

日志级别:[info]
日志位置:Git.Framework.Resource.ResourceManager
日志时间:2018/12/12 14:46:24
日志内容: SQL: SELECT COUNT(*) FROM [dbo].[Sequence] AS t0   WHERE t0.[TabName]=@0_t0_TabName

日志级别:[info]
日志位置:Git.Framework.Resource.ResourceManager
日志时间:2018/12/12 14:46:24
日志内容: SQL: SELECT COUNT(*) FROM [dbo].[Sequence] AS t0   WHERE t0.[TabName]=@0_t0_TabName

日志级别:[info]
日志位置:Git.Framework.Resource.ResourceManager
日志时间:2018/12/12 14:46:24
日志内容: SQL: SELECT COUNT(*) FROM [dbo].[Sequence] AS t0   WHERE t0.[TabName]=@0_t0_TabName

日志级别:[info]
日志位置:Git.Framework.Resource.ResourceManager
日志时间:2018/12/12 14:46:24
日志内容: SQL: SELECT COUNT(*) FROM [dbo].[Sequence] AS t0   WHERE t0.[TabName]=@0_t0_TabName

日志级别:[info]
日志位置:Git.Framework.Resource.ResourceManager
日志时间:2018/12/12 14:46:24
日志内容: SQL: SELECT COUNT(*) FROM [dbo].[Sequence] AS t0   WHERE t0.[TabName]=@0_t0_TabName

日志级别:[info]
日志位置:Git.Framework.Resource.ResourceManager
日志时间:2018/12/12 14:46:24
日志内容: SQL: SELECT COUNT(*) FROM [dbo].[Sequence] AS t0   WHERE t0.[TabName]=@0_t0_TabName

日志级别:[info]
日志位置:Git.Framework.Resource.ResourceManager
日志时间:2018/12/12 14:46:24
日志内容: SQL: SELECT COUNT(*) FROM [dbo].[Sequence] AS t0   WHERE t0.[TabName]=@0_t0_TabName

日志级别:[info]
日志位置:Git.Framework.Resource.ResourceManager
日志时间:2018/12/12 14:46:24
日志内容: SQL: SELECT COUNT(*) FROM [dbo].[Sequence] AS t0   WHERE t0.[TabName]=@0_t0_TabName

日志级别:[info]
日志位置:Git.Framework.Resource.ResourceManager
日志时间:2018/12/12 14:46:24
日志内容: SQL: SELECT COUNT(*) FROM [dbo].[Sequence] AS t0   WHERE t0.[TabName]=@0_t0_TabName

日志级别:[info]
日志位置:Git.Framework.Resource.ResourceManager
日志时间:2018/12/12 14:46:24
日志内容: SQL: SELECT COUNT(*) FROM [dbo].[Sequence] AS t0   WHERE t0.[TabName]=@0_t0_TabName

日志级别:[info]
日志位置:Git.Framework.Resource.ResourceManager
日志时间:2018/12/12 14:46:24
日志内容: SQL: SELECT COUNT(*) FROM [dbo].[Sequence] AS t0   WHERE t0.[TabName]=@0_t0_TabName

日志级别:[info]
日志位置:Git.Framework.Resource.ResourceManager
日志时间:2018/12/12 14:46:24
日志内容: SQL: SELECT COUNT(*) FROM [dbo].[Sequence] AS t0   WHERE t0.[TabName]=@0_t0_TabName

日志级别:[info]
日志位置:Git.Framework.Resource.ResourceManager
日志时间:2018/12/12 14:46:24
日志内容: SQL: SELECT COUNT(*) FROM [dbo].[Sequence] AS t0   WHERE t0.[TabName]=@0_t0_TabName

日志级别:[info]
日志位置:Git.Framework.Resource.ResourceManager
日志时间:2018/12/12 14:46:24
日志内容: SQL: SELECT COUNT(*) FROM [dbo].[Sequence] AS t0   WHERE t0.[TabName]=@0_t0_TabName

日志级别:[info]
日志位置:Git.Framework.Resource.ResourceManager
日志时间:2018/12/12 14:46:24
日志内容: SQL: SELECT COUNT(*) FROM [dbo].[Sequence] AS t0   WHERE t0.[TabName]=@0_t0_TabName

日志级别:[info]
日志位置:Git.Framework.Resource.ResourceManager
日志时间:2018/12/12 14:46:24
日志内容: SQL: SELECT COUNT(*) FROM [dbo].[Sequence] AS t0   WHERE t0.[TabName]=@0_t0_TabName

日志级别:[info]
日志位置:Git.Framework.Resource.ResourceManager
日志时间:2018/12/12 14:46:24
日志内容: SQL: SELECT * FROM [dbo].[Storage]

日志级别:[info]
日志位置:Git.Framework.Resource.ResourceManager
日志时间:2018/12/12 14:46:25
日志内容: SQL: SELECT * FROM [dbo].[Storage]

日志级别:[info]
日志位置:Git.Framework.Resource.ResourceManager
日志时间:2018/12/12 14:58:47
日志内容: SQL: SELECT t0.[ID],t0.[UserName],t0.[PassWord],t0.[UserCode],t0.[RealName],t0.[Email],t0.[Mobile],t0.[Phone],t0.[CreateTime],t0.[CreateIp],t0.[CreateUser],t0.[LoginCount],t0.[Picture],t0.[UpdateTime],t0.[IsDelete],t0.[Status],t0.[DepartNum],t0.[ParentCode],t0.[RoleNum],t0.[Remark],t1.[RoleName] AS RoleName FROM [dbo].[Admin] AS t0  LEFT JOIN [dbo].[SysRole] AS t1 ON  t0.[RoleNum]=t1.[RoleNum]  WHERE t0.[UserName]=@0_t0_UserName AND t0.[PassWord]=@1_t0_PassWord 

日志级别:[info]
日志位置:Git.Framework.Resource.ResourceManager
日志时间:2018/12/12 14:58:47
日志内容: SQL :UPDATE [dbo].[Admin] SET [LoginCount]=@LoginCount  WHERE Admin.[UserCode]=@0_Admin_UserCode

日志级别:[info]
日志位置:Git.Framework.Resource.ResourceManager
日志时间:2018/12/12 14:58:47
日志内容: SQL :UPDATE [dbo].[Admin] SET [LoginCount]=@LoginCount  WHERE Admin.[UserName]=@0_Admin_UserName AND Admin.[PassWord]=@1_Admin_PassWord

日志级别:[info]
日志位置:Git.Framework.Resource.ResourceManager
日志时间:2018/12/12 14:58:48
日志内容: SQL: SELECT t0.[ID],t0.[ResNum],t0.[ResName],t0.[ParentNum],t0.[Depth],t0.[ParentPath],t0.[ChildCount],t0.[Sort],t0.[IsHide],t0.[IsDelete],t0.[Url],t0.[CssName],t0.[CreateTime],t0.[Depart],t0.[ResType],t0.[UpdateTime],t0.[CreateUser],t0.[UpdateUser],t0.[CreateIp],t0.[UpdateIp],t0.[Remark] FROM [dbo].[SysResource] AS t0   WHERE t0.[IsDelete]=@0_t0_IsDelete 

日志级别:[info]
日志位置:Git.Framework.Resource.ResourceManager
日志时间:2018/12/12 14:58:48
日志内容: SQL: SELECT t0.[ID],t0.[RoleNum],t0.[ResNum],t0.[ResType] FROM [dbo].[SysRelation] AS t0   

日志级别:[info]
日志位置:Git.Framework.Resource.ResourceManager
日志时间:2018/12/12 14:58:48
日志内容: SQL: SELECT * FROM [dbo].[Storage]

日志级别:[info]
日志位置:Git.Framework.Resource.ResourceManager
日志时间:2018/12/12 14:58:48
日志内容: SQL: SELECT * FROM [dbo].[Storage]

日志级别:[info]
日志位置:Git.Framework.Resource.ResourceManager
日志时间:2018/12/12 14:58:53
日志内容: SQL: DECLARE @StartIndex INT SET @StartIndex = 1 SELECT @RecordCount=COUNT(*) FROM [dbo].[Location] AS t0  LEFT JOIN [dbo].[Storage] AS t1 ON  t0.[StorageNum]=t1.[StorageNum]  WHERE t0.[StorageNum]=@0_t0_StorageNum AND t0.[IsDelete]=@1_t0_IsDelete IF (@PageIndex<=1) BEGIN SET @PageIndex=1 END SET @StartIndex = ( @PageIndex - 1 ) * @PageSize + 1 ; WITH TempTable AS( SELECT ROW_NUMBER() OVER (ORDER BY t0.[ID] DESC) RowNumber,t0.[ID],t0.[LocalNum],t0.[LocalBarCode],t0.[LocalName],t0.[StorageNum],t0.[StorageType],t0.[LocalType],t0.[Rack],t0.[Length],t0.[Width],t0.[Height],t0.[X],t0.[Y],t0.[Z],t0.[UnitNum],t0.[UnitName],t0.[Remark],t0.[IsForbid],t0.[IsDefault],t0.[IsDelete],t0.[CreateTime],t1.[StorageName] AS StorageName FROM [dbo].[Location] AS t0  LEFT JOIN [dbo].[Storage] AS t1 ON  t0.[StorageNum]=t1.[StorageNum]  WHERE t0.[StorageNum]=@0_t0_StorageNum AND t0.[IsDelete]=@1_t0_IsDelete ) SELECT * FROM TempTable WHERE RowNumber BETWEEN (@StartIndex) AND (@PageIndex * @PageSize) 

日志级别:[info]
日志位置:Git.Framework.Resource.ResourceManager
日志时间:2018/12/12 14:58:53
日志内容:分页查询SQL语句组装时间:4

日志级别:[info]
日志位置:Git.Framework.Resource.ResourceManager
日志时间:2018/12/12 14:58:53
日志内容:分页查询SQL语句查询时间:16

日志级别:[info]
日志位置:Git.Framework.Resource.ResourceManager
日志时间:2018/12/12 14:58:53
日志内容: SQL: SELECT * FROM [dbo].[Storage]

日志级别:[info]
日志位置:Git.Framework.Resource.ResourceManager
日志时间:2018/12/12 15:08:22
日志内容: SQL: SELECT * FROM [dbo].[Storage]

日志级别:[info]
日志位置:Git.Framework.Resource.ResourceManager
日志时间:2018/12/12 15:08:24
日志内容: SQL: DECLARE @StartIndex INT SET @StartIndex = 1 SELECT @RecordCount=COUNT(*) FROM [dbo].[Customer] AS t0   WHERE t0.[IsDelete]=@0_t0_IsDelete IF (@PageIndex<=1) BEGIN SET @PageIndex=1 END SET @StartIndex = ( @PageIndex - 1 ) * @PageSize + 1 ; WITH TempTable AS( SELECT ROW_NUMBER() OVER (ORDER BY t0.[ID] DESC) RowNumber,t0.[ID],t0.[CusNum],t0.[CusName],t0.[Phone],t0.[Email],t0.[Fax],t0.[Address],t0.[CusType],t0.[IsDelete],t0.[CreateTime],t0.[CreateUser],t0.[Remark] FROM [dbo].[Customer] AS t0   WHERE t0.[IsDelete]=@0_t0_IsDelete ) SELECT * FROM TempTable WHERE RowNumber BETWEEN (@StartIndex) AND (@PageIndex * @PageSize) 

日志级别:[info]
日志位置:Git.Framework.Resource.ResourceManager
日志时间:2018/12/12 15:08:24
日志内容:分页查询SQL语句组装时间:0

日志级别:[info]
日志位置:Git.Framework.Resource.ResourceManager
日志时间:2018/12/12 15:08:24
日志内容:分页查询SQL语句查询时间:8

日志级别:[info]
日志位置:Git.Framework.Resource.ResourceManager
日志时间:2018/12/12 15:08:28
日志内容: SQL: SELECT * FROM [dbo].[Storage]

日志级别:[info]
日志位置:Git.Framework.Resource.ResourceManager
日志时间:2018/12/12 15:08:30
日志内容: SQL: DECLARE @StartIndex INT SET @StartIndex = 1 SELECT @RecordCount=COUNT(*) FROM [dbo].[OutStorage] AS t0  LEFT JOIN [dbo].[Admin] AS t1 ON  t0.[CreateUser]=t1.[UserCode]  WHERE t0.[StorageNum]=@0_t0_StorageNum AND t0.[IsDelete]=@1_t0_IsDelete IF (@PageIndex<=1) BEGIN SET @PageIndex=1 END SET @StartIndex = ( @PageIndex - 1 ) * @PageSize + 1 ; WITH TempTable AS( SELECT ROW_NUMBER() OVER (ORDER BY t0.[ID] DESC) RowNumber,t0.[ID],t0.[OrderNum],t0.[OutType],t0.[ProductType],t0.[StorageNum],t0.[CusNum],t0.[CusName],t0.[Contact],t0.[Phone],t0.[Address],t0.[ContractOrder],t0.[Num],t0.[Amount],t0.[Weight],t0.[SendDate],t0.[Status],t0.[IsDelete],t0.[CreateTime],t0.[CreateUser],t0.[AuditUser],t0.[AuditeTime],t0.[PrintUser],t0.[PrintTime],t0.[Reason],t0.[OperateType],t0.[EquipmentNum],t0.[EquipmentCode],t0.[Remark],t1.[UserName] AS CreateUserName FROM [dbo].[OutStorage] AS t0  LEFT JOIN [dbo].[Admin] AS t1 ON  t0.[CreateUser]=t1.[UserCode]  WHERE t0.[StorageNum]=@0_t0_StorageNum AND t0.[IsDelete]=@1_t0_IsDelete ) SELECT * FROM TempTable WHERE RowNumber BETWEEN (@StartIndex) AND (@PageIndex * @PageSize) 

日志级别:[info]
日志位置:Git.Framework.Resource.ResourceManager
日志时间:2018/12/12 15:08:30
日志内容:分页查询SQL语句组装时间:0

日志级别:[info]
日志位置:Git.Framework.Resource.ResourceManager
日志时间:2018/12/12 15:08:30
日志内容:分页查询SQL语句查询时间:14

日志级别:[info]
日志位置:Git.Framework.Resource.ResourceManager
日志时间:2018/12/12 15:08:30
日志内容: SQL: SELECT t0.[ID],t0.[SnNum],t0.[OrderNum],t0.[ProductName],t0.[BarCode],t0.[ProductNum],t0.[BatchNum],t0.[LocalNum],t0.[StorageNum],t0.[Num],t0.[IsPick],t0.[RealNum],t0.[OutPrice],t0.[Amount],t0.[ContractOrder],t0.[ContractSn],t0.[CreateTime] FROM [dbo].[OutStoDetail] AS t0   WHERE t0.[OrderNum]=@0_t0_OrderNum 

日志级别:[info]
日志位置:Git.Framework.Resource.ResourceManager
日志时间:2018/12/12 15:08:30
日志内容: SQL: SELECT t0.[ID],t0.[SnNum],t0.[OrderNum],t0.[ProductName],t0.[BarCode],t0.[ProductNum],t0.[BatchNum],t0.[LocalNum],t0.[StorageNum],t0.[Num],t0.[IsPick],t0.[RealNum],t0.[OutPrice],t0.[Amount],t0.[ContractOrder],t0.[ContractSn],t0.[CreateTime] FROM [dbo].[OutStoDetail] AS t0   WHERE t0.[OrderNum]=@0_t0_OrderNum 

日志级别:[info]
日志位置:Git.Framework.Resource.ResourceManager
日志时间:2018/12/12 15:08:41
日志内容: SQL: SELECT * FROM [dbo].[Storage]

日志级别:[info]
日志位置:Git.Framework.Resource.ResourceManager
日志时间:2018/12/12 15:08:41
日志内容: SQL: SELECT t0.[ID],t0.[OrderNum],t0.[OutType],t0.[ProductType],t0.[StorageNum],t0.[CusNum],t0.[CusName],t0.[Contact],t0.[Phone],t0.[Address],t0.[ContractOrder],t0.[Num],t0.[Amount],t0.[Weight],t0.[SendDate],t0.[Status],t0.[IsDelete],t0.[CreateTime],t0.[CreateUser],t0.[AuditUser],t0.[AuditeTime],t0.[PrintUser],t0.[PrintTime],t0.[Reason],t0.[OperateType],t0.[EquipmentNum],t0.[EquipmentCode],t0.[Remark],t1.[UserName] AS CreateUserName FROM [dbo].[OutStorage] AS t0  LEFT JOIN [dbo].[Admin] AS t1 ON  t0.[CreateUser]=t1.[UserCode]  WHERE t0.[OrderNum]=@0_t0_OrderNum 

日志级别:[info]
日志位置:Git.Framework.Resource.ResourceManager
日志时间:2018/12/12 15:08:41
日志内容: SQL: SELECT t0.[ID],t0.[SnNum],t0.[OrderNum],t0.[ProductName],t0.[BarCode],t0.[ProductNum],t0.[BatchNum],t0.[LocalNum],t0.[StorageNum],t0.[Num],t0.[IsPick],t0.[RealNum],t0.[OutPrice],t0.[Amount],t0.[ContractOrder],t0.[ContractSn],t0.[CreateTime] FROM [dbo].[OutStoDetail] AS t0   WHERE t0.[OrderNum]=@0_t0_OrderNum 

日志级别:[info]
日志位置:Git.Framework.Resource.ResourceManager
日志时间:2018/12/12 15:08:41
日志内容: SQL: SELECT t0.[ID],t0.[LocalNum],t0.[LocalBarCode],t0.[LocalName],t0.[StorageNum],t0.[StorageType],t0.[LocalType],t0.[Rack],t0.[Length],t0.[Width],t0.[Height],t0.[X],t0.[Y],t0.[Z],t0.[UnitNum],t0.[UnitName],t0.[Remark],t0.[IsForbid],t0.[IsDefault],t0.[IsDelete],t0.[CreateTime] FROM [dbo].[Location] AS t0   WHERE t0.[IsDelete]=@0_t0_IsDelete 

日志级别:[info]
日志位置:Git.Framework.Resource.ResourceManager
日志时间:2018/12/12 15:08:41
日志内容: SQL: SELECT * FROM [dbo].[Storage]

日志级别:[info]
日志位置:Git.Framework.Resource.ResourceManager
日志时间:2018/12/12 15:08:41
日志内容: SQL: SELECT t0.[ID],t0.[SnNum],t0.[BarCode],t0.[ProductName],t0.[Num],t0.[MinNum],t0.[MaxNum],t0.[UnitNum],t0.[UnitName],t0.[CateNum],t0.[CateName],t0.[Size],t0.[Color],t0.[InPrice],t0.[OutPrice],t0.[AvgPrice],t0.[NetWeight],t0.[GrossWeight],t0.[Description],t0.[PicUrl],t0.[IsDelete],t0.[CreateTime],t0.[CreateUser],t0.[StorageNum],t0.[DefaultLocal],t0.[CusNum],t0.[CusName],t0.[Display],t0.[Remark] FROM [dbo].[Product] AS t0   WHERE t0.[IsDelete]=@0_t0_IsDelete 

日志级别:[info]
日志位置:Git.Framework.Resource.ResourceManager
日志时间:2018/12/12 15:08:48
日志内容: SQL: SELECT t0.[ID],t0.[OrderNum],t0.[OutType],t0.[ProductType],t0.[StorageNum],t0.[CusNum],t0.[CusName],t0.[Contact],t0.[Phone],t0.[Address],t0.[ContractOrder],t0.[Num],t0.[Amount],t0.[Weight],t0.[SendDate],t0.[Status],t0.[IsDelete],t0.[CreateTime],t0.[CreateUser],t0.[AuditUser],t0.[AuditeTime],t0.[PrintUser],t0.[PrintTime],t0.[Reason],t0.[OperateType],t0.[EquipmentNum],t0.[EquipmentCode],t0.[Remark] FROM [dbo].[OutStorage] AS t0   WHERE t0.[OrderNum]=@0_t0_OrderNum 

日志级别:[info]
日志位置:Git.Framework.Resource.ResourceManager
日志时间:2018/12/12 15:08:48
日志内容: SQL: SELECT t0.[ID],t0.[SnNum],t0.[OrderNum],t0.[ProductName],t0.[BarCode],t0.[ProductNum],t0.[BatchNum],t0.[LocalNum],t0.[StorageNum],t0.[Num],t0.[IsPick],t0.[RealNum],t0.[OutPrice],t0.[Amount],t0.[ContractOrder],t0.[ContractSn],t0.[CreateTime] FROM [dbo].[OutStoDetail] AS t0   WHERE t0.[OrderNum]=@0_t0_OrderNum 

日志级别:[info]
日志位置:Git.Framework.Resource.ResourceManager
日志时间:2018/12/12 15:08:48
日志内容: SQL: DECLARE @StartIndex INT SET @StartIndex = 1 SELECT @RecordCount=COUNT(*) FROM [dbo].[OutStorage] AS t0  LEFT JOIN [dbo].[Admin] AS t1 ON  t0.[CreateUser]=t1.[UserCode]  WHERE t0.[StorageNum]=@0_t0_StorageNum AND t0.[IsDelete]=@1_t0_IsDelete IF (@PageIndex<=1) BEGIN SET @PageIndex=1 END SET @StartIndex = ( @PageIndex - 1 ) * @PageSize + 1 ; WITH TempTable AS( SELECT ROW_NUMBER() OVER (ORDER BY t0.[ID] DESC) RowNumber,t0.[ID],t0.[OrderNum],t0.[OutType],t0.[ProductType],t0.[StorageNum],t0.[CusNum],t0.[CusName],t0.[Contact],t0.[Phone],t0.[Address],t0.[ContractOrder],t0.[Num],t0.[Amount],t0.[Weight],t0.[SendDate],t0.[Status],t0.[IsDelete],t0.[CreateTime],t0.[CreateUser],t0.[AuditUser],t0.[AuditeTime],t0.[PrintUser],t0.[PrintTime],t0.[Reason],t0.[OperateType],t0.[EquipmentNum],t0.[EquipmentCode],t0.[Remark],t1.[UserName] AS CreateUserName FROM [dbo].[OutStorage] AS t0  LEFT JOIN [dbo].[Admin] AS t1 ON  t0.[CreateUser]=t1.[UserCode]  WHERE t0.[StorageNum]=@0_t0_StorageNum AND t0.[IsDelete]=@1_t0_IsDelete ) SELECT * FROM TempTable WHERE RowNumber BETWEEN (@StartIndex) AND (@PageIndex * @PageSize) 

日志级别:[info]
日志位置:Git.Framework.Resource.ResourceManager
日志时间:2018/12/12 15:08:48
日志内容:分页查询SQL语句组装时间:0

日志级别:[info]
日志位置:Git.Framework.Resource.ResourceManager
日志时间:2018/12/12 15:08:48
日志内容:分页查询SQL语句查询时间:9

日志级别:[info]
日志位置:Git.Framework.Resource.ResourceManager
日志时间:2018/12/12 15:08:48
日志内容: SQL: SELECT t0.[ID],t0.[SnNum],t0.[OrderNum],t0.[ProductName],t0.[BarCode],t0.[ProductNum],t0.[BatchNum],t0.[LocalNum],t0.[StorageNum],t0.[Num],t0.[IsPick],t0.[RealNum],t0.[OutPrice],t0.[Amount],t0.[ContractOrder],t0.[ContractSn],t0.[CreateTime] FROM [dbo].[OutStoDetail] AS t0   WHERE t0.[OrderNum]=@0_t0_OrderNum 

日志级别:[info]
日志位置:Git.Framework.Resource.ResourceManager
日志时间:2018/12/12 15:08:48
日志内容: SQL: SELECT t0.[ID],t0.[SnNum],t0.[OrderNum],t0.[ProductName],t0.[BarCode],t0.[ProductNum],t0.[BatchNum],t0.[LocalNum],t0.[StorageNum],t0.[Num],t0.[IsPick],t0.[RealNum],t0.[OutPrice],t0.[Amount],t0.[ContractOrder],t0.[ContractSn],t0.[CreateTime] FROM [dbo].[OutStoDetail] AS t0   WHERE t0.[OrderNum]=@0_t0_OrderNum 

日志级别:[info]
日志位置:Git.Framework.Resource.ResourceManager
日志时间:2018/12/12 15:09:05
日志内容: SQL: SELECT * FROM [dbo].[Storage]

日志级别:[info]
日志位置:Git.Framework.Resource.ResourceManager
日志时间:2018/12/12 15:09:05
日志内容: SQL: SELECT t0.[ID],t0.[OrderNum],t0.[OutType],t0.[ProductType],t0.[StorageNum],t0.[CusNum],t0.[CusName],t0.[Contact],t0.[Phone],t0.[Address],t0.[ContractOrder],t0.[Num],t0.[Amount],t0.[Weight],t0.[SendDate],t0.[Status],t0.[IsDelete],t0.[CreateTime],t0.[CreateUser],t0.[AuditUser],t0.[AuditeTime],t0.[PrintUser],t0.[PrintTime],t0.[Reason],t0.[OperateType],t0.[EquipmentNum],t0.[EquipmentCode],t0.[Remark],t1.[UserName] AS CreateUserName FROM [dbo].[OutStorage] AS t0  LEFT JOIN [dbo].[Admin] AS t1 ON  t0.[CreateUser]=t1.[UserCode]  WHERE t0.[OrderNum]=@0_t0_OrderNum 

日志级别:[info]
日志位置:Git.Framework.Resource.ResourceManager
日志时间:2018/12/12 15:09:05
日志内容: SQL: SELECT t0.[ID],t0.[SnNum],t0.[OrderNum],t0.[ProductName],t0.[BarCode],t0.[ProductNum],t0.[BatchNum],t0.[LocalNum],t0.[StorageNum],t0.[Num],t0.[IsPick],t0.[RealNum],t0.[OutPrice],t0.[Amount],t0.[ContractOrder],t0.[ContractSn],t0.[CreateTime] FROM [dbo].[OutStoDetail] AS t0   WHERE t0.[OrderNum]=@0_t0_OrderNum 

日志级别:[info]
日志位置:Git.Framework.Resource.ResourceManager
日志时间:2018/12/12 15:09:12
日志内容: SQL: SELECT t0.[ID],t0.[OrderNum],t0.[OutType],t0.[ProductType],t0.[StorageNum],t0.[CusNum],t0.[CusName],t0.[Contact],t0.[Phone],t0.[Address],t0.[ContractOrder],t0.[Num],t0.[Amount],t0.[Weight],t0.[SendDate],t0.[Status],t0.[IsDelete],t0.[CreateTime],t0.[CreateUser],t0.[AuditUser],t0.[AuditeTime],t0.[PrintUser],t0.[PrintTime],t0.[Reason],t0.[OperateType],t0.[EquipmentNum],t0.[EquipmentCode],t0.[Remark] FROM [dbo].[OutStorage] AS t0   WHERE t0.[OrderNum]=@0_t0_OrderNum 

日志级别:[info]
日志位置:Git.Framework.Resource.ResourceManager
日志时间:2018/12/12 15:09:12
日志内容: SQL: SELECT t0.[ID],t0.[SnNum],t0.[OrderNum],t0.[ProductName],t0.[BarCode],t0.[ProductNum],t0.[BatchNum],t0.[LocalNum],t0.[StorageNum],t0.[Num],t0.[IsPick],t0.[RealNum],t0.[OutPrice],t0.[Amount],t0.[ContractOrder],t0.[ContractSn],t0.[CreateTime] FROM [dbo].[OutStoDetail] AS t0   WHERE t0.[OrderNum]=@0_t0_OrderNum 

日志级别:[info]
日志位置:Git.Framework.Resource.ResourceManager
日志时间:2018/12/12 15:09:12
日志内容: SQL: DECLARE @StartIndex INT SET @StartIndex = 1 SELECT @RecordCount=COUNT(*) FROM [dbo].[OutStorage] AS t0  LEFT JOIN [dbo].[Admin] AS t1 ON  t0.[CreateUser]=t1.[UserCode]  WHERE t0.[StorageNum]=@0_t0_StorageNum AND t0.[IsDelete]=@1_t0_IsDelete IF (@PageIndex<=1) BEGIN SET @PageIndex=1 END SET @StartIndex = ( @PageIndex - 1 ) * @PageSize + 1 ; WITH TempTable AS( SELECT ROW_NUMBER() OVER (ORDER BY t0.[ID] DESC) RowNumber,t0.[ID],t0.[OrderNum],t0.[OutType],t0.[ProductType],t0.[StorageNum],t0.[CusNum],t0.[CusName],t0.[Contact],t0.[Phone],t0.[Address],t0.[ContractOrder],t0.[Num],t0.[Amount],t0.[Weight],t0.[SendDate],t0.[Status],t0.[IsDelete],t0.[CreateTime],t0.[CreateUser],t0.[AuditUser],t0.[AuditeTime],t0.[PrintUser],t0.[PrintTime],t0.[Reason],t0.[OperateType],t0.[EquipmentNum],t0.[EquipmentCode],t0.[Remark],t1.[UserName] AS CreateUserName FROM [dbo].[OutStorage] AS t0  LEFT JOIN [dbo].[Admin] AS t1 ON  t0.[CreateUser]=t1.[UserCode]  WHERE t0.[StorageNum]=@0_t0_StorageNum AND t0.[IsDelete]=@1_t0_IsDelete ) SELECT * FROM TempTable WHERE RowNumber BETWEEN (@StartIndex) AND (@PageIndex * @PageSize) 

日志级别:[info]
日志位置:Git.Framework.Resource.ResourceManager
日志时间:2018/12/12 15:09:12
日志内容:分页查询SQL语句组装时间:0

日志级别:[info]
日志位置:Git.Framework.Resource.ResourceManager
日志时间:2018/12/12 15:09:12
日志内容:分页查询SQL语句查询时间:1

日志级别:[info]
日志位置:Git.Framework.Resource.ResourceManager
日志时间:2018/12/12 15:09:12
日志内容: SQL: SELECT t0.[ID],t0.[SnNum],t0.[OrderNum],t0.[ProductName],t0.[BarCode],t0.[ProductNum],t0.[BatchNum],t0.[LocalNum],t0.[StorageNum],t0.[Num],t0.[IsPick],t0.[RealNum],t0.[OutPrice],t0.[Amount],t0.[ContractOrder],t0.[ContractSn],t0.[CreateTime] FROM [dbo].[OutStoDetail] AS t0   WHERE t0.[OrderNum]=@0_t0_OrderNum 

日志级别:[info]
日志位置:Git.Framework.Resource.ResourceManager
日志时间:2018/12/12 15:09:12
日志内容: SQL: SELECT t0.[ID],t0.[SnNum],t0.[OrderNum],t0.[ProductName],t0.[BarCode],t0.[ProductNum],t0.[BatchNum],t0.[LocalNum],t0.[StorageNum],t0.[Num],t0.[IsPick],t0.[RealNum],t0.[OutPrice],t0.[Amount],t0.[ContractOrder],t0.[ContractSn],t0.[CreateTime] FROM [dbo].[OutStoDetail] AS t0   WHERE t0.[OrderNum]=@0_t0_OrderNum 

日志级别:[info]
日志位置:Git.Framework.Resource.ResourceManager
日志时间:2018/12/12 15:09:24
日志内容: SQL: DECLARE @StartIndex INT SET @StartIndex = 1 SELECT @RecordCount=COUNT(*) FROM [dbo].[OutStorage] AS t0  LEFT JOIN [dbo].[Admin] AS t1 ON  t0.[CreateUser]=t1.[UserCode]  WHERE t0.[StorageNum]=@0_t0_StorageNum AND t0.[IsDelete]=@1_t0_IsDelete IF (@PageIndex<=1) BEGIN SET @PageIndex=1 END SET @StartIndex = ( @PageIndex - 1 ) * @PageSize + 1 ; WITH TempTable AS( SELECT ROW_NUMBER() OVER (ORDER BY t0.[ID] DESC) RowNumber,t0.[ID],t0.[OrderNum],t0.[OutType],t0.[ProductType],t0.[StorageNum],t0.[CusNum],t0.[CusName],t0.[Contact],t0.[Phone],t0.[Address],t0.[ContractOrder],t0.[Num],t0.[Amount],t0.[Weight],t0.[SendDate],t0.[Status],t0.[IsDelete],t0.[CreateTime],t0.[CreateUser],t0.[AuditUser],t0.[AuditeTime],t0.[PrintUser],t0.[PrintTime],t0.[Reason],t0.[OperateType],t0.[EquipmentNum],t0.[EquipmentCode],t0.[Remark],t1.[UserName] AS CreateUserName FROM [dbo].[OutStorage] AS t0  LEFT JOIN [dbo].[Admin] AS t1 ON  t0.[CreateUser]=t1.[UserCode]  WHERE t0.[StorageNum]=@0_t0_StorageNum AND t0.[IsDelete]=@1_t0_IsDelete ) SELECT * FROM TempTable WHERE RowNumber BETWEEN (@StartIndex) AND (@PageIndex * @PageSize) 

日志级别:[info]
日志位置:Git.Framework.Resource.ResourceManager
日志时间:2018/12/12 15:09:24
日志内容:分页查询SQL语句组装时间:0

日志级别:[info]
日志位置:Git.Framework.Resource.ResourceManager
日志时间:2018/12/12 15:09:24
日志内容:分页查询SQL语句查询时间:1

日志级别:[info]
日志位置:Git.Framework.Resource.ResourceManager
日志时间:2018/12/12 15:09:24
日志内容: SQL: SELECT t0.[ID],t0.[SnNum],t0.[OrderNum],t0.[ProductName],t0.[BarCode],t0.[ProductNum],t0.[BatchNum],t0.[LocalNum],t0.[StorageNum],t0.[Num],t0.[IsPick],t0.[RealNum],t0.[OutPrice],t0.[Amount],t0.[ContractOrder],t0.[ContractSn],t0.[CreateTime] FROM [dbo].[OutStoDetail] AS t0   WHERE t0.[OrderNum]=@0_t0_OrderNum 

日志级别:[info]
日志位置:Git.Framework.Resource.ResourceManager
日志时间:2018/12/12 15:09:24
日志内容: SQL: SELECT t0.[ID],t0.[SnNum],t0.[OrderNum],t0.[ProductName],t0.[BarCode],t0.[ProductNum],t0.[BatchNum],t0.[LocalNum],t0.[StorageNum],t0.[Num],t0.[IsPick],t0.[RealNum],t0.[OutPrice],t0.[Amount],t0.[ContractOrder],t0.[ContractSn],t0.[CreateTime] FROM [dbo].[OutStoDetail] AS t0   WHERE t0.[OrderNum]=@0_t0_OrderNum 

日志级别:[info]
日志位置:Git.Framework.Resource.ResourceManager
日志时间:2018/12/12 15:09:25
日志内容: SQL: DECLARE @StartIndex INT SET @StartIndex = 1 SELECT @RecordCount=COUNT(*) FROM [dbo].[OutStorage] AS t0  LEFT JOIN [dbo].[Admin] AS t1 ON  t0.[CreateUser]=t1.[UserCode]  WHERE t0.[StorageNum]=@0_t0_StorageNum AND t0.[IsDelete]=@1_t0_IsDelete IF (@PageIndex<=1) BEGIN SET @PageIndex=1 END SET @StartIndex = ( @PageIndex - 1 ) * @PageSize + 1 ; WITH TempTable AS( SELECT ROW_NUMBER() OVER (ORDER BY t0.[ID] DESC) RowNumber,t0.[ID],t0.[OrderNum],t0.[OutType],t0.[ProductType],t0.[StorageNum],t0.[CusNum],t0.[CusName],t0.[Contact],t0.[Phone],t0.[Address],t0.[ContractOrder],t0.[Num],t0.[Amount],t0.[Weight],t0.[SendDate],t0.[Status],t0.[IsDelete],t0.[CreateTime],t0.[CreateUser],t0.[AuditUser],t0.[AuditeTime],t0.[PrintUser],t0.[PrintTime],t0.[Reason],t0.[OperateType],t0.[EquipmentNum],t0.[EquipmentCode],t0.[Remark],t1.[UserName] AS CreateUserName FROM [dbo].[OutStorage] AS t0  LEFT JOIN [dbo].[Admin] AS t1 ON  t0.[CreateUser]=t1.[UserCode]  WHERE t0.[StorageNum]=@0_t0_StorageNum AND t0.[IsDelete]=@1_t0_IsDelete ) SELECT * FROM TempTable WHERE RowNumber BETWEEN (@StartIndex) AND (@PageIndex * @PageSize) 

日志级别:[info]
日志位置:Git.Framework.Resource.ResourceManager
日志时间:2018/12/12 15:09:25
日志内容:分页查询SQL语句组装时间:0

日志级别:[info]
日志位置:Git.Framework.Resource.ResourceManager
日志时间:2018/12/12 15:09:25
日志内容:分页查询SQL语句查询时间:1

日志级别:[info]
日志位置:Git.Framework.Resource.ResourceManager
日志时间:2018/12/12 15:09:25
日志内容: SQL: SELECT t0.[ID],t0.[SnNum],t0.[OrderNum],t0.[ProductName],t0.[BarCode],t0.[ProductNum],t0.[BatchNum],t0.[LocalNum],t0.[StorageNum],t0.[Num],t0.[IsPick],t0.[RealNum],t0.[OutPrice],t0.[Amount],t0.[ContractOrder],t0.[ContractSn],t0.[CreateTime] FROM [dbo].[OutStoDetail] AS t0   WHERE t0.[OrderNum]=@0_t0_OrderNum 

日志级别:[info]
日志位置:Git.Framework.Resource.ResourceManager
日志时间:2018/12/12 15:09:25
日志内容: SQL: SELECT t0.[ID],t0.[SnNum],t0.[OrderNum],t0.[ProductName],t0.[BarCode],t0.[ProductNum],t0.[BatchNum],t0.[LocalNum],t0.[StorageNum],t0.[Num],t0.[IsPick],t0.[RealNum],t0.[OutPrice],t0.[Amount],t0.[ContractOrder],t0.[ContractSn],t0.[CreateTime] FROM [dbo].[OutStoDetail] AS t0   WHERE t0.[OrderNum]=@0_t0_OrderNum 

日志级别:[info]
日志位置:Git.Framework.Resource.ResourceManager
日志时间:2018/12/12 15:09:29
日志内容: SQL: SELECT * FROM [dbo].[Storage]

日志级别:[info]
日志位置:Git.Framework.Resource.ResourceManager
日志时间:2018/12/12 15:09:30
日志内容: SQL: DECLARE @StartIndex INT SET @StartIndex = 1 SELECT @RecordCount=COUNT(*) FROM [dbo].[BadReport] AS t0  LEFT JOIN [dbo].[Admin] AS t1 ON  t0.[CreateUser]=t1.[UserCode]  WHERE t0.[StorageNum]=@0_t0_StorageNum AND t0.[IsDelete]=@1_t0_IsDelete IF (@PageIndex<=1) BEGIN SET @PageIndex=1 END SET @StartIndex = ( @PageIndex - 1 ) * @PageSize + 1 ; WITH TempTable AS( SELECT ROW_NUMBER() OVER (ORDER BY t0.[ID] DESC) RowNumber,t0.[ID],t0.[OrderNum],t0.[BadType],t0.[ProductType],t0.[StorageNum],t0.[ContractOrder],t0.[Status],t0.[Num],t0.[Amount],t0.[Weight],t0.[IsDelete],t0.[CreateTime],t0.[CreateUser],t0.[AuditUser],t0.[AuditeTime],t0.[PrintUser],t0.[PrintTime],t0.[Reason],t0.[OperateType],t0.[EquipmentNum],t0.[EquipmentCode],t0.[Remark],t1.[UserName] AS CreateUserName FROM [dbo].[BadReport] AS t0  LEFT JOIN [dbo].[Admin] AS t1 ON  t0.[CreateUser]=t1.[UserCode]  WHERE t0.[StorageNum]=@0_t0_StorageNum AND t0.[IsDelete]=@1_t0_IsDelete ) SELECT * FROM TempTable WHERE RowNumber BETWEEN (@StartIndex) AND (@PageIndex * @PageSize) 

日志级别:[info]
日志位置:Git.Framework.Resource.ResourceManager
日志时间:2018/12/12 15:09:30
日志内容:分页查询SQL语句组装时间:0

日志级别:[info]
日志位置:Git.Framework.Resource.ResourceManager
日志时间:2018/12/12 15:09:30
日志内容:分页查询SQL语句查询时间:8

日志级别:[info]
日志位置:Git.Framework.Resource.ResourceManager
日志时间:2018/12/12 15:09:31
日志内容: SQL: SELECT * FROM [dbo].[Storage]

日志级别:[info]
日志位置:Git.Framework.Resource.ResourceManager
日志时间:2018/12/12 15:09:32
日志内容: SQL: DECLARE @StartIndex INT SET @StartIndex = 1 SELECT @RecordCount=COUNT(*) FROM [dbo].[InStorage] AS t0  LEFT JOIN [dbo].[Admin] AS t1 ON  t0.[CreateUser]=t1.[UserCode]  WHERE t0.[StorageNum]=@0_t0_StorageNum AND t0.[IsDelete]=@1_t0_IsDelete IF (@PageIndex<=1) BEGIN SET @PageIndex=1 END SET @StartIndex = ( @PageIndex - 1 ) * @PageSize + 1 ; WITH TempTable AS( SELECT ROW_NUMBER() OVER (ORDER BY t0.[ID] DESC) RowNumber,t0.[ID],t0.[OrderNum],t0.[InType],t0.[ProductType],t0.[StorageNum],t0.[SupNum],t0.[SupName],t0.[ContactName],t0.[Phone],t0.[Address],t0.[ContractOrder],t0.[ContractType],t0.[Status],t0.[IsDelete],t0.[Num],t0.[Amount],t0.[NetWeight],t0.[GrossWeight],t0.[OrderTime],t0.[CreateTime],t0.[CreateUser],t0.[AuditUser],t0.[AuditeTime],t0.[PrintUser],t0.[PrintTime],t0.[StoreKeeper],t0.[Reason],t0.[OperateType],t0.[EquipmentNum],t0.[EquipmentCode],t0.[Remark],t1.[UserName] AS CreateUserName FROM [dbo].[InStorage] AS t0  LEFT JOIN [dbo].[Admin] AS t1 ON  t0.[CreateUser]=t1.[UserCode]  WHERE t0.[StorageNum]=@0_t0_StorageNum AND t0.[IsDelete]=@1_t0_IsDelete ) SELECT * FROM TempTable WHERE RowNumber BETWEEN (@StartIndex) AND (@PageIndex * @PageSize) 

日志级别:[info]
日志位置:Git.Framework.Resource.ResourceManager
日志时间:2018/12/12 15:09:32
日志内容:分页查询SQL语句组装时间:0

日志级别:[info]
日志位置:Git.Framework.Resource.ResourceManager
日志时间:2018/12/12 15:09:32
日志内容:分页查询SQL语句查询时间:14

日志级别:[info]
日志位置:Git.Framework.Resource.ResourceManager
日志时间:2018/12/12 15:09:32
日志内容: SQL: SELECT * FROM [dbo].[Storage]

日志级别:[info]
日志位置:Git.Framework.Resource.ResourceManager
日志时间:2018/12/12 15:09:33
日志内容: SQL: DECLARE @StartIndex INT SET @StartIndex = 1 SELECT @RecordCount=COUNT(*) FROM [dbo].[InStorage] AS t0  LEFT JOIN [dbo].[Admin] AS t1 ON  t0.[CreateUser]=t1.[UserCode]  WHERE t0.[StorageNum]=@0_t0_StorageNum AND t0.[IsDelete]=@1_t0_IsDelete IF (@PageIndex<=1) BEGIN SET @PageIndex=1 END SET @StartIndex = ( @PageIndex - 1 ) * @PageSize + 1 ; WITH TempTable AS( SELECT ROW_NUMBER() OVER (ORDER BY t0.[ID] DESC) RowNumber,t0.[ID],t0.[OrderNum],t0.[InType],t0.[ProductType],t0.[StorageNum],t0.[SupNum],t0.[SupName],t0.[ContactName],t0.[Phone],t0.[Address],t0.[ContractOrder],t0.[ContractType],t0.[Status],t0.[IsDelete],t0.[Num],t0.[Amount],t0.[NetWeight],t0.[GrossWeight],t0.[OrderTime],t0.[CreateTime],t0.[CreateUser],t0.[AuditUser],t0.[AuditeTime],t0.[PrintUser],t0.[PrintTime],t0.[StoreKeeper],t0.[Reason],t0.[OperateType],t0.[EquipmentNum],t0.[EquipmentCode],t0.[Remark],t1.[UserName] AS CreateUserName FROM [dbo].[InStorage] AS t0  LEFT JOIN [dbo].[Admin] AS t1 ON  t0.[CreateUser]=t1.[UserCode]  WHERE t0.[StorageNum]=@0_t0_StorageNum AND t0.[IsDelete]=@1_t0_IsDelete ) SELECT * FROM TempTable WHERE RowNumber BETWEEN (@StartIndex) AND (@PageIndex * @PageSize) 

日志级别:[info]
日志位置:Git.Framework.Resource.ResourceManager
日志时间:2018/12/12 15:09:33
日志内容:分页查询SQL语句组装时间:0

日志级别:[info]
日志位置:Git.Framework.Resource.ResourceManager
日志时间:2018/12/12 15:09:33
日志内容:分页查询SQL语句查询时间:1

日志级别:[info]
日志位置:Git.Framework.Resource.ResourceManager
日志时间:2018/12/12 15:09:37
日志内容: SQL: SELECT * FROM [dbo].[Storage]

日志级别:[info]
日志位置:Git.Framework.Resource.ResourceManager
日志时间:2018/12/12 15:09:37
日志内容: SQL: SELECT t0.[ID],t0.[OrderNum],t0.[InType],t0.[ProductType],t0.[StorageNum],t0.[SupNum],t0.[SupName],t0.[ContactName],t0.[Phone],t0.[Address],t0.[ContractOrder],t0.[ContractType],t0.[Status],t0.[IsDelete],t0.[Num],t0.[Amount],t0.[NetWeight],t0.[GrossWeight],t0.[OrderTime],t0.[CreateTime],t0.[CreateUser],t0.[AuditUser],t0.[AuditeTime],t0.[PrintUser],t0.[PrintTime],t0.[StoreKeeper],t0.[Reason],t0.[OperateType],t0.[EquipmentNum],t0.[EquipmentCode],t0.[Remark],t1.[UserName] AS CreateUserName FROM [dbo].[InStorage] AS t0  LEFT JOIN [dbo].[Admin] AS t1 ON  t0.[CreateUser]=t1.[UserCode]  WHERE t0.[OrderNum]=@0_t0_OrderNum 

日志级别:[info]
日志位置:Git.Framework.Resource.ResourceManager
日志时间:2018/12/12 15:09:37
日志内容: SQL: SELECT t0.[ID],t0.[SnNum],t0.[OrderNum],t0.[ProductName],t0.[BarCode],t0.[ProductNum],t0.[BatchNum],t0.[Num],t0.[IsPick],t0.[RealNum],t0.[InPrice],t0.[Amount],t0.[ContractOrder],t0.[CreateTime],t0.[LocalNum],t0.[StorageNum] FROM [dbo].[InStorDetail] AS t0   WHERE t0.[OrderNum]=@0_t0_OrderNum 

日志级别:[info]
日志位置:Git.Framework.Resource.ResourceManager
日志时间:2018/12/12 15:09:42
日志内容: SQL: DECLARE @StartIndex INT SET @StartIndex = 1 SELECT @RecordCount=COUNT(*) FROM [dbo].[InStorage] AS t0  LEFT JOIN [dbo].[Admin] AS t1 ON  t0.[CreateUser]=t1.[UserCode]  WHERE t0.[StorageNum]=@0_t0_StorageNum AND t0.[IsDelete]=@1_t0_IsDelete IF (@PageIndex<=1) BEGIN SET @PageIndex=1 END SET @StartIndex = ( @PageIndex - 1 ) * @PageSize + 1 ; WITH TempTable AS( SELECT ROW_NUMBER() OVER (ORDER BY t0.[ID] DESC) RowNumber,t0.[ID],t0.[OrderNum],t0.[InType],t0.[ProductType],t0.[StorageNum],t0.[SupNum],t0.[SupName],t0.[ContactName],t0.[Phone],t0.[Address],t0.[ContractOrder],t0.[ContractType],t0.[Status],t0.[IsDelete],t0.[Num],t0.[Amount],t0.[NetWeight],t0.[GrossWeight],t0.[OrderTime],t0.[CreateTime],t0.[CreateUser],t0.[AuditUser],t0.[AuditeTime],t0.[PrintUser],t0.[PrintTime],t0.[StoreKeeper],t0.[Reason],t0.[OperateType],t0.[EquipmentNum],t0.[EquipmentCode],t0.[Remark],t1.[UserName] AS CreateUserName FROM [dbo].[InStorage] AS t0  LEFT JOIN [dbo].[Admin] AS t1 ON  t0.[CreateUser]=t1.[UserCode]  WHERE t0.[StorageNum]=@0_t0_StorageNum AND t0.[IsDelete]=@1_t0_IsDelete ) SELECT * FROM TempTable WHERE RowNumber BETWEEN (@StartIndex) AND (@PageIndex * @PageSize) 

日志级别:[info]
日志位置:Git.Framework.Resource.ResourceManager
日志时间:2018/12/12 15:09:42
日志内容:分页查询SQL语句组装时间:0

日志级别:[info]
日志位置:Git.Framework.Resource.ResourceManager
日志时间:2018/12/12 15:09:42
日志内容:分页查询SQL语句查询时间:10

日志级别:[info]
日志位置:Git.Framework.Resource.ResourceManager
日志时间:2018/12/12 15:09:55
日志内容: SQL: SELECT * FROM [dbo].[Storage]

日志级别:[info]
日志位置:Git.Framework.Resource.ResourceManager
日志时间:2018/12/12 15:09:56
日志内容: SQL: DECLARE @StartIndex INT SET @StartIndex = 1 SELECT @RecordCount=COUNT(*) FROM [dbo].[CheckStock] AS t0  LEFT JOIN [dbo].[Admin] AS t1 ON  t0.[CreateUser]=t1.[UserCode]  WHERE t0.[StorageNum]=@0_t0_StorageNum AND t0.[IsDelete]=@1_t0_IsDelete IF (@PageIndex<=1) BEGIN SET @PageIndex=1 END SET @StartIndex = ( @PageIndex - 1 ) * @PageSize + 1 ; WITH TempTable AS( SELECT ROW_NUMBER() OVER (ORDER BY t0.[ID] DESC) RowNumber,t0.[ID],t0.[OrderNum],t0.[Type],t0.[ProductType],t0.[StorageNum],t0.[ContractOrder],t0.[Status],t0.[LocalQty],t0.[CheckQty],t0.[IsDelete],t0.[IsComplete],t0.[CreateTime],t0.[CreateUser],t0.[AuditUser],t0.[AuditeTime],t0.[PrintUser],t0.[PrintTime],t0.[Reason],t0.[OperateType],t0.[EquipmentNum],t0.[EquipmentCode],t0.[Remark],t1.[UserName] AS CreateUserName FROM [dbo].[CheckStock] AS t0  LEFT JOIN [dbo].[Admin] AS t1 ON  t0.[CreateUser]=t1.[UserCode]  WHERE t0.[StorageNum]=@0_t0_StorageNum AND t0.[IsDelete]=@1_t0_IsDelete ) SELECT * FROM TempTable WHERE RowNumber BETWEEN (@StartIndex) AND (@PageIndex * @PageSize) 

日志级别:[info]
日志位置:Git.Framework.Resource.ResourceManager
日志时间:2018/12/12 15:09:56
日志内容:分页查询SQL语句组装时间:0

日志级别:[info]
日志位置:Git.Framework.Resource.ResourceManager
日志时间:2018/12/12 15:09:56
日志内容:分页查询SQL语句查询时间:10

日志级别:[info]
日志位置:Git.Framework.Resource.ResourceManager
日志时间:2018/12/12 15:10:01
日志内容: SQL: SELECT * FROM [dbo].[Storage]

日志级别:[info]
日志位置:Git.Framework.Resource.ResourceManager
日志时间:2018/12/12 15:10:01
日志内容: SQL: DECLARE @StartIndex INT SET @StartIndex = 1 SELECT @RecordCount=COUNT(*) FROM [dbo].[OutStorage] AS t0  LEFT JOIN [dbo].[Admin] AS t1 ON  t0.[CreateUser]=t1.[UserCode]  WHERE t0.[StorageNum]=@0_t0_StorageNum AND t0.[IsDelete]=@1_t0_IsDelete IF (@PageIndex<=1) BEGIN SET @PageIndex=1 END SET @StartIndex = ( @PageIndex - 1 ) * @PageSize + 1 ; WITH TempTable AS( SELECT ROW_NUMBER() OVER (ORDER BY t0.[ID] DESC) RowNumber,t0.[ID],t0.[OrderNum],t0.[OutType],t0.[ProductType],t0.[StorageNum],t0.[CusNum],t0.[CusName],t0.[Contact],t0.[Phone],t0.[Address],t0.[ContractOrder],t0.[Num],t0.[Amount],t0.[Weight],t0.[SendDate],t0.[Status],t0.[IsDelete],t0.[CreateTime],t0.[CreateUser],t0.[AuditUser],t0.[AuditeTime],t0.[PrintUser],t0.[PrintTime],t0.[Reason],t0.[OperateType],t0.[EquipmentNum],t0.[EquipmentCode],t0.[Remark],t1.[UserName] AS CreateUserName FROM [dbo].[OutStorage] AS t0  LEFT JOIN [dbo].[Admin] AS t1 ON  t0.[CreateUser]=t1.[UserCode]  WHERE t0.[StorageNum]=@0_t0_StorageNum AND t0.[IsDelete]=@1_t0_IsDelete ) SELECT * FROM TempTable WHERE RowNumber BETWEEN (@StartIndex) AND (@PageIndex * @PageSize) 

日志级别:[info]
日志位置:Git.Framework.Resource.ResourceManager
日志时间:2018/12/12 15:10:01
日志内容:分页查询SQL语句组装时间:0

日志级别:[info]
日志位置:Git.Framework.Resource.ResourceManager
日志时间:2018/12/12 15:10:01
日志内容:分页查询SQL语句查询时间:9

日志级别:[info]
日志位置:Git.Framework.Resource.ResourceManager
日志时间:2018/12/12 15:10:01
日志内容: SQL: SELECT t0.[ID],t0.[SnNum],t0.[OrderNum],t0.[ProductName],t0.[BarCode],t0.[ProductNum],t0.[BatchNum],t0.[LocalNum],t0.[StorageNum],t0.[Num],t0.[IsPick],t0.[RealNum],t0.[OutPrice],t0.[Amount],t0.[ContractOrder],t0.[ContractSn],t0.[CreateTime] FROM [dbo].[OutStoDetail] AS t0   WHERE t0.[OrderNum]=@0_t0_OrderNum 

日志级别:[info]
日志位置:Git.Framework.Resource.ResourceManager
日志时间:2018/12/12 15:10:01
日志内容: SQL: SELECT t0.[ID],t0.[SnNum],t0.[OrderNum],t0.[ProductName],t0.[BarCode],t0.[ProductNum],t0.[BatchNum],t0.[LocalNum],t0.[StorageNum],t0.[Num],t0.[IsPick],t0.[RealNum],t0.[OutPrice],t0.[Amount],t0.[ContractOrder],t0.[ContractSn],t0.[CreateTime] FROM [dbo].[OutStoDetail] AS t0   WHERE t0.[OrderNum]=@0_t0_OrderNum 

日志级别:[info]
日志位置:Git.Framework.Resource.ResourceManager
日志时间:2018/12/12 15:10:08
日志内容: SQL: SELECT * FROM [dbo].[Storage]

日志级别:[info]
日志位置:Git.Framework.Resource.ResourceManager
日志时间:2018/12/12 15:10:34
日志内容: SQL: SELECT * FROM [dbo].[Customer]

日志级别:[info]
日志位置:Git.Framework.Resource.ResourceManager
日志时间:2018/12/12 15:10:36
日志内容: SQL: SELECT t0.[ID],t0.[SnNum],t0.[CusNum],t0.[Contact],t0.[Phone],t0.[Address],t0.[IsDelete],t0.[CreateTime],t0.[CreateUser],t0.[Remark] FROM [dbo].[CusAddress] AS t0   WHERE t0.[CusNum]=@0_t0_CusNum AND t0.[IsDelete]=@1_t0_IsDelete 

日志级别:[info]
日志位置:Git.Framework.Resource.ResourceManager
日志时间:2018/12/12 15:10:45
日志内容: SQL: SELECT t0.[ID],t0.[SN],t0.[TabName],t0.[FirstType],t0.[FirstRule],t0.[FirstLength],t0.[SecondType],t0.[SecondRule],t0.[SecondLength],t0.[ThirdType],t0.[ThirdRule],t0.[ThirdLength],t0.[FourType],t0.[FourRule],t0.[FourLength],t0.[JoinChar],t0.[Sample],t0.[CurrentValue],t0.[Remark] FROM [dbo].[Sequence] AS t0   WHERE t0.[TabName]=@0_t0_TabName 

日志级别:[info]
日志位置:Git.Framework.Resource.ResourceManager
日志时间:2018/12/12 15:10:55
日志内容: SQL: SELECT t0.[ID],t0.[SN],t0.[TabName],t0.[FirstType],t0.[FirstRule],t0.[FirstLength],t0.[SecondType],t0.[SecondRule],t0.[SecondLength],t0.[ThirdType],t0.[ThirdRule],t0.[ThirdLength],t0.[FourType],t0.[FourRule],t0.[FourLength],t0.[JoinChar],t0.[Sample],t0.[CurrentValue],t0.[Remark] FROM [dbo].[Sequence] AS t0   WHERE t0.[TabName]=@0_t0_TabName 

日志级别:[info]
日志位置:Git.Framework.Resource.ResourceManager
日志时间:2018/12/12 15:11:00
日志内容: SQL: SELECT t0.[ID],t0.[SN],t0.[TabName],t0.[FirstType],t0.[FirstRule],t0.[FirstLength],t0.[SecondType],t0.[SecondRule],t0.[SecondLength],t0.[ThirdType],t0.[ThirdRule],t0.[ThirdLength],t0.[FourType],t0.[FourRule],t0.[FourLength],t0.[JoinChar],t0.[Sample],t0.[CurrentValue],t0.[Remark] FROM [dbo].[Sequence] AS t0   WHERE t0.[TabName]=@0_t0_TabName 

日志级别:[info]
日志位置:Git.Framework.Resource.ResourceManager
日志时间:2018/12/12 15:11:04
日志内容: SQL: SELECT * FROM [dbo].[Storage]

日志级别:[info]
日志位置:Git.Framework.Resource.ResourceManager
日志时间:2018/12/12 15:11:04
日志内容: SQL: DECLARE @StartIndex INT SET @StartIndex = 1 SELECT @RecordCount=COUNT(*) FROM [dbo].[OutStorage] AS t0  LEFT JOIN [dbo].[Admin] AS t1 ON  t0.[CreateUser]=t1.[UserCode]  WHERE t0.[StorageNum]=@0_t0_StorageNum AND t0.[IsDelete]=@1_t0_IsDelete IF (@PageIndex<=1) BEGIN SET @PageIndex=1 END SET @StartIndex = ( @PageIndex - 1 ) * @PageSize + 1 ; WITH TempTable AS( SELECT ROW_NUMBER() OVER (ORDER BY t0.[ID] DESC) RowNumber,t0.[ID],t0.[OrderNum],t0.[OutType],t0.[ProductType],t0.[StorageNum],t0.[CusNum],t0.[CusName],t0.[Contact],t0.[Phone],t0.[Address],t0.[ContractOrder],t0.[Num],t0.[Amount],t0.[Weight],t0.[SendDate],t0.[Status],t0.[IsDelete],t0.[CreateTime],t0.[CreateUser],t0.[AuditUser],t0.[AuditeTime],t0.[PrintUser],t0.[PrintTime],t0.[Reason],t0.[OperateType],t0.[EquipmentNum],t0.[EquipmentCode],t0.[Remark],t1.[UserName] AS CreateUserName FROM [dbo].[OutStorage] AS t0  LEFT JOIN [dbo].[Admin] AS t1 ON  t0.[CreateUser]=t1.[UserCode]  WHERE t0.[StorageNum]=@0_t0_StorageNum AND t0.[IsDelete]=@1_t0_IsDelete ) SELECT * FROM TempTable WHERE RowNumber BETWEEN (@StartIndex) AND (@PageIndex * @PageSize) 

日志级别:[info]
日志位置:Git.Framework.Resource.ResourceManager
日志时间:2018/12/12 15:11:04
日志内容:分页查询SQL语句组装时间:0

日志级别:[info]
日志位置:Git.Framework.Resource.ResourceManager
日志时间:2018/12/12 15:11:04
日志内容:分页查询SQL语句查询时间:8

日志级别:[info]
日志位置:Git.Framework.Resource.ResourceManager
日志时间:2018/12/12 15:11:04
日志内容: SQL: SELECT t0.[ID],t0.[SnNum],t0.[OrderNum],t0.[ProductName],t0.[BarCode],t0.[ProductNum],t0.[BatchNum],t0.[LocalNum],t0.[StorageNum],t0.[Num],t0.[IsPick],t0.[RealNum],t0.[OutPrice],t0.[Amount],t0.[ContractOrder],t0.[ContractSn],t0.[CreateTime] FROM [dbo].[OutStoDetail] AS t0   WHERE t0.[OrderNum]=@0_t0_OrderNum 

日志级别:[info]
日志位置:Git.Framework.Resource.ResourceManager
日志时间:2018/12/12 15:11:04
日志内容: SQL: SELECT t0.[ID],t0.[SnNum],t0.[OrderNum],t0.[ProductName],t0.[BarCode],t0.[ProductNum],t0.[BatchNum],t0.[LocalNum],t0.[StorageNum],t0.[Num],t0.[IsPick],t0.[RealNum],t0.[OutPrice],t0.[Amount],t0.[ContractOrder],t0.[ContractSn],t0.[CreateTime] FROM [dbo].[OutStoDetail] AS t0   WHERE t0.[OrderNum]=@0_t0_OrderNum 

