日志级别:[info]
日志位置:Git.Framework.Resource.ResourceManager
日志时间:2019/10/21 22:56:53
日志内容:FilePath:C:\01WebSite\GitA021MVC5仓库管理系统\Configs\Data\DbCommandFiles.config

日志级别:[info]
日志位置:Git.Framework.Resource.ResourceManager
日志时间:2019/10/21 22:56:53
日志内容:反序列化:C:\01WebSite\GitA021MVC5仓库管理系统\Configs\Data\DbCommandFiles.config

日志级别:[info]
日志位置:Git.Framework.Resource.ResourceManager
日志时间:2019/10/21 22:56:53
日志内容:config files length:2

日志级别:[info]
日志位置:Git.Framework.Resource.ResourceManager
日志时间:2019/10/21 22:56:53
日志内容:fileName:C:\01WebSite\GitA021MVC5仓库管理系统\Configs\Data\DbCommonCommand.config

日志级别:[info]
日志位置:Git.Framework.Resource.ResourceManager
日志时间:2019/10/21 22:56:53
日志内容:反序列化:C:\01WebSite\GitA021MVC5仓库管理系统\Configs\Data\DbCommonCommand.config

日志级别:[info]
日志位置:Git.Framework.Resource.ResourceManager
日志时间:2019/10/21 22:56:53
日志内容:fileName:C:\01WebSite\GitA021MVC5仓库管理系统\Configs\Data\DbReportCommand.config

日志级别:[info]
日志位置:Git.Framework.Resource.ResourceManager
日志时间:2019/10/21 22:56:53
日志内容:反序列化:C:\01WebSite\GitA021MVC5仓库管理系统\Configs\Data\DbReportCommand.config

日志级别:[info]
日志位置:Git.Framework.Resource.ResourceManager
日志时间:2019/10/21 22:56:54
日志内容:databaseFolder:C:\01WebSite\GitA021MVC5仓库管理系统\Configs\Data

日志级别:[info]
日志位置:Git.Framework.Resource.ResourceManager
日志时间:2019/10/21 22:56:54
日志内容:databaseFile:Database.config

日志级别:[info]
日志位置:Git.Framework.Resource.ResourceManager
日志时间:2019/10/21 22:56:54
日志内容:反序列化:C:\01WebSite\GitA021MVC5仓库管理系统\Configs\Data\Database.config

日志级别:[info]
日志位置:Git.Framework.Resource.ResourceManager
日志时间:2019/10/21 22:56:54
日志内容:instance.ConnectionString:Server=.;database=JooWMS;user id=sa;Password=lvcc

日志级别:[info]
日志位置:Git.Framework.Resource.ResourceManager
日志时间:2019/10/21 23:01:08
日志内容: SQL: SELECT COUNT(*) FROM [dbo].[Sequence] AS t0   WHERE t0.[TabName]=@0_t0_TabName

日志级别:[info]
日志位置:Git.Framework.Resource.ResourceManager
日志时间:2019/10/21 23:01:42
日志内容: SQL: SELECT COUNT(*) FROM [dbo].[Sequence] AS t0   WHERE t0.[TabName]=@0_t0_TabName

日志级别:[info]
日志位置:Git.Framework.Resource.ResourceManager
日志时间:2019/10/21 23:01:46
日志内容: SQL: SELECT COUNT(*) FROM [dbo].[Sequence] AS t0   WHERE t0.[TabName]=@0_t0_TabName

日志级别:[info]
日志位置:Git.Framework.Resource.ResourceManager
日志时间:2019/10/21 23:01:48
日志内容: SQL: SELECT COUNT(*) FROM [dbo].[Sequence] AS t0   WHERE t0.[TabName]=@0_t0_TabName

日志级别:[info]
日志位置:Git.Framework.Resource.ResourceManager
日志时间:2019/10/21 23:01:51
日志内容: SQL: SELECT COUNT(*) FROM [dbo].[Sequence] AS t0   WHERE t0.[TabName]=@0_t0_TabName

日志级别:[info]
日志位置:Git.Framework.Resource.ResourceManager
日志时间:2019/10/21 23:01:59
日志内容: SQL: SELECT COUNT(*) FROM [dbo].[Sequence] AS t0   WHERE t0.[TabName]=@0_t0_TabName

日志级别:[info]
日志位置:Git.Framework.Resource.ResourceManager
日志时间:2019/10/21 23:02:04
日志内容: SQL: SELECT COUNT(*) FROM [dbo].[Sequence] AS t0   WHERE t0.[TabName]=@0_t0_TabName

日志级别:[info]
日志位置:Git.Framework.Resource.ResourceManager
日志时间:2019/10/21 23:02:09
日志内容: SQL: SELECT COUNT(*) FROM [dbo].[Sequence] AS t0   WHERE t0.[TabName]=@0_t0_TabName

日志级别:[info]
日志位置:Git.Framework.Resource.ResourceManager
日志时间:2019/10/21 23:02:11
日志内容: SQL: SELECT COUNT(*) FROM [dbo].[Sequence] AS t0   WHERE t0.[TabName]=@0_t0_TabName

日志级别:[info]
日志位置:Git.Framework.Resource.ResourceManager
日志时间:2019/10/21 23:02:11
日志内容: SQL: SELECT COUNT(*) FROM [dbo].[Sequence] AS t0   WHERE t0.[TabName]=@0_t0_TabName

日志级别:[info]
日志位置:Git.Framework.Resource.ResourceManager
日志时间:2019/10/21 23:02:15
日志内容: SQL: SELECT COUNT(*) FROM [dbo].[Sequence] AS t0   WHERE t0.[TabName]=@0_t0_TabName

日志级别:[info]
日志位置:Git.Framework.Resource.ResourceManager
日志时间:2019/10/21 23:02:16
日志内容: SQL: SELECT COUNT(*) FROM [dbo].[Sequence] AS t0   WHERE t0.[TabName]=@0_t0_TabName

日志级别:[info]
日志位置:Git.Framework.Resource.ResourceManager
日志时间:2019/10/21 23:02:16
日志内容: SQL: SELECT COUNT(*) FROM [dbo].[Sequence] AS t0   WHERE t0.[TabName]=@0_t0_TabName

日志级别:[info]
日志位置:Git.Framework.Resource.ResourceManager
日志时间:2019/10/21 23:02:17
日志内容: SQL: SELECT COUNT(*) FROM [dbo].[Sequence] AS t0   WHERE t0.[TabName]=@0_t0_TabName

日志级别:[info]
日志位置:Git.Framework.Resource.ResourceManager
日志时间:2019/10/21 23:02:26
日志内容: SQL: SELECT COUNT(*) FROM [dbo].[Sequence] AS t0   WHERE t0.[TabName]=@0_t0_TabName

日志级别:[info]
日志位置:Git.Framework.Resource.ResourceManager
日志时间:2019/10/21 23:02:27
日志内容: SQL: SELECT COUNT(*) FROM [dbo].[Sequence] AS t0   WHERE t0.[TabName]=@0_t0_TabName

日志级别:[info]
日志位置:Git.Framework.Resource.ResourceManager
日志时间:2019/10/21 23:02:29
日志内容: SQL: SELECT COUNT(*) FROM [dbo].[Sequence] AS t0   WHERE t0.[TabName]=@0_t0_TabName

日志级别:[info]
日志位置:Git.Framework.Resource.ResourceManager
日志时间:2019/10/21 23:02:32
日志内容: SQL: SELECT COUNT(*) FROM [dbo].[Sequence] AS t0   WHERE t0.[TabName]=@0_t0_TabName

日志级别:[info]
日志位置:Git.Framework.Resource.ResourceManager
日志时间:2019/10/21 23:02:34
日志内容: SQL: SELECT COUNT(*) FROM [dbo].[Sequence] AS t0   WHERE t0.[TabName]=@0_t0_TabName

日志级别:[info]
日志位置:Git.Framework.Resource.ResourceManager
日志时间:2019/10/21 23:02:35
日志内容: SQL: SELECT COUNT(*) FROM [dbo].[Sequence] AS t0   WHERE t0.[TabName]=@0_t0_TabName

日志级别:[info]
日志位置:Git.Framework.Resource.ResourceManager
日志时间:2019/10/21 23:02:35
日志内容: SQL: SELECT COUNT(*) FROM [dbo].[Sequence] AS t0   WHERE t0.[TabName]=@0_t0_TabName

日志级别:[info]
日志位置:Git.Framework.Resource.ResourceManager
日志时间:2019/10/21 23:02:37
日志内容: SQL: SELECT COUNT(*) FROM [dbo].[Sequence] AS t0   WHERE t0.[TabName]=@0_t0_TabName

日志级别:[info]
日志位置:Git.Framework.Resource.ResourceManager
日志时间:2019/10/21 23:02:38
日志内容: SQL: SELECT COUNT(*) FROM [dbo].[Sequence] AS t0   WHERE t0.[TabName]=@0_t0_TabName

日志级别:[info]
日志位置:Git.Framework.Resource.ResourceManager
日志时间:2019/10/21 23:02:39
日志内容: SQL: SELECT COUNT(*) FROM [dbo].[Sequence] AS t0   WHERE t0.[TabName]=@0_t0_TabName

日志级别:[info]
日志位置:Git.Framework.Resource.ResourceManager
日志时间:2019/10/21 23:02:40
日志内容: SQL: SELECT COUNT(*) FROM [dbo].[Sequence] AS t0   WHERE t0.[TabName]=@0_t0_TabName

日志级别:[info]
日志位置:Git.Framework.Resource.ResourceManager
日志时间:2019/10/21 23:02:40
日志内容: SQL: SELECT COUNT(*) FROM [dbo].[Sequence] AS t0   WHERE t0.[TabName]=@0_t0_TabName

日志级别:[info]
日志位置:Git.Framework.Resource.ResourceManager
日志时间:2019/10/21 23:02:41
日志内容: SQL: SELECT COUNT(*) FROM [dbo].[Sequence] AS t0   WHERE t0.[TabName]=@0_t0_TabName

日志级别:[info]
日志位置:Git.Framework.Resource.ResourceManager
日志时间:2019/10/21 23:02:42
日志内容: SQL: SELECT COUNT(*) FROM [dbo].[Sequence] AS t0   WHERE t0.[TabName]=@0_t0_TabName

日志级别:[info]
日志位置:Git.Framework.Resource.ResourceManager
日志时间:2019/10/21 23:02:46
日志内容: SQL: SELECT COUNT(*) FROM [dbo].[Sequence] AS t0   WHERE t0.[TabName]=@0_t0_TabName

日志级别:[info]
日志位置:Git.Framework.Resource.ResourceManager
日志时间:2019/10/21 23:02:46
日志内容: SQL: SELECT COUNT(*) FROM [dbo].[Sequence] AS t0   WHERE t0.[TabName]=@0_t0_TabName

日志级别:[info]
日志位置:Git.Framework.Resource.ResourceManager
日志时间:2019/10/21 23:02:47
日志内容: SQL: SELECT COUNT(*) FROM [dbo].[Sequence] AS t0   WHERE t0.[TabName]=@0_t0_TabName

日志级别:[info]
日志位置:Git.Framework.Resource.ResourceManager
日志时间:2019/10/21 23:02:48
日志内容: SQL: SELECT COUNT(*) FROM [dbo].[Sequence] AS t0   WHERE t0.[TabName]=@0_t0_TabName

日志级别:[info]
日志位置:Git.Framework.Resource.ResourceManager
日志时间:2019/10/21 23:02:49
日志内容: SQL: SELECT COUNT(*) FROM [dbo].[Sequence] AS t0   WHERE t0.[TabName]=@0_t0_TabName

日志级别:[info]
日志位置:Git.Framework.Resource.ResourceManager
日志时间:2019/10/21 23:02:51
日志内容: SQL: SELECT COUNT(*) FROM [dbo].[Sequence] AS t0   WHERE t0.[TabName]=@0_t0_TabName

日志级别:[info]
日志位置:Git.Framework.Resource.ResourceManager
日志时间:2019/10/21 23:02:51
日志内容: SQL: SELECT COUNT(*) FROM [dbo].[Sequence] AS t0   WHERE t0.[TabName]=@0_t0_TabName

日志级别:[info]
日志位置:Git.Framework.Resource.ResourceManager
日志时间:2019/10/21 23:02:54
日志内容: SQL: SELECT COUNT(*) FROM [dbo].[Sequence] AS t0   WHERE t0.[TabName]=@0_t0_TabName

日志级别:[info]
日志位置:Git.Framework.Resource.ResourceManager
日志时间:2019/10/21 23:02:56
日志内容: SQL: SELECT * FROM [dbo].[Storage]

