日志级别:[info]
日志位置:Git.Framework.Resource.ResourceManager
日志时间:2019/6/5 20:20:13
日志内容:FilePath:C:\01WebSite\GitA021MVC5仓库管理系统\Configs\Data\DbCommandFiles.config

日志级别:[info]
日志位置:Git.Framework.Resource.ResourceManager
日志时间:2019/6/5 20:20:13
日志内容:反序列化:C:\01WebSite\GitA021MVC5仓库管理系统\Configs\Data\DbCommandFiles.config

日志级别:[info]
日志位置:Git.Framework.Resource.ResourceManager
日志时间:2019/6/5 20:20:27
日志内容:config files length:2

日志级别:[info]
日志位置:Git.Framework.Resource.ResourceManager
日志时间:2019/6/5 20:20:27
日志内容:fileName:C:\01WebSite\GitA021MVC5仓库管理系统\Configs\Data\DbCommonCommand.config

日志级别:[info]
日志位置:Git.Framework.Resource.ResourceManager
日志时间:2019/6/5 20:20:28
日志内容:反序列化:C:\01WebSite\GitA021MVC5仓库管理系统\Configs\Data\DbCommonCommand.config

日志级别:[info]
日志位置:Git.Framework.Resource.ResourceManager
日志时间:2019/6/5 20:20:40
日志内容:fileName:C:\01WebSite\GitA021MVC5仓库管理系统\Configs\Data\DbReportCommand.config

日志级别:[info]
日志位置:Git.Framework.Resource.ResourceManager
日志时间:2019/6/5 20:20:40
日志内容:反序列化:C:\01WebSite\GitA021MVC5仓库管理系统\Configs\Data\DbReportCommand.config

日志级别:[info]
日志位置:Git.Framework.Resource.ResourceManager
日志时间:2019/6/5 20:20:42
日志内容:databaseFolder:C:\01WebSite\GitA021MVC5仓库管理系统\Configs\Data

日志级别:[info]
日志位置:Git.Framework.Resource.ResourceManager
日志时间:2019/6/5 20:20:42
日志内容:databaseFile:Database.config

日志级别:[info]
日志位置:Git.Framework.Resource.ResourceManager
日志时间:2019/6/5 20:20:42
日志内容:反序列化:C:\01WebSite\GitA021MVC5仓库管理系统\Configs\Data\Database.config

日志级别:[info]
日志位置:Git.Framework.Resource.ResourceManager
日志时间:2019/6/5 20:20:42
日志内容:instance.ConnectionString:Server=.;database=JooWMS;user id=sa;Password=lvcc

日志级别:[info]
日志位置:Git.Framework.Resource.ResourceManager
日志时间:2019/6/5 20:21:24
日志内容: SQL: SELECT COUNT(*) FROM [dbo].[Sequence] AS t0   WHERE t0.[TabName]=@0_t0_TabName

日志级别:[info]
日志位置:Git.Framework.Resource.ResourceManager
日志时间:2019/6/5 20:21:25
日志内容: SQL: SELECT COUNT(*) FROM [dbo].[Sequence] AS t0   WHERE t0.[TabName]=@0_t0_TabName

日志级别:[info]
日志位置:Git.Framework.Resource.ResourceManager
日志时间:2019/6/5 20:21:26
日志内容: SQL: SELECT COUNT(*) FROM [dbo].[Sequence] AS t0   WHERE t0.[TabName]=@0_t0_TabName

日志级别:[info]
日志位置:Git.Framework.Resource.ResourceManager
日志时间:2019/6/5 20:21:27
日志内容: SQL: SELECT COUNT(*) FROM [dbo].[Sequence] AS t0   WHERE t0.[TabName]=@0_t0_TabName

日志级别:[info]
日志位置:Git.Framework.Resource.ResourceManager
日志时间:2019/6/5 20:21:28
日志内容: SQL: SELECT COUNT(*) FROM [dbo].[Sequence] AS t0   WHERE t0.[TabName]=@0_t0_TabName

日志级别:[info]
日志位置:Git.Framework.Resource.ResourceManager
日志时间:2019/6/5 20:21:29
日志内容: SQL: SELECT COUNT(*) FROM [dbo].[Sequence] AS t0   WHERE t0.[TabName]=@0_t0_TabName

日志级别:[info]
日志位置:Git.Framework.Resource.ResourceManager
日志时间:2019/6/5 20:21:30
日志内容: SQL: SELECT COUNT(*) FROM [dbo].[Sequence] AS t0   WHERE t0.[TabName]=@0_t0_TabName

日志级别:[info]
日志位置:Git.Framework.Resource.ResourceManager
日志时间:2019/6/5 20:21:31
日志内容: SQL: SELECT COUNT(*) FROM [dbo].[Sequence] AS t0   WHERE t0.[TabName]=@0_t0_TabName

日志级别:[info]
日志位置:Git.Framework.Resource.ResourceManager
日志时间:2019/6/5 20:21:31
日志内容: SQL: SELECT COUNT(*) FROM [dbo].[Sequence] AS t0   WHERE t0.[TabName]=@0_t0_TabName

日志级别:[info]
日志位置:Git.Framework.Resource.ResourceManager
日志时间:2019/6/5 20:21:32
日志内容: SQL: SELECT COUNT(*) FROM [dbo].[Sequence] AS t0   WHERE t0.[TabName]=@0_t0_TabName

日志级别:[info]
日志位置:Git.Framework.Resource.ResourceManager
日志时间:2019/6/5 20:21:33
日志内容: SQL: SELECT COUNT(*) FROM [dbo].[Sequence] AS t0   WHERE t0.[TabName]=@0_t0_TabName

日志级别:[info]
日志位置:Git.Framework.Resource.ResourceManager
日志时间:2019/6/5 20:21:34
日志内容: SQL: SELECT COUNT(*) FROM [dbo].[Sequence] AS t0   WHERE t0.[TabName]=@0_t0_TabName

日志级别:[info]
日志位置:Git.Framework.Resource.ResourceManager
日志时间:2019/6/5 20:21:35
日志内容: SQL: SELECT COUNT(*) FROM [dbo].[Sequence] AS t0   WHERE t0.[TabName]=@0_t0_TabName

日志级别:[info]
日志位置:Git.Framework.Resource.ResourceManager
日志时间:2019/6/5 20:21:36
日志内容: SQL: SELECT COUNT(*) FROM [dbo].[Sequence] AS t0   WHERE t0.[TabName]=@0_t0_TabName

日志级别:[info]
日志位置:Git.Framework.Resource.ResourceManager
日志时间:2019/6/5 20:21:37
日志内容: SQL: SELECT COUNT(*) FROM [dbo].[Sequence] AS t0   WHERE t0.[TabName]=@0_t0_TabName

日志级别:[info]
日志位置:Git.Framework.Resource.ResourceManager
日志时间:2019/6/5 20:21:37
日志内容: SQL: SELECT COUNT(*) FROM [dbo].[Sequence] AS t0   WHERE t0.[TabName]=@0_t0_TabName

日志级别:[info]
日志位置:Git.Framework.Resource.ResourceManager
日志时间:2019/6/5 20:21:38
日志内容: SQL: SELECT COUNT(*) FROM [dbo].[Sequence] AS t0   WHERE t0.[TabName]=@0_t0_TabName

日志级别:[info]
日志位置:Git.Framework.Resource.ResourceManager
日志时间:2019/6/5 20:21:38
日志内容: SQL: SELECT COUNT(*) FROM [dbo].[Sequence] AS t0   WHERE t0.[TabName]=@0_t0_TabName

日志级别:[info]
日志位置:Git.Framework.Resource.ResourceManager
日志时间:2019/6/5 20:21:40
日志内容: SQL: SELECT COUNT(*) FROM [dbo].[Sequence] AS t0   WHERE t0.[TabName]=@0_t0_TabName

日志级别:[info]
日志位置:Git.Framework.Resource.ResourceManager
日志时间:2019/6/5 20:21:41
日志内容: SQL: SELECT COUNT(*) FROM [dbo].[Sequence] AS t0   WHERE t0.[TabName]=@0_t0_TabName

日志级别:[info]
日志位置:Git.Framework.Resource.ResourceManager
日志时间:2019/6/5 20:21:42
日志内容: SQL: SELECT COUNT(*) FROM [dbo].[Sequence] AS t0   WHERE t0.[TabName]=@0_t0_TabName

日志级别:[info]
日志位置:Git.Framework.Resource.ResourceManager
日志时间:2019/6/5 20:21:43
日志内容: SQL: SELECT COUNT(*) FROM [dbo].[Sequence] AS t0   WHERE t0.[TabName]=@0_t0_TabName

日志级别:[info]
日志位置:Git.Framework.Resource.ResourceManager
日志时间:2019/6/5 20:21:43
日志内容: SQL: SELECT COUNT(*) FROM [dbo].[Sequence] AS t0   WHERE t0.[TabName]=@0_t0_TabName

日志级别:[info]
日志位置:Git.Framework.Resource.ResourceManager
日志时间:2019/6/5 20:21:44
日志内容: SQL: SELECT COUNT(*) FROM [dbo].[Sequence] AS t0   WHERE t0.[TabName]=@0_t0_TabName

日志级别:[info]
日志位置:Git.Framework.Resource.ResourceManager
日志时间:2019/6/5 20:21:44
日志内容: SQL: SELECT COUNT(*) FROM [dbo].[Sequence] AS t0   WHERE t0.[TabName]=@0_t0_TabName

日志级别:[info]
日志位置:Git.Framework.Resource.ResourceManager
日志时间:2019/6/5 20:21:45
日志内容: SQL: SELECT COUNT(*) FROM [dbo].[Sequence] AS t0   WHERE t0.[TabName]=@0_t0_TabName

日志级别:[info]
日志位置:Git.Framework.Resource.ResourceManager
日志时间:2019/6/5 20:21:45
日志内容: SQL: SELECT COUNT(*) FROM [dbo].[Sequence] AS t0   WHERE t0.[TabName]=@0_t0_TabName

日志级别:[info]
日志位置:Git.Framework.Resource.ResourceManager
日志时间:2019/6/5 20:21:46
日志内容: SQL: SELECT COUNT(*) FROM [dbo].[Sequence] AS t0   WHERE t0.[TabName]=@0_t0_TabName

日志级别:[info]
日志位置:Git.Framework.Resource.ResourceManager
日志时间:2019/6/5 20:21:47
日志内容: SQL: SELECT COUNT(*) FROM [dbo].[Sequence] AS t0   WHERE t0.[TabName]=@0_t0_TabName

日志级别:[info]
日志位置:Git.Framework.Resource.ResourceManager
日志时间:2019/6/5 20:21:47
日志内容: SQL: SELECT COUNT(*) FROM [dbo].[Sequence] AS t0   WHERE t0.[TabName]=@0_t0_TabName

日志级别:[info]
日志位置:Git.Framework.Resource.ResourceManager
日志时间:2019/6/5 20:21:48
日志内容: SQL: SELECT COUNT(*) FROM [dbo].[Sequence] AS t0   WHERE t0.[TabName]=@0_t0_TabName

日志级别:[info]
日志位置:Git.Framework.Resource.ResourceManager
日志时间:2019/6/5 20:21:49
日志内容: SQL: SELECT COUNT(*) FROM [dbo].[Sequence] AS t0   WHERE t0.[TabName]=@0_t0_TabName

日志级别:[info]
日志位置:Git.Framework.Resource.ResourceManager
日志时间:2019/6/5 20:21:49
日志内容: SQL: SELECT COUNT(*) FROM [dbo].[Sequence] AS t0   WHERE t0.[TabName]=@0_t0_TabName

日志级别:[info]
日志位置:Git.Framework.Resource.ResourceManager
日志时间:2019/6/5 20:21:49
日志内容: SQL: SELECT COUNT(*) FROM [dbo].[Sequence] AS t0   WHERE t0.[TabName]=@0_t0_TabName

日志级别:[info]
日志位置:Git.Framework.Resource.ResourceManager
日志时间:2019/6/5 20:21:50
日志内容: SQL: SELECT COUNT(*) FROM [dbo].[Sequence] AS t0   WHERE t0.[TabName]=@0_t0_TabName

日志级别:[info]
日志位置:Git.Framework.Resource.ResourceManager
日志时间:2019/6/5 20:21:50
日志内容: SQL: SELECT COUNT(*) FROM [dbo].[Sequence] AS t0   WHERE t0.[TabName]=@0_t0_TabName

日志级别:[info]
日志位置:Git.Framework.Resource.ResourceManager
日志时间:2019/6/5 20:21:53
日志内容: SQL: SELECT * FROM [dbo].[Storage]

